{"meta": {"format": 3, "version": "7.13.0", "timestamp": "2025-12-09T15:50:10.733473", "branch_coverage": true, "show_contexts": false}, "files": {"src/__init__.py": {"executed_lines": [1], "summary": {"covered_lines": 0, "num_statements": 0, "percent_covered": 100.0, "percent_covered_display": "100.00", "missing_lines": 0, "excluded_lines": 0, "percent_statements_covered": 100.0, "percent_statements_covered_display": "100.00", "num_branches": 0, "num_partial_branches": 0, "covered_branches": 0, "missing_branches": 0, "percent_branches_covered": 100.0, "percent_branches_covered_display": "100.00"}, "missing_lines": [], "excluded_lines": [], "executed_branches": [], "missing_branches": [], "functions": {"": {"executed_lines": [1], "summary": {"covered_lines": 0, "num_statements": 0, "percent_covered": 100.0, "percent_covered_display": "100.00", "missing_lines": 0, "excluded_lines": 0, "percent_statements_covered": 100.0, "percent_statements_covered_display": "100.00", "num_branches": 0, "num_partial_branches": 0, "covered_branches": 0, "missing_branches": 0, "percent_branches_covered": 100.0, "percent_branches_covered_display": "100.00"}, "missing_lines": [], "excluded_lines": [], "executed_branches": [], "missing_branches": []}}, "classes": {"": {"executed_lines": [1], "summary": {"covered_lines": 0, "num_statements": 0, "percent_covered": 100.0, "percent_covered_display": "100.00", "missing_lines": 0, "excluded_lines": 0, "percent_statements_covered": 100.0, "percent_statements_covered_display": "100.00", "num_branches": 0, "num_partial_branches": 0, "covered_branches": 0, "missing_branches": 0, "percent_branches_covered": 100.0, "percent_branches_covered_display": "100.00"}, "missing_lines": [], "excluded_lines": [], "executed_branches": [], "missing_branches": []}}}, "src/agents/__init__.py": {"executed_lines": [1, 15, 23, 24, 29, 39, 48], "summary": {"covered_lines": 6, "num_statements": 6, "percent_covered": 100.0, "percent_covered_display": "100.00", "missing_lines": 0, "excluded_lines": 0, "percent_statements_covered": 100.0, "percent_statements_covered_display": "100.00", "num_branches": 0, "num_partial_branches": 0, "covered_branches": 0, "missing_branches": 0, "percent_branches_covered": 100.0, "percent_branches_covered_display": "100.00"}, "missing_lines": [], "excluded_lines": [], "executed_branches": [], "missing_branches": [], "functions": {"": {"executed_lines": [1, 15, 23, 24, 29, 39, 48], "summary": {"covered_lines": 6, "num_statements": 6, "percent_covered": 100.0, "percent_covered_display": "100.00", "missing_lines": 0, "excluded_lines": 0, "percent_statements_covered": 100.0, "percent_statements_covered_display": "100.00", "num_branches": 0, "num_partial_branches": 0, "covered_branches": 0, "missing_branches": 0, "percent_branches_covered": 100.0, "percent_branches_covered_display": "100.00"}, "missing_lines": [], "excluded_lines": [], "executed_branches": [], "missing_branches": []}}, "classes": {"": {"executed_lines": [1, 15, 23, 24, 29, 39, 48], "summary": {"covered_lines": 6, "num_statements": 6, "percent_covered": 100.0, "percent_covered_display": "100.00", "missing_lines": 0, "excluded_lines": 0, "percent_statements_covered": 100.0, "percent_statements_covered_display": "100.00", "num_branches": 0, "num_partial_branches": 0, "covered_branches": 0, "missing_branches": 0, "percent_branches_covered": 100.0, "percent_branches_covered_display": "100.00"}, "missing_lines": [], "excluded_lines": [], "executed_branches": [], "missing_branches": []}}}, "src/agents/base.py": {"executed_lines": [1, 11, 12, 13, 15, 16, 19, 20, 22, 28, 29, 31, 37, 40, 41, 47, 48, 53, 56, 59, 61, 65, 66, 67, 68, 70, 74, 75, 76, 80, 83, 84, 93, 94, 95, 96, 97, 100, 101, 104, 105, 106, 108, 109, 112, 133, 137, 138, 141, 156, 157, 158, 159, 162, 163, 164, 169, 171, 179, 200, 202, 225, 226, 235, 238, 239, 294, 309, 311, 335, 336, 344], "summary": {"covered_lines": 68, "num_statements": 87, "percent_covered": 72.89719626168224, "percent_covered_display": "72.90", "missing_lines": 19, "excluded_lines": 8, "percent_statements_covered": 78.16091954022988, "percent_statements_covered_display": "78.16", "num_branches": 20, "num_partial_branches": 4, "covered_branches": 10, "missing_branches": 10, "percent_branches_covered": 50.0, "percent_branches_covered_display": "50.00"}, "missing_lines": [62, 63, 134, 135, 228, 230, 231, 233, 259, 260, 262, 263, 264, 288, 291, 338, 339, 340, 342], "excluded_lines": [23, 24, 25, 32, 33, 34, 47, 48], "executed_branches": [[61, 65], [66, 67], [66, 70], [133, 137], [157, 158], [158, 159], [158, 162], [162, 163], [162, 169], [163, 164]], "missing_branches": [[61, 62], [133, 134], [157, 169], [163, 169], [230, 231], [230, 233], [262, 263], [262, 291], [338, 339], [338, 342]], "functions": {"configure_logfire": {"executed_lines": [61, 65, 66, 67, 68, 70, 74, 75, 76], "summary": {"covered_lines": 9, "num_statements": 11, "percent_covered": 80.0, "percent_covered_display": "80.00", "missing_lines": 2, "excluded_lines": 0, "percent_statements_covered": 81.81818181818181, "percent_statements_covered_display": "81.82", "num_branches": 4, "num_partial_branches": 1, "covered_branches": 3, "missing_branches": 1, "percent_branches_covered": 75.0, "percent_branches_covered_display": "75.00"}, "missing_lines": [62, 63], "excluded_lines": [], "executed_branches": [[61, 65], [66, 67], [66, 70]], "missing_branches": [[61, 62]]}, "create_mcp_connection": {"executed_lines": [133, 137, 138], "summary": {"covered_lines": 3, "num_statements": 5, "percent_covered": 57.142857142857146, "percent_covered_display": "57.14", "missing_lines": 2, "excluded_lines": 0, "percent_statements_covered": 60.0, "percent_statements_covered_display": "60.00", "num_branches": 2, "num_partial_branches": 1, "covered_branches": 1, "missing_branches": 1, "percent_branches_covered": 50.0, "percent_branches_covered_display": "50.00"}, "missing_lines": [134, 135], "excluded_lines": [], "executed_branches": [[133, 137]], "missing_branches": [[133, 134]]}, "confidence_validator": {"executed_lines": [156, 171], "summary": {"covered_lines": 2, "num_statements": 2, "percent_covered": 100.0, "percent_covered_display": "100.00", "missing_lines": 0, "excluded_lines": 0, "percent_statements_covered": 100.0, "percent_statements_covered_display": "100.00", "num_branches": 0, "num_partial_branches": 0, "covered_branches": 0, "missing_branches": 0, "percent_branches_covered": 100.0, "percent_branches_covered_display": "100.00"}, "missing_lines": [], "excluded_lines": [], "executed_branches": [], "missing_branches": []}, "confidence_validator.validator": {"executed_lines": [157, 158, 159, 162, 163, 164, 169], "summary": {"covered_lines": 7, "num_statements": 7, "percent_covered": 86.66666666666667, "percent_covered_display": "86.67", "missing_lines": 0, "excluded_lines": 0, "percent_statements_covered": 100.0, "percent_statements_covered_display": "100.00", "num_branches": 8, "num_partial_branches": 2, "covered_branches": 6, "missing_branches": 2, "percent_branches_covered": 75.0, "percent_branches_covered_display": "75.00"}, "missing_lines": [], "excluded_lines": [], "executed_branches": [[157, 158], [158, 159], [158, 162], [162, 163], [162, 169], [163, 164]], "missing_branches": [[157, 169], [163, 169]]}, "create_deployment_agent": {"executed_lines": [200, 202, 225, 226, 235], "summary": {"covered_lines": 5, "num_statements": 5, "percent_covered": 100.0, "percent_covered_display": "100.00", "missing_lines": 0, "excluded_lines": 0, "percent_statements_covered": 100.0, "percent_statements_covered_display": "100.00", "num_branches": 0, "num_partial_branches": 0, "covered_branches": 0, "missing_branches": 0, "percent_branches_covered": 100.0, "percent_branches_covered_display": "100.00"}, "missing_lines": [], "excluded_lines": [], "executed_branches": [], "missing_branches": []}, "create_deployment_agent.validate_confidence": {"executed_lines": [], "summary": {"covered_lines": 0, "num_statements": 4, "percent_covered": 0.0, "percent_covered_display": "0.00", "missing_lines": 4, "excluded_lines": 0, "percent_statements_covered": 0.0, "percent_statements_covered_display": "0.00", "num_branches": 2, "num_partial_branches": 0, "covered_branches": 0, "missing_branches": 2, "percent_branches_covered": 0.0, "percent_branches_covered_display": "0.00"}, "missing_lines": [228, 230, 231, 233], "excluded_lines": [], "executed_branches": [], "missing_branches": [[230, 231], [230, 233]]}, "create_deployment_agent_with_mcp": {"executed_lines": [], "summary": {"covered_lines": 0, "num_statements": 7, "percent_covered": 0.0, "percent_covered_display": "0.00", "missing_lines": 7, "excluded_lines": 0, "percent_statements_covered": 0.0, "percent_statements_covered_display": "0.00", "num_branches": 2, "num_partial_branches": 0, "covered_branches": 0, "missing_branches": 2, "percent_branches_covered": 0.0, "percent_branches_covered_display": "0.00"}, "missing_lines": [259, 260, 262, 263, 264, 288, 291], "excluded_lines": [], "executed_branches": [], "missing_branches": [[262, 263], [262, 291]]}, "create_task_agent": {"executed_lines": [309, 311, 335, 336, 344], "summary": {"covered_lines": 5, "num_statements": 5, "percent_covered": 100.0, "percent_covered_display": "100.00", "missing_lines": 0, "excluded_lines": 0, "percent_statements_covered": 100.0, "percent_statements_covered_display": "100.00", "num_branches": 0, "num_partial_branches": 0, "covered_branches": 0, "missing_branches": 0, "percent_branches_covered": 100.0, "percent_branches_covered_display": "100.00"}, "missing_lines": [], "excluded_lines": [], "executed_branches": [], "missing_branches": []}, "create_task_agent.validate_task_result": {"executed_lines": [], "summary": {"covered_lines": 0, "num_statements": 4, "percent_covered": 0.0, "percent_covered_display": "0.00", "missing_lines": 4, "excluded_lines": 0, "percent_statements_covered": 0.0, "percent_statements_covered_display": "0.00", "num_branches": 2, "num_partial_branches": 0, "covered_branches": 0, "missing_branches": 2, "percent_branches_covered": 0.0, "percent_branches_covered_display": "0.00"}, "missing_lines": [338, 339, 340, 342], "excluded_lines": [], "executed_branches": [], "missing_branches": [[338, 339], [338, 342]]}, "": {"executed_lines": [1, 11, 12, 13, 15, 16, 19, 20, 22, 28, 29, 31, 37, 40, 41, 47, 48, 53, 56, 59, 80, 83, 84, 93, 94, 95, 96, 97, 100, 101, 104, 105, 106, 108, 109, 112, 141, 179, 238, 239, 294], "summary": {"covered_lines": 37, "num_statements": 37, "percent_covered": 100.0, "percent_covered_display": "100.00", "missing_lines": 0, "excluded_lines": 8, "percent_statements_covered": 100.0, "percent_statements_covered_display": "100.00", "num_branches": 0, "num_partial_branches": 0, "covered_branches": 0, "missing_branches": 0, "percent_branches_covered": 100.0, "percent_branches_covered_display": "100.00"}, "missing_lines": [], "excluded_lines": [23, 24, 25, 32, 33, 34, 47, 48], "executed_branches": [], "missing_branches": []}}, "classes": {"AgentDependencies": {"executed_lines": [], "summary": {"covered_lines": 0, "num_statements": 0, "percent_covered": 100.0, "percent_covered_display": "100.00", "missing_lines": 0, "excluded_lines": 0, "percent_statements_covered": 100.0, "percent_statements_covered_display": "100.00", "num_branches": 0, "num_partial_branches": 0, "covered_branches": 0, "missing_branches": 0, "percent_branches_covered": 100.0, "percent_branches_covered_display": "100.00"}, "missing_lines": [], "excluded_lines": [], "executed_branches": [], "missing_branches": []}, "AgentDependencies.Config": {"executed_lines": [], "summary": {"covered_lines": 0, "num_statements": 0, "percent_covered": 100.0, "percent_covered_display": "100.00", "missing_lines": 0, "excluded_lines": 0, "percent_statements_covered": 100.0, "percent_statements_covered_display": "100.00", "num_branches": 0, "num_partial_branches": 0, "covered_branches": 0, "missing_branches": 0, "percent_branches_covered": 100.0, "percent_branches_covered_display": "100.00"}, "missing_lines": [], "excluded_lines": [], "executed_branches": [], "missing_branches": []}, "": {"executed_lines": [1, 11, 12, 13, 15, 16, 19, 20, 22, 28, 29, 31, 37, 40, 41, 47, 48, 53, 56, 59, 61, 65, 66, 67, 68, 70, 74, 75, 76, 80, 83, 84, 93, 94, 95, 96, 97, 100, 101, 104, 105, 106, 108, 109, 112, 133, 137, 138, 141, 156, 157, 158, 159, 162, 163, 164, 169, 171, 179, 200, 202, 225, 226, 235, 238, 239, 294, 309, 311, 335, 336, 344], "summary": {"covered_lines": 68, "num_statements": 87, "percent_covered": 72.89719626168224, "percent_covered_display": "72.90", "missing_lines": 19, "excluded_lines": 8, "percent_statements_covered": 78.16091954022988, "percent_statements_covered_display": "78.16", "num_branches": 20, "num_partial_branches": 4, "covered_branches": 10, "missing_branches": 10, "percent_branches_covered": 50.0, "percent_branches_covered_display": "50.00"}, "missing_lines": [62, 63, 134, 135, 228, 230, 231, 233, 259, 260, 262, 263, 264, 288, 291, 338, 339, 340, 342], "excluded_lines": [23, 24, 25, 32, 33, 34, 47, 48], "executed_branches": [[61, 65], [66, 67], [66, 70], [133, 137], [157, 158], [158, 159], [158, 162], [162, 163], [162, 169], [163, 164]], "missing_branches": [[61, 62], [133, 134], [157, 169], [163, 169], [230, 231], [230, 233], [262, 263], [262, 291], [338, 339], [338, 342]]}}}, "src/agents/context.py": {"executed_lines": [1, 13, 14, 15, 16, 17, 18, 19, 21, 24, 25, 26, 28, 29, 30, 31, 34, 35, 36, 38, 39, 40, 41, 44, 45, 55, 57, 58, 59, 60, 61, 63, 64, 67, 68, 69, 70, 71, 72, 74, 101, 128, 217, 238, 282, 344, 410, 473, 514, 574, 641, 654, 657, 662], "summary": {"covered_lines": 50, "num_statements": 285, "percent_covered": 13.436692506459949, "percent_covered_display": "13.44", "missing_lines": 235, "excluded_lines": 0, "percent_statements_covered": 17.54385964912281, "percent_statements_covered_display": "17.54", "num_branches": 102, "num_partial_branches": 2, "covered_branches": 2, "missing_branches": 100, "percent_branches_covered": 1.9607843137254901, "percent_branches_covered_display": "1.96"}, "missing_lines": [65, 91, 92, 95, 96, 98, 99, 103, 104, 107, 108, 109, 110, 111, 112, 113, 114, 115, 118, 119, 120, 121, 122, 125, 126, 130, 132, 133, 135, 136, 137, 138, 141, 142, 143, 144, 146, 149, 150, 151, 152, 153, 156, 157, 160, 162, 163, 164, 166, 168, 183, 185, 186, 188, 189, 190, 193, 194, 196, 197, 198, 200, 203, 205, 206, 207, 209, 210, 212, 214, 215, 219, 220, 221, 222, 224, 225, 226, 227, 228, 229, 231, 233, 234, 236, 259, 260, 261, 266, 267, 268, 269, 270, 276, 277, 280, 289, 290, 291, 292, 294, 295, 298, 301, 302, 304, 305, 306, 308, 309, 312, 313, 316, 317, 319, 320, 322, 323, 326, 327, 329, 330, 331, 333, 340, 341, 342, 359, 360, 367, 369, 370, 375, 378, 379, 380, 381, 384, 385, 386, 387, 388, 389, 390, 391, 392, 394, 401, 402, 403, 428, 430, 431, 432, 434, 435, 436, 440, 441, 443, 444, 446, 447, 449, 452, 453, 454, 456, 466, 467, 469, 470, 471, 483, 485, 486, 487, 489, 490, 492, 496, 497, 499, 510, 511, 512, 527, 530, 533, 534, 535, 536, 539, 540, 543, 544, 547, 548, 549, 550, 551, 552, 553, 554, 555, 556, 557, 558, 559, 560, 562, 563, 571, 572, 594, 596, 597, 598, 599, 600, 602, 605, 607, 613, 614, 616, 617, 618, 619, 620, 622, 643, 659, 672, 677], "excluded_lines": [], "executed_branches": [[58, 59], [64, 67]], "missing_branches": [[58, 61], [64, 65], [95, 96], [95, 98], [103, 104], [103, 107], [108, 109], [108, 118], [110, 111], [110, 118], [119, 120], [119, 125], [136, 137], [136, 141], [142, 143], [142, 146], [150, 151], [150, 188], [162, 150], [162, 163], [163, 164], [163, 166], [188, 189], [188, 193], [203, 205], [203, 212], [205, 206], [205, 209], [224, 225], [224, 233], [225, 226], [225, 231], [226, 227], [226, 228], [233, 234], [233, 236], [259, 260], [259, 280], [266, 267], [266, 280], [291, 292], [291, 294], [302, 304], [302, 326], [305, 306], [305, 308], [320, 302], [320, 322], [359, 360], [359, 367], [369, 370], [369, 375], [379, 380], [379, 384], [386, 387], [386, 394], [387, 388], [387, 390], [388, 386], [388, 389], [390, 386], [390, 391], [391, 386], [391, 392], [444, 446], [444, 466], [446, 447], [446, 449], [452, 453], [452, 456], [453, 454], [453, 456], [534, 535], [534, 571], [547, 548], [547, 549], [549, 550], [549, 551], [551, 552], [551, 553], [553, 554], [553, 555], [555, 556], [555, 557], [557, 558], [557, 559], [559, 560], [559, 562], [562, 534], [562, 563], [597, 598], [597, 599], [599, 600], [599, 602], [613, 614], [613, 616], [617, 618], [617, 622], [619, 620], [619, 622]], "functions": {"AgentContextManager.__new__": {"executed_lines": [58, 59, 60, 61], "summary": {"covered_lines": 4, "num_statements": 4, "percent_covered": 83.33333333333333, "percent_covered_display": "83.33", "missing_lines": 0, "excluded_lines": 0, "percent_statements_covered": 100.0, "percent_statements_covered_display": "100.00", "num_branches": 2, "num_partial_branches": 1, "covered_branches": 1, "missing_branches": 1, "percent_branches_covered": 50.0, "percent_branches_covered_display": "50.00"}, "missing_lines": [], "excluded_lines": [], "executed_branches": [[58, 59]], "missing_branches": [[58, 61]]}, "AgentContextManager.__init__": {"executed_lines": [64, 67, 68, 69, 70, 71, 72], "summary": {"covered_lines": 7, "num_statements": 8, "percent_covered": 80.0, "percent_covered_display": "80.00", "missing_lines": 1, "excluded_lines": 0, "percent_statements_covered": 87.5, "percent_statements_covered_display": "87.50", "num_branches": 2, "num_partial_branches": 1, "covered_branches": 1, "missing_branches": 1, "percent_branches_covered": 50.0, "percent_branches_covered_display": "50.00"}, "missing_lines": [65], "excluded_lines": [], "executed_branches": [[64, 67]], "missing_branches": [[64, 65]]}, "AgentContextManager.initialize": {"executed_lines": [], "summary": {"covered_lines": 0, "num_statements": 6, "percent_covered": 0.0, "percent_covered_display": "0.00", "missing_lines": 6, "excluded_lines": 0, "percent_statements_covered": 0.0, "percent_statements_covered_display": "0.00", "num_branches": 2, "num_partial_branches": 0, "covered_branches": 0, "missing_branches": 2, "percent_branches_covered": 0.0, "percent_branches_covered_display": "0.00"}, "missing_lines": [91, 92, 95, 96, 98, 99], "excluded_lines": [], "executed_branches": [], "missing_branches": [[95, 96], [95, 98]]}, "AgentContextManager._ensure_adrs_loaded": {"executed_lines": [], "summary": {"covered_lines": 0, "num_statements": 18, "percent_covered": 0.0, "percent_covered_display": "0.00", "missing_lines": 18, "excluded_lines": 0, "percent_statements_covered": 0.0, "percent_statements_covered_display": "0.00", "num_branches": 8, "num_partial_branches": 0, "covered_branches": 0, "missing_branches": 8, "percent_branches_covered": 0.0, "percent_branches_covered_display": "0.00"}, "missing_lines": [103, 104, 107, 108, 109, 110, 111, 112, 113, 114, 115, 118, 119, 120, 121, 122, 125, 126], "excluded_lines": [], "executed_branches": [], "missing_branches": [[103, 104], [103, 107], [108, 109], [108, 118], [110, 111], [110, 118], [119, 120], [119, 125]]}, "AgentContextManager._prepare_adr_documents": {"executed_lines": [], "summary": {"covered_lines": 0, "num_statements": 46, "percent_covered": 0.0, "percent_covered_display": "0.00", "missing_lines": 46, "excluded_lines": 0, "percent_statements_covered": 0.0, "percent_statements_covered_display": "0.00", "num_branches": 16, "num_partial_branches": 0, "covered_branches": 0, "missing_branches": 16, "percent_branches_covered": 0.0, "percent_branches_covered_display": "0.00"}, "missing_lines": [130, 132, 133, 135, 136, 137, 138, 141, 142, 143, 144, 146, 149, 150, 151, 152, 153, 156, 157, 160, 162, 163, 164, 166, 168, 183, 185, 186, 188, 189, 190, 193, 194, 196, 197, 198, 200, 203, 205, 206, 207, 209, 210, 212, 214, 215], "excluded_lines": [], "executed_branches": [], "missing_branches": [[136, 137], [136, 141], [142, 143], [142, 146], [150, 151], [150, 188], [162, 150], [162, 163], [163, 164], [163, 166], [188, 189], [188, 193], [203, 205], [203, 212], [205, 206], [205, 209]]}, "AgentContextManager._split_by_headers": {"executed_lines": [], "summary": {"covered_lines": 0, "num_statements": 14, "percent_covered": 0.0, "percent_covered_display": "0.00", "missing_lines": 14, "excluded_lines": 0, "percent_statements_covered": 0.0, "percent_statements_covered_display": "0.00", "num_branches": 8, "num_partial_branches": 0, "covered_branches": 0, "missing_branches": 8, "percent_branches_covered": 0.0, "percent_branches_covered_display": "0.00"}, "missing_lines": [219, 220, 221, 222, 224, 225, 226, 227, 228, 229, 231, 233, 234, 236], "excluded_lines": [], "executed_branches": [], "missing_branches": [[224, 225], [224, 233], [225, 226], [225, 231], [226, 227], [226, 228], [233, 234], [233, 236]]}, "AgentContextManager.query_rag": {"executed_lines": [], "summary": {"covered_lines": 0, "num_statements": 11, "percent_covered": 0.0, "percent_covered_display": "0.00", "missing_lines": 11, "excluded_lines": 0, "percent_statements_covered": 0.0, "percent_statements_covered_display": "0.00", "num_branches": 4, "num_partial_branches": 0, "covered_branches": 0, "missing_branches": 4, "percent_branches_covered": 0.0, "percent_branches_covered_display": "0.00"}, "missing_lines": [259, 260, 261, 266, 267, 268, 269, 270, 276, 277, 280], "excluded_lines": [], "executed_branches": [], "missing_branches": [[259, 260], [259, 280], [266, 267], [266, 280]]}, "AgentContextManager._keyword_search": {"executed_lines": [], "summary": {"covered_lines": 0, "num_statements": 31, "percent_covered": 0.0, "percent_covered_display": "0.00", "missing_lines": 31, "excluded_lines": 0, "percent_statements_covered": 0.0, "percent_statements_covered_display": "0.00", "num_branches": 8, "num_partial_branches": 0, "covered_branches": 0, "missing_branches": 8, "percent_branches_covered": 0.0, "percent_branches_covered_display": "0.00"}, "missing_lines": [289, 290, 291, 292, 294, 295, 298, 301, 302, 304, 305, 306, 308, 309, 312, 313, 316, 317, 319, 320, 322, 323, 326, 327, 329, 330, 331, 333, 340, 341, 342], "excluded_lines": [], "executed_branches": [], "missing_branches": [[291, 292], [291, 294], [302, 304], [302, 326], [305, 306], [305, 308], [320, 302], [320, 322]]}, "AgentContextManager.query_lineage": {"executed_lines": [], "summary": {"covered_lines": 0, "num_statements": 23, "percent_covered": 0.0, "percent_covered_display": "0.00", "missing_lines": 23, "excluded_lines": 0, "percent_statements_covered": 0.0, "percent_statements_covered_display": "0.00", "num_branches": 16, "num_partial_branches": 0, "covered_branches": 0, "missing_branches": 16, "percent_branches_covered": 0.0, "percent_branches_covered_display": "0.00"}, "missing_lines": [359, 360, 367, 369, 370, 375, 378, 379, 380, 381, 384, 385, 386, 387, 388, 389, 390, 391, 392, 394, 401, 402, 403], "excluded_lines": [], "executed_branches": [], "missing_branches": [[359, 360], [359, 367], [369, 370], [369, 375], [379, 380], [379, 384], [386, 387], [386, 394], [387, 388], [387, 390], [388, 386], [388, 389], [390, 386], [390, 391], [391, 386], [391, 392]]}, "AgentContextManager.query_available_dags": {"executed_lines": [], "summary": {"covered_lines": 0, "num_statements": 23, "percent_covered": 0.0, "percent_covered_display": "0.00", "missing_lines": 23, "excluded_lines": 0, "percent_statements_covered": 0.0, "percent_statements_covered_display": "0.00", "num_branches": 8, "num_partial_branches": 0, "covered_branches": 0, "missing_branches": 8, "percent_branches_covered": 0.0, "percent_branches_covered_display": "0.00"}, "missing_lines": [428, 430, 431, 432, 434, 435, 436, 440, 441, 443, 444, 446, 447, 449, 452, 453, 454, 456, 466, 467, 469, 470, 471], "excluded_lines": [], "executed_branches": [], "missing_branches": [[444, 446], [444, 466], [446, 447], [446, 449], [452, 453], [452, 456], [453, 454], [453, 456]]}, "AgentContextManager.get_dag_details": {"executed_lines": [], "summary": {"covered_lines": 0, "num_statements": 13, "percent_covered": 0.0, "percent_covered_display": "0.00", "missing_lines": 13, "excluded_lines": 0, "percent_statements_covered": 0.0, "percent_statements_covered_display": "0.00", "num_branches": 0, "num_partial_branches": 0, "covered_branches": 0, "missing_branches": 0, "percent_branches_covered": 100.0, "percent_branches_covered_display": "100.00"}, "missing_lines": [483, 485, 486, 487, 489, 490, 492, 496, 497, 499, 510, 511, 512], "excluded_lines": [], "executed_branches": [], "missing_branches": []}, "AgentContextManager.find_dag_for_task": {"executed_lines": [], "summary": {"covered_lines": 0, "num_statements": 28, "percent_covered": 0.0, "percent_covered_display": "0.00", "missing_lines": 28, "excluded_lines": 0, "percent_statements_covered": 0.0, "percent_statements_covered_display": "0.00", "num_branches": 18, "num_partial_branches": 0, "covered_branches": 0, "missing_branches": 18, "percent_branches_covered": 0.0, "percent_branches_covered_display": "0.00"}, "missing_lines": [527, 530, 533, 534, 535, 536, 539, 540, 543, 544, 547, 548, 549, 550, 551, 552, 553, 554, 555, 556, 557, 558, 559, 560, 562, 563, 571, 572], "excluded_lines": [], "executed_branches": [], "missing_branches": [[534, 535], [534, 571], [547, 548], [547, 549], [549, 550], [549, 551], [551, 552], [551, 553], [553, 554], [553, 555], [555, 556], [555, 557], [557, 558], [557, 559], [559, 560], [559, 562], [562, 534], [562, 563]]}, "AgentContextManager.get_context_for_task": {"executed_lines": [], "summary": {"covered_lines": 0, "num_statements": 17, "percent_covered": 0.0, "percent_covered_display": "0.00", "missing_lines": 17, "excluded_lines": 0, "percent_statements_covered": 0.0, "percent_statements_covered_display": "0.00", "num_branches": 10, "num_partial_branches": 0, "covered_branches": 0, "missing_branches": 10, "percent_branches_covered": 0.0, "percent_branches_covered_display": "0.00"}, "missing_lines": [594, 596, 597, 598, 599, 600, 602, 605, 607, 613, 614, 616, 617, 618, 619, 620, 622], "excluded_lines": [], "executed_branches": [], "missing_branches": [[597, 598], [597, 599], [599, 600], [599, 602], [613, 614], [613, 616], [617, 618], [617, 622], [619, 620], [619, 622]]}, "AgentContextManager.get_status": {"executed_lines": [], "summary": {"covered_lines": 0, "num_statements": 1, "percent_covered": 0.0, "percent_covered_display": "0.00", "missing_lines": 1, "excluded_lines": 0, "percent_statements_covered": 0.0, "percent_statements_covered_display": "0.00", "num_branches": 0, "num_partial_branches": 0, "covered_branches": 0, "missing_branches": 0, "percent_branches_covered": 100.0, "percent_branches_covered_display": "100.00"}, "missing_lines": [643], "excluded_lines": [], "executed_branches": [], "missing_branches": []}, "get_agent_context": {"executed_lines": [], "summary": {"covered_lines": 0, "num_statements": 1, "percent_covered": 0.0, "percent_covered_display": "0.00", "missing_lines": 1, "excluded_lines": 0, "percent_statements_covered": 0.0, "percent_statements_covered_display": "0.00", "num_branches": 0, "num_partial_branches": 0, "covered_branches": 0, "missing_branches": 0, "percent_branches_covered": 100.0, "percent_branches_covered_display": "100.00"}, "missing_lines": [659], "excluded_lines": [], "executed_branches": [], "missing_branches": []}, "initialize_agent_context": {"executed_lines": [], "summary": {"covered_lines": 0, "num_statements": 2, "percent_covered": 0.0, "percent_covered_display": "0.00", "missing_lines": 2, "excluded_lines": 0, "percent_statements_covered": 0.0, "percent_statements_covered_display": "0.00", "num_branches": 0, "num_partial_branches": 0, "covered_branches": 0, "missing_branches": 0, "percent_branches_covered": 100.0, "percent_branches_covered_display": "100.00"}, "missing_lines": [672, 677], "excluded_lines": [], "executed_branches": [], "missing_branches": []}, "": {"executed_lines": [1, 13, 14, 15, 16, 17, 18, 19, 21, 24, 25, 26, 28, 29, 30, 31, 34, 35, 36, 38, 39, 40, 41, 44, 45, 55, 57, 63, 74, 101, 128, 217, 238, 282, 344, 410, 473, 514, 574, 641, 654, 657, 662], "summary": {"covered_lines": 39, "num_statements": 39, "percent_covered": 100.0, "percent_covered_display": "100.00", "missing_lines": 0, "excluded_lines": 0, "percent_statements_covered": 100.0, "percent_statements_covered_display": "100.00", "num_branches": 0, "num_partial_branches": 0, "covered_branches": 0, "missing_branches": 0, "percent_branches_covered": 100.0, "percent_branches_covered_display": "100.00"}, "missing_lines": [], "excluded_lines": [], "executed_branches": [], "missing_branches": []}}, "classes": {"RAGContext": {"executed_lines": [], "summary": {"covered_lines": 0, "num_statements": 0, "percent_covered": 100.0, "percent_covered_display": "100.00", "missing_lines": 0, "excluded_lines": 0, "percent_statements_covered": 100.0, "percent_statements_covered_display": "100.00", "num_branches": 0, "num_partial_branches": 0, "covered_branches": 0, "missing_branches": 0, "percent_branches_covered": 100.0, "percent_branches_covered_display": "100.00"}, "missing_lines": [], "excluded_lines": [], "executed_branches": [], "missing_branches": []}, "LineageContext": {"executed_lines": [], "summary": {"covered_lines": 0, "num_statements": 0, "percent_covered": 100.0, "percent_covered_display": "100.00", "missing_lines": 0, "excluded_lines": 0, "percent_statements_covered": 100.0, "percent_statements_covered_display": "100.00", "num_branches": 0, "num_partial_branches": 0, "covered_branches": 0, "missing_branches": 0, "percent_branches_covered": 100.0, "percent_branches_covered_display": "100.00"}, "missing_lines": [], "excluded_lines": [], "executed_branches": [], "missing_branches": []}, "AgentContextManager": {"executed_lines": [58, 59, 60, 61, 64, 67, 68, 69, 70, 71, 72], "summary": {"covered_lines": 11, "num_statements": 243, "percent_covered": 3.7681159420289854, "percent_covered_display": "3.77", "missing_lines": 232, "excluded_lines": 0, "percent_statements_covered": 4.526748971193416, "percent_statements_covered_display": "4.53", "num_branches": 102, "num_partial_branches": 2, "covered_branches": 2, "missing_branches": 100, "percent_branches_covered": 1.9607843137254901, "percent_branches_covered_display": "1.96"}, "missing_lines": [65, 91, 92, 95, 96, 98, 99, 103, 104, 107, 108, 109, 110, 111, 112, 113, 114, 115, 118, 119, 120, 121, 122, 125, 126, 130, 132, 133, 135, 136, 137, 138, 141, 142, 143, 144, 146, 149, 150, 151, 152, 153, 156, 157, 160, 162, 163, 164, 166, 168, 183, 185, 186, 188, 189, 190, 193, 194, 196, 197, 198, 200, 203, 205, 206, 207, 209, 210, 212, 214, 215, 219, 220, 221, 222, 224, 225, 226, 227, 228, 229, 231, 233, 234, 236, 259, 260, 261, 266, 267, 268, 269, 270, 276, 277, 280, 289, 290, 291, 292, 294, 295, 298, 301, 302, 304, 305, 306, 308, 309, 312, 313, 316, 317, 319, 320, 322, 323, 326, 327, 329, 330, 331, 333, 340, 341, 342, 359, 360, 367, 369, 370, 375, 378, 379, 380, 381, 384, 385, 386, 387, 388, 389, 390, 391, 392, 394, 401, 402, 403, 428, 430, 431, 432, 434, 435, 436, 440, 441, 443, 444, 446, 447, 449, 452, 453, 454, 456, 466, 467, 469, 470, 471, 483, 485, 486, 487, 489, 490, 492, 496, 497, 499, 510, 511, 512, 527, 530, 533, 534, 535, 536, 539, 540, 543, 544, 547, 548, 549, 550, 551, 552, 553, 554, 555, 556, 557, 558, 559, 560, 562, 563, 571, 572, 594, 596, 597, 598, 599, 600, 602, 605, 607, 613, 614, 616, 617, 618, 619, 620, 622, 643], "excluded_lines": [], "executed_branches": [[58, 59], [64, 67]], "missing_branches": [[58, 61], [64, 65], [95, 96], [95, 98], [103, 104], [103, 107], [108, 109], [108, 118], [110, 111], [110, 118], [119, 120], [119, 125], [136, 137], [136, 141], [142, 143], [142, 146], [150, 151], [150, 188], [162, 150], [162, 163], [163, 164], [163, 166], [188, 189], [188, 193], [203, 205], [203, 212], [205, 206], [205, 209], [224, 225], [224, 233], [225, 226], [225, 231], [226, 227], [226, 228], [233, 234], [233, 236], [259, 260], [259, 280], [266, 267], [266, 280], [291, 292], [291, 294], [302, 304], [302, 326], [305, 306], [305, 308], [320, 302], [320, 322], [359, 360], [359, 367], [369, 370], [369, 375], [379, 380], [379, 384], [386, 387], [386, 394], [387, 388], [387, 390], [388, 386], [388, 389], [390, 386], [390, 391], [391, 386], [391, 392], [444, 446], [444, 466], [446, 447], [446, 449], [452, 453], [452, 456], [453, 454], [453, 456], [534, 535], [534, 571], [547, 548], [547, 549], [549, 550], [549, 551], [551, 552], [551, 553], [553, 554], [553, 555], [555, 556], [555, 557], [557, 558], [557, 559], [559, 560], [559, 562], [562, 534], [562, 563], [597, 598], [597, 599], [599, 600], [599, 602], [613, 614], [613, 616], [617, 618], [617, 622], [619, 620], [619, 622]]}, "": {"executed_lines": [1, 13, 14, 15, 16, 17, 18, 19, 21, 24, 25, 26, 28, 29, 30, 31, 34, 35, 36, 38, 39, 40, 41, 44, 45, 55, 57, 63, 74, 101, 128, 217, 238, 282, 344, 410, 473, 514, 574, 641, 654, 657, 662], "summary": {"covered_lines": 39, "num_statements": 42, "percent_covered": 92.85714285714286, "percent_covered_display": "92.86", "missing_lines": 3, "excluded_lines": 0, "percent_statements_covered": 92.85714285714286, "percent_statements_covered_display": "92.86", "num_branches": 0, "num_partial_branches": 0, "covered_branches": 0, "missing_branches": 0, "percent_branches_covered": 100.0, "percent_branches_covered_display": "100.00"}, "missing_lines": [659, 672, 677], "excluded_lines": [], "executed_branches": [], "missing_branches": []}}}, "src/agents/developer.py": {"executed_lines": [1, 18, 19, 20, 21, 23, 26, 27, 33, 34, 35, 40, 42, 45, 46, 49, 50, 53, 56, 59, 60, 63, 80, 82, 131, 132, 145, 153, 176, 178, 179, 185, 186, 189, 190, 191, 197, 277, 360, 385, 386, 389, 392, 393, 396, 397, 399, 400], "summary": {"covered_lines": 43, "num_statements": 105, "percent_covered": 34.883720930232556, "percent_covered_display": "34.88", "missing_lines": 62, "excluded_lines": 3, "percent_statements_covered": 40.95238095238095, "percent_statements_covered_display": "40.95", "num_branches": 24, "num_partial_branches": 0, "covered_branches": 2, "missing_branches": 22, "percent_branches_covered": 8.333333333333334, "percent_branches_covered_display": "8.33"}, "missing_lines": [138, 139, 140, 141, 143, 170, 171, 173, 192, 193, 194, 204, 206, 207, 208, 210, 211, 212, 213, 214, 215, 217, 220, 221, 223, 231, 232, 241, 254, 255, 264, 265, 266, 289, 290, 291, 292, 293, 294, 295, 296, 297, 298, 301, 302, 303, 304, 305, 309, 317, 318, 319, 322, 323, 324, 325, 326, 327, 331, 332, 334, 345], "excluded_lines": [34, 35, 40], "executed_branches": [[185, 186], [185, 189]], "missing_branches": [[138, 139], [138, 143], [139, 140], [139, 143], [170, 171], [170, 173], [206, 207], [206, 210], [210, 211], [210, 217], [212, 213], [212, 214], [214, 215], [214, 217], [290, 291], [290, 301], [292, 290], [292, 293], [303, 304], [303, 322], [325, 326], [325, 334]], "functions": {"create_developer_agent": {"executed_lines": [80, 82, 131, 132, 145], "summary": {"covered_lines": 5, "num_statements": 5, "percent_covered": 100.0, "percent_covered_display": "100.00", "missing_lines": 0, "excluded_lines": 0, "percent_statements_covered": 100.0, "percent_statements_covered_display": "100.00", "num_branches": 0, "num_partial_branches": 0, "covered_branches": 0, "missing_branches": 0, "percent_branches_covered": 100.0, "percent_branches_covered_display": "100.00"}, "missing_lines": [], "excluded_lines": [], "executed_branches": [], "missing_branches": []}, "create_developer_agent.validate_task": {"executed_lines": [], "summary": {"covered_lines": 0, "num_statements": 5, "percent_covered": 0.0, "percent_covered_display": "0.00", "missing_lines": 5, "excluded_lines": 0, "percent_statements_covered": 0.0, "percent_statements_covered_display": "0.00", "num_branches": 4, "num_partial_branches": 0, "covered_branches": 0, "missing_branches": 4, "percent_branches_covered": 0.0, "percent_branches_covered_display": "0.00"}, "missing_lines": [138, 139, 140, 141, 143], "excluded_lines": [], "executed_branches": [], "missing_branches": [[138, 139], [138, 143], [139, 140], [139, 143]]}, "execute_code_generation": {"executed_lines": [], "summary": {"covered_lines": 0, "num_statements": 3, "percent_covered": 0.0, "percent_covered_display": "0.00", "missing_lines": 3, "excluded_lines": 0, "percent_statements_covered": 0.0, "percent_statements_covered_display": "0.00", "num_branches": 2, "num_partial_branches": 0, "covered_branches": 0, "missing_branches": 2, "percent_branches_covered": 0.0, "percent_branches_covered_display": "0.00"}, "missing_lines": [170, 171, 173], "excluded_lines": [], "executed_branches": [], "missing_branches": [[170, 171], [170, 173]]}, "_check_aider_available": {"executed_lines": [178, 179, 185, 186, 189, 190, 191], "summary": {"covered_lines": 7, "num_statements": 10, "percent_covered": 75.0, "percent_covered_display": "75.00", "missing_lines": 3, "excluded_lines": 0, "percent_statements_covered": 70.0, "percent_statements_covered_display": "70.00", "num_branches": 2, "num_partial_branches": 0, "covered_branches": 2, "missing_branches": 0, "percent_branches_covered": 100.0, "percent_branches_covered_display": "100.00"}, "missing_lines": [192, 193, 194], "excluded_lines": [], "executed_branches": [[185, 186], [185, 189]], "missing_branches": []}, "_execute_with_aider": {"executed_lines": [], "summary": {"covered_lines": 0, "num_statements": 22, "percent_covered": 0.0, "percent_covered_display": "0.00", "missing_lines": 22, "excluded_lines": 0, "percent_statements_covered": 0.0, "percent_statements_covered_display": "0.00", "num_branches": 8, "num_partial_branches": 0, "covered_branches": 0, "missing_branches": 8, "percent_branches_covered": 0.0, "percent_branches_covered_display": "0.00"}, "missing_lines": [204, 206, 207, 208, 210, 211, 212, 213, 214, 215, 217, 220, 221, 223, 231, 232, 241, 254, 255, 264, 265, 266], "excluded_lines": [], "executed_branches": [], "missing_branches": [[206, 207], [206, 210], [210, 211], [210, 217], [212, 213], [212, 214], [214, 215], [214, 217]]}, "_create_fallback_prompt": {"executed_lines": [], "summary": {"covered_lines": 0, "num_statements": 29, "percent_covered": 0.0, "percent_covered_display": "0.00", "missing_lines": 29, "excluded_lines": 0, "percent_statements_covered": 0.0, "percent_statements_covered_display": "0.00", "num_branches": 8, "num_partial_branches": 0, "covered_branches": 0, "missing_branches": 8, "percent_branches_covered": 0.0, "percent_branches_covered_display": "0.00"}, "missing_lines": [289, 290, 291, 292, 293, 294, 295, 296, 297, 298, 301, 302, 303, 304, 305, 309, 317, 318, 319, 322, 323, 324, 325, 326, 327, 331, 332, 334, 345], "excluded_lines": [], "executed_branches": [], "missing_branches": [[290, 291], [290, 301], [292, 290], [292, 293], [303, 304], [303, 322], [325, 326], [325, 334]]}, "compute_confidence": {"executed_lines": [385, 386, 389, 392, 393, 396, 397, 399, 400], "summary": {"covered_lines": 9, "num_statements": 9, "percent_covered": 100.0, "percent_covered_display": "100.00", "missing_lines": 0, "excluded_lines": 0, "percent_statements_covered": 100.0, "percent_statements_covered_display": "100.00", "num_branches": 0, "num_partial_branches": 0, "covered_branches": 0, "missing_branches": 0, "percent_branches_covered": 100.0, "percent_branches_covered_display": "100.00"}, "missing_lines": [], "excluded_lines": [], "executed_branches": [], "missing_branches": []}, "": {"executed_lines": [1, 18, 19, 20, 21, 23, 26, 27, 33, 34, 35, 40, 42, 45, 46, 49, 50, 53, 56, 59, 60, 63, 153, 176, 197, 277, 360], "summary": {"covered_lines": 22, "num_statements": 22, "percent_covered": 100.0, "percent_covered_display": "100.00", "missing_lines": 0, "excluded_lines": 3, "percent_statements_covered": 100.0, "percent_statements_covered_display": "100.00", "num_branches": 0, "num_partial_branches": 0, "covered_branches": 0, "missing_branches": 0, "percent_branches_covered": 100.0, "percent_branches_covered_display": "100.00"}, "missing_lines": [], "excluded_lines": [34, 35, 40], "executed_branches": [], "missing_branches": []}}, "classes": {"DeveloperDependencies": {"executed_lines": [], "summary": {"covered_lines": 0, "num_statements": 0, "percent_covered": 100.0, "percent_covered_display": "100.00", "missing_lines": 0, "excluded_lines": 0, "percent_statements_covered": 100.0, "percent_statements_covered_display": "100.00", "num_branches": 0, "num_partial_branches": 0, "covered_branches": 0, "missing_branches": 0, "percent_branches_covered": 100.0, "percent_branches_covered_display": "100.00"}, "missing_lines": [], "excluded_lines": [], "executed_branches": [], "missing_branches": []}, "": {"executed_lines": [1, 18, 19, 20, 21, 23, 26, 27, 33, 34, 35, 40, 42, 45, 46, 49, 50, 53, 56, 59, 60, 63, 80, 82, 131, 132, 145, 153, 176, 178, 179, 185, 186, 189, 190, 191, 197, 277, 360, 385, 386, 389, 392, 393, 396, 397, 399, 400], "summary": {"covered_lines": 43, "num_statements": 105, "percent_covered": 34.883720930232556, "percent_covered_display": "34.88", "missing_lines": 62, "excluded_lines": 3, "percent_statements_covered": 40.95238095238095, "percent_statements_covered_display": "40.95", "num_branches": 24, "num_partial_branches": 0, "covered_branches": 2, "missing_branches": 22, "percent_branches_covered": 8.333333333333334, "percent_branches_covered_display": "8.33"}, "missing_lines": [138, 139, 140, 141, 143, 170, 171, 173, 192, 193, 194, 204, 206, 207, 208, 210, 211, 212, 213, 214, 215, 217, 220, 221, 223, 231, 232, 241, 254, 255, 264, 265, 266, 289, 290, 291, 292, 293, 294, 295, 296, 297, 298, 301, 302, 303, 304, 305, 309, 317, 318, 319, 322, 323, 324, 325, 326, 327, 331, 332, 334, 345], "excluded_lines": [34, 35, 40], "executed_branches": [[185, 186], [185, 189]], "missing_branches": [[138, 139], [138, 143], [139, 140], [139, 143], [170, 171], [170, 173], [206, 207], [206, 210], [210, 211], [210, 217], [212, 213], [212, 214], [214, 215], [214, 217], [290, 291], [290, 301], [292, 290], [292, 293], [303, 304], [303, 322], [325, 326], [325, 334]]}}}, "src/agents/manager.py": {"executed_lines": [1, 16, 17, 18, 20, 23, 24, 29, 30, 31, 36, 38, 41, 42, 47, 48, 50, 62, 63, 66, 87, 89, 130, 131, 161, 164, 192, 200], "summary": {"covered_lines": 23, "num_statements": 36, "percent_covered": 47.916666666666664, "percent_covered_display": "47.92", "missing_lines": 13, "excluded_lines": 3, "percent_statements_covered": 63.888888888888886, "percent_statements_covered_display": "63.89", "num_branches": 12, "num_partial_branches": 0, "covered_branches": 0, "missing_branches": 12, "percent_branches_covered": 0.0, "percent_branches_covered_display": "0.00"}, "missing_lines": [138, 139, 146, 147, 148, 149, 150, 153, 154, 155, 156, 157, 159], "excluded_lines": [30, 31, 36], "executed_branches": [], "missing_branches": [[138, 139], [138, 146], [146, 147], [146, 153], [147, 146], [147, 148], [148, 149], [148, 150], [153, 154], [153, 159], [155, 156], [155, 159]], "functions": {"create_manager_agent": {"executed_lines": [87, 89, 130, 131, 161], "summary": {"covered_lines": 5, "num_statements": 5, "percent_covered": 100.0, "percent_covered_display": "100.00", "missing_lines": 0, "excluded_lines": 0, "percent_statements_covered": 100.0, "percent_statements_covered_display": "100.00", "num_branches": 0, "num_partial_branches": 0, "covered_branches": 0, "missing_branches": 0, "percent_branches_covered": 100.0, "percent_branches_covered_display": "100.00"}, "missing_lines": [], "excluded_lines": [], "executed_branches": [], "missing_branches": []}, "create_manager_agent.validate_plan": {"executed_lines": [], "summary": {"covered_lines": 0, "num_statements": 13, "percent_covered": 0.0, "percent_covered_display": "0.00", "missing_lines": 13, "excluded_lines": 0, "percent_statements_covered": 0.0, "percent_statements_covered_display": "0.00", "num_branches": 12, "num_partial_branches": 0, "covered_branches": 0, "missing_branches": 12, "percent_branches_covered": 0.0, "percent_branches_covered_display": "0.00"}, "missing_lines": [138, 139, 146, 147, 148, 149, 150, 153, 154, 155, 156, 157, 159], "excluded_lines": [], "executed_branches": [], "missing_branches": [[138, 139], [138, 146], [146, 147], [146, 153], [147, 146], [147, 148], [148, 149], [148, 150], [153, 154], [153, 159], [155, 156], [155, 159]]}, "create_escalation_request": {"executed_lines": [192, 200], "summary": {"covered_lines": 2, "num_statements": 2, "percent_covered": 100.0, "percent_covered_display": "100.00", "missing_lines": 0, "excluded_lines": 0, "percent_statements_covered": 100.0, "percent_statements_covered_display": "100.00", "num_branches": 0, "num_partial_branches": 0, "covered_branches": 0, "missing_branches": 0, "percent_branches_covered": 100.0, "percent_branches_covered_display": "100.00"}, "missing_lines": [], "excluded_lines": [], "executed_branches": [], "missing_branches": []}, "": {"executed_lines": [1, 16, 17, 18, 20, 23, 24, 29, 30, 31, 36, 38, 41, 42, 47, 48, 50, 62, 63, 66, 164], "summary": {"covered_lines": 16, "num_statements": 16, "percent_covered": 100.0, "percent_covered_display": "100.00", "missing_lines": 0, "excluded_lines": 3, "percent_statements_covered": 100.0, "percent_statements_covered_display": "100.00", "num_branches": 0, "num_partial_branches": 0, "covered_branches": 0, "missing_branches": 0, "percent_branches_covered": 100.0, "percent_branches_covered_display": "100.00"}, "missing_lines": [], "excluded_lines": [30, 31, 36], "executed_branches": [], "missing_branches": []}}, "classes": {"ManagerDependencies": {"executed_lines": [], "summary": {"covered_lines": 0, "num_statements": 0, "percent_covered": 100.0, "percent_covered_display": "100.00", "missing_lines": 0, "excluded_lines": 0, "percent_statements_covered": 100.0, "percent_statements_covered_display": "100.00", "num_branches": 0, "num_partial_branches": 0, "covered_branches": 0, "missing_branches": 0, "percent_branches_covered": 100.0, "percent_branches_covered_display": "100.00"}, "missing_lines": [], "excluded_lines": [], "executed_branches": [], "missing_branches": []}, "ManagerDependencies.Config": {"executed_lines": [], "summary": {"covered_lines": 0, "num_statements": 0, "percent_covered": 100.0, "percent_covered_display": "100.00", "missing_lines": 0, "excluded_lines": 0, "percent_statements_covered": 100.0, "percent_statements_covered_display": "100.00", "num_branches": 0, "num_partial_branches": 0, "covered_branches": 0, "missing_branches": 0, "percent_branches_covered": 100.0, "percent_branches_covered_display": "100.00"}, "missing_lines": [], "excluded_lines": [], "executed_branches": [], "missing_branches": []}, "": {"executed_lines": [1, 16, 17, 18, 20, 23, 24, 29, 30, 31, 36, 38, 41, 42, 47, 48, 50, 62, 63, 66, 87, 89, 130, 131, 161, 164, 192, 200], "summary": {"covered_lines": 23, "num_statements": 36, "percent_covered": 47.916666666666664, "percent_covered_display": "47.92", "missing_lines": 13, "excluded_lines": 3, "percent_statements_covered": 63.888888888888886, "percent_statements_covered_display": "63.89", "num_branches": 12, "num_partial_branches": 0, "covered_branches": 0, "missing_branches": 12, "percent_branches_covered": 0.0, "percent_branches_covered_display": "0.00"}, "missing_lines": [138, 139, 146, 147, 148, 149, 150, 153, 154, 155, 156, 157, 159], "excluded_lines": [30, 31, 36], "executed_branches": [], "missing_branches": [[138, 139], [138, 146], [146, 147], [146, 153], [147, 146], [147, 148], [148, 149], [148, 150], [153, 154], [153, 159], [155, 156], [155, 159]]}}}, "src/agents/observer.py": {"executed_lines": [1, 16, 17, 18, 19, 20, 21, 22, 24, 25, 26, 28, 31, 32, 34, 35, 36, 37, 38, 39, 40, 41, 42, 45, 46, 48, 49, 50, 51, 54, 55, 56, 58, 59, 60, 61, 62, 63, 64, 65, 68, 69, 70, 72, 73, 74, 75, 76, 79, 80, 83, 84, 85, 88, 89, 90, 93, 94, 95, 96, 97, 98, 101, 102, 105, 106, 107, 108, 111, 114, 115, 118, 119, 122, 123, 126, 127, 129, 130, 131, 132, 135, 136, 137, 140, 158, 159, 162, 163, 174, 196, 290, 353, 370, 388, 403, 490, 531, 553, 625, 662, 676, 682, 728, 731, 739], "summary": {"covered_lines": 98, "num_statements": 308, "percent_covered": 24.019607843137255, "percent_covered_display": "24.02", "missing_lines": 210, "excluded_lines": 0, "percent_statements_covered": 31.818181818181817, "percent_statements_covered_display": "31.82", "num_branches": 100, "num_partial_branches": 0, "covered_branches": 0, "missing_branches": 100, "percent_branches_covered": 0.0, "percent_branches_covered_display": "0.00"}, "missing_lines": [181, 182, 183, 184, 186, 194, 219, 225, 226, 228, 230, 231, 232, 233, 241, 242, 243, 246, 247, 248, 249, 252, 253, 254, 255, 256, 257, 260, 261, 264, 265, 268, 271, 273, 274, 275, 283, 285, 286, 288, 311, 312, 314, 315, 316, 319, 320, 321, 322, 323, 326, 327, 328, 331, 332, 335, 336, 344, 346, 355, 356, 357, 361, 362, 364, 365, 366, 367, 368, 372, 373, 374, 378, 379, 380, 382, 383, 384, 385, 386, 390, 391, 392, 396, 397, 398, 399, 400, 401, 412, 414, 415, 416, 417, 419, 420, 421, 422, 424, 433, 434, 440, 442, 443, 446, 447, 448, 450, 452, 462, 463, 464, 465, 466, 467, 475, 477, 487, 488, 503, 504, 505, 508, 509, 510, 511, 512, 513, 515, 516, 517, 518, 520, 521, 533, 534, 536, 537, 539, 540, 544, 545, 546, 547, 548, 549, 550, 551, 562, 563, 564, 565, 567, 570, 571, 580, 581, 584, 585, 586, 587, 589, 590, 591, 593, 595, 596, 598, 599, 600, 602, 605, 608, 610, 611, 612, 613, 614, 615, 617, 618, 619, 620, 621, 623, 633, 645, 646, 647, 650, 651, 652, 653, 654, 655, 656, 659, 660, 664, 674, 678, 696, 698, 724, 734, 735, 736, 755, 756, 758], "excluded_lines": [], "executed_branches": [], "missing_branches": [[231, 232], [231, 246], [254, 255], [254, 260], [264, 265], [264, 268], [314, 315], [314, 335], [319, 320], [319, 326], [326, 327], [326, 331], [335, 336], [335, 346], [361, 362], [361, 364], [378, 379], [378, 382], [396, 397], [396, 398], [414, 415], [414, 487], [419, 420], [419, 421], [421, 422], [421, 462], [433, 434], [433, 450], [440, 442], [440, 450], [447, 448], [447, 450], [462, 463], [462, 464], [464, 465], [464, 466], [466, 467], [466, 475], [475, 414], [475, 477], [487, -403], [487, 488], [503, -490], [503, 504], [508, 503], [508, 509], [510, 503], [510, 511], [512, 513], [512, 520], [513, 512], [513, 515], [515, 512], [515, 516], [516, 515], [516, 517], [520, 503], [520, 521], [533, 534], [533, 536], [544, -531], [544, 545], [547, -531], [547, 548], [562, 563], [562, 580], [564, 565], [564, 567], [570, 571], [570, 608], [580, 581], [580, 595], [584, 585], [584, 593], [589, 590], [589, 593], [595, 596], [595, 605], [598, 599], [598, 602], [610, 611], [610, 617], [612, 613], [612, 617], [614, 612], [614, 615], [617, 618], [617, 623], [619, 620], [619, 623], [620, 619], [620, 621], [652, 653], [652, 656], [653, 652], [653, 654], [659, -625], [659, 660], [734, 735], [734, 736]], "functions": {"LineageObserverAgent.__init__": {"executed_lines": [], "summary": {"covered_lines": 0, "num_statements": 6, "percent_covered": 0.0, "percent_covered_display": "0.00", "missing_lines": 6, "excluded_lines": 0, "percent_statements_covered": 0.0, "percent_statements_covered_display": "0.00", "num_branches": 0, "num_partial_branches": 0, "covered_branches": 0, "missing_branches": 0, "percent_branches_covered": 100.0, "percent_branches_covered_display": "100.00"}, "missing_lines": [181, 182, 183, 184, 186, 194], "excluded_lines": [], "executed_branches": [], "missing_branches": []}, "LineageObserverAgent.observe": {"executed_lines": [], "summary": {"covered_lines": 0, "num_statements": 34, "percent_covered": 0.0, "percent_covered_display": "0.00", "missing_lines": 34, "excluded_lines": 0, "percent_statements_covered": 0.0, "percent_statements_covered_display": "0.00", "num_branches": 6, "num_partial_branches": 0, "covered_branches": 0, "missing_branches": 6, "percent_branches_covered": 0.0, "percent_branches_covered_display": "0.00"}, "missing_lines": [219, 225, 226, 228, 230, 231, 232, 233, 241, 242, 243, 246, 247, 248, 249, 252, 253, 254, 255, 256, 257, 260, 261, 264, 265, 268, 271, 273, 274, 275, 283, 285, 286, 288], "excluded_lines": [], "executed_branches": [], "missing_branches": [[231, 232], [231, 246], [254, 255], [254, 260], [264, 265], [264, 268]]}, "LineageObserverAgent.observe_until_complete": {"executed_lines": [], "summary": {"covered_lines": 0, "num_statements": 19, "percent_covered": 0.0, "percent_covered_display": "0.00", "missing_lines": 19, "excluded_lines": 0, "percent_statements_covered": 0.0, "percent_statements_covered_display": "0.00", "num_branches": 8, "num_partial_branches": 0, "covered_branches": 0, "missing_branches": 8, "percent_branches_covered": 0.0, "percent_branches_covered_display": "0.00"}, "missing_lines": [311, 312, 314, 315, 316, 319, 320, 321, 322, 323, 326, 327, 328, 331, 332, 335, 336, 344, 346], "excluded_lines": [], "executed_branches": [], "missing_branches": [[314, 315], [314, 335], [319, 320], [319, 326], [326, 327], [326, 331], [335, 336], [335, 346]]}, "LineageObserverAgent._get_dag_run": {"executed_lines": [], "summary": {"covered_lines": 0, "num_statements": 10, "percent_covered": 0.0, "percent_covered_display": "0.00", "missing_lines": 10, "excluded_lines": 0, "percent_statements_covered": 0.0, "percent_statements_covered_display": "0.00", "num_branches": 2, "num_partial_branches": 0, "covered_branches": 0, "missing_branches": 2, "percent_branches_covered": 0.0, "percent_branches_covered_display": "0.00"}, "missing_lines": [355, 356, 357, 361, 362, 364, 365, 366, 367, 368], "excluded_lines": [], "executed_branches": [], "missing_branches": [[361, 362], [361, 364]]}, "LineageObserverAgent._get_task_instances": {"executed_lines": [], "summary": {"covered_lines": 0, "num_statements": 11, "percent_covered": 0.0, "percent_covered_display": "0.00", "missing_lines": 11, "excluded_lines": 0, "percent_statements_covered": 0.0, "percent_statements_covered_display": "0.00", "num_branches": 2, "num_partial_branches": 0, "covered_branches": 0, "missing_branches": 2, "percent_branches_covered": 0.0, "percent_branches_covered_display": "0.00"}, "missing_lines": [372, 373, 374, 378, 379, 380, 382, 383, 384, 385, 386], "excluded_lines": [], "executed_branches": [], "missing_branches": [[378, 379], [378, 382]]}, "LineageObserverAgent._get_task_logs": {"executed_lines": [], "summary": {"covered_lines": 0, "num_statements": 9, "percent_covered": 0.0, "percent_covered_display": "0.00", "missing_lines": 9, "excluded_lines": 0, "percent_statements_covered": 0.0, "percent_statements_covered_display": "0.00", "num_branches": 2, "num_partial_branches": 0, "covered_branches": 0, "missing_branches": 2, "percent_branches_covered": 0.0, "percent_branches_covered_display": "0.00"}, "missing_lines": [390, 391, 392, 396, 397, 398, 399, 400, 401], "excluded_lines": [], "executed_branches": [], "missing_branches": [[396, 397], [396, 398]]}, "LineageObserverAgent._analyze_tasks": {"executed_lines": [], "summary": {"covered_lines": 0, "num_statements": 30, "percent_covered": 0.0, "percent_covered_display": "0.00", "missing_lines": 30, "excluded_lines": 0, "percent_statements_covered": 0.0, "percent_statements_covered_display": "0.00", "num_branches": 22, "num_partial_branches": 0, "covered_branches": 0, "missing_branches": 22, "percent_branches_covered": 0.0, "percent_branches_covered_display": "0.00"}, "missing_lines": [412, 414, 415, 416, 417, 419, 420, 421, 422, 424, 433, 434, 440, 442, 443, 446, 447, 448, 450, 452, 462, 463, 464, 465, 466, 467, 475, 477, 487, 488], "excluded_lines": [], "executed_branches": [], "missing_branches": [[414, 415], [414, 487], [419, 420], [419, 421], [421, 422], [421, 462], [433, 434], [433, 450], [440, 442], [440, 450], [447, 448], [447, 450], [462, 463], [462, 464], [464, 465], [464, 466], [466, 467], [466, 475], [475, 414], [475, 477], [487, -403], [487, 488]]}, "LineageObserverAgent._detect_shadow_errors": {"executed_lines": [], "summary": {"covered_lines": 0, "num_statements": 15, "percent_covered": 0.0, "percent_covered_display": "0.00", "missing_lines": 15, "excluded_lines": 0, "percent_statements_covered": 0.0, "percent_statements_covered_display": "0.00", "num_branches": 16, "num_partial_branches": 0, "covered_branches": 0, "missing_branches": 16, "percent_branches_covered": 0.0, "percent_branches_covered_display": "0.00"}, "missing_lines": [503, 504, 505, 508, 509, 510, 511, 512, 513, 515, 516, 517, 518, 520, 521], "excluded_lines": [], "executed_branches": [], "missing_branches": [[503, -490], [503, 504], [508, 503], [508, 509], [510, 503], [510, 511], [512, 513], [512, 520], [513, 512], [513, 515], [515, 512], [515, 516], [516, 515], [516, 517], [520, 503], [520, 521]]}, "LineageObserverAgent._get_lineage_data": {"executed_lines": [], "summary": {"covered_lines": 0, "num_statements": 14, "percent_covered": 0.0, "percent_covered_display": "0.00", "missing_lines": 14, "excluded_lines": 0, "percent_statements_covered": 0.0, "percent_statements_covered_display": "0.00", "num_branches": 6, "num_partial_branches": 0, "covered_branches": 0, "missing_branches": 6, "percent_branches_covered": 0.0, "percent_branches_covered_display": "0.00"}, "missing_lines": [533, 534, 536, 537, 539, 540, 544, 545, 546, 547, 548, 549, 550, 551], "excluded_lines": [], "executed_branches": [], "missing_branches": [[533, 534], [533, 536], [544, -531], [544, 545], [547, -531], [547, 548]]}, "LineageObserverAgent._generate_summary": {"executed_lines": [], "summary": {"covered_lines": 0, "num_statements": 37, "percent_covered": 0.0, "percent_covered_display": "0.00", "missing_lines": 37, "excluded_lines": 0, "percent_statements_covered": 0.0, "percent_statements_covered_display": "0.00", "num_branches": 28, "num_partial_branches": 0, "covered_branches": 0, "missing_branches": 28, "percent_branches_covered": 0.0, "percent_branches_covered_display": "0.00"}, "missing_lines": [562, 563, 564, 565, 567, 570, 571, 580, 581, 584, 585, 586, 587, 589, 590, 591, 593, 595, 596, 598, 599, 600, 602, 605, 608, 610, 611, 612, 613, 614, 615, 617, 618, 619, 620, 621, 623], "excluded_lines": [], "executed_branches": [], "missing_branches": [[562, 563], [562, 580], [564, 565], [564, 567], [570, 571], [570, 608], [580, 581], [580, 595], [584, 585], [584, 593], [589, 590], [589, 593], [595, 596], [595, 605], [598, 599], [598, 602], [610, 611], [610, 617], [612, 613], [612, 617], [614, 612], [614, 615], [617, 618], [617, 623], [619, 620], [619, 623], [620, 619], [620, 621]]}, "LineageObserverAgent._finalize_report": {"executed_lines": [], "summary": {"covered_lines": 0, "num_statements": 13, "percent_covered": 0.0, "percent_covered_display": "0.00", "missing_lines": 13, "excluded_lines": 0, "percent_statements_covered": 0.0, "percent_statements_covered_display": "0.00", "num_branches": 6, "num_partial_branches": 0, "covered_branches": 0, "missing_branches": 6, "percent_branches_covered": 0.0, "percent_branches_covered_display": "0.00"}, "missing_lines": [633, 645, 646, 647, 650, 651, 652, 653, 654, 655, 656, 659, 660], "excluded_lines": [], "executed_branches": [], "missing_branches": [[652, 653], [652, 656], [653, 652], [653, 654], [659, -625], [659, 660]]}, "LineageObserverAgent._map_state": {"executed_lines": [], "summary": {"covered_lines": 0, "num_statements": 2, "percent_covered": 0.0, "percent_covered_display": "0.00", "missing_lines": 2, "excluded_lines": 0, "percent_statements_covered": 0.0, "percent_statements_covered_display": "0.00", "num_branches": 0, "num_partial_branches": 0, "covered_branches": 0, "missing_branches": 0, "percent_branches_covered": 100.0, "percent_branches_covered_display": "100.00"}, "missing_lines": [664, 674], "excluded_lines": [], "executed_branches": [], "missing_branches": []}, "LineageObserverAgent.get_observation_history": {"executed_lines": [], "summary": {"covered_lines": 0, "num_statements": 1, "percent_covered": 0.0, "percent_covered_display": "0.00", "missing_lines": 1, "excluded_lines": 0, "percent_statements_covered": 0.0, "percent_statements_covered_display": "0.00", "num_branches": 0, "num_partial_branches": 0, "covered_branches": 0, "missing_branches": 0, "percent_branches_covered": 100.0, "percent_branches_covered_display": "100.00"}, "missing_lines": [678], "excluded_lines": [], "executed_branches": [], "missing_branches": []}, "create_observer_agent": {"executed_lines": [], "summary": {"covered_lines": 0, "num_statements": 3, "percent_covered": 0.0, "percent_covered_display": "0.00", "missing_lines": 3, "excluded_lines": 0, "percent_statements_covered": 0.0, "percent_statements_covered_display": "0.00", "num_branches": 0, "num_partial_branches": 0, "covered_branches": 0, "missing_branches": 0, "percent_branches_covered": 100.0, "percent_branches_covered_display": "100.00"}, "missing_lines": [696, 698, 724], "excluded_lines": [], "executed_branches": [], "missing_branches": []}, "get_observer": {"executed_lines": [], "summary": {"covered_lines": 0, "num_statements": 3, "percent_covered": 0.0, "percent_covered_display": "0.00", "missing_lines": 3, "excluded_lines": 0, "percent_statements_covered": 0.0, "percent_statements_covered_display": "0.00", "num_branches": 2, "num_partial_branches": 0, "covered_branches": 0, "missing_branches": 2, "percent_branches_covered": 0.0, "percent_branches_covered_display": "0.00"}, "missing_lines": [734, 735, 736], "excluded_lines": [], "executed_branches": [], "missing_branches": [[734, 735], [734, 736]]}, "observe_dag_run": {"executed_lines": [], "summary": {"covered_lines": 0, "num_statements": 3, "percent_covered": 0.0, "percent_covered_display": "0.00", "missing_lines": 3, "excluded_lines": 0, "percent_statements_covered": 0.0, "percent_statements_covered_display": "0.00", "num_branches": 0, "num_partial_branches": 0, "covered_branches": 0, "missing_branches": 0, "percent_branches_covered": 100.0, "percent_branches_covered_display": "100.00"}, "missing_lines": [755, 756, 758], "excluded_lines": [], "executed_branches": [], "missing_branches": []}, "": {"executed_lines": [1, 16, 17, 18, 19, 20, 21, 22, 24, 25, 26, 28, 31, 32, 34, 35, 36, 37, 38, 39, 40, 41, 42, 45, 46, 48, 49, 50, 51, 54, 55, 56, 58, 59, 60, 61, 62, 63, 64, 65, 68, 69, 70, 72, 73, 74, 75, 76, 79, 80, 83, 84, 85, 88, 89, 90, 93, 94, 95, 96, 97, 98, 101, 102, 105, 106, 107, 108, 111, 114, 115, 118, 119, 122, 123, 126, 127, 129, 130, 131, 132, 135, 136, 137, 140, 158, 159, 162, 163, 174, 196, 290, 353, 370, 388, 403, 490, 531, 553, 625, 662, 676, 682, 728, 731, 739], "summary": {"covered_lines": 98, "num_statements": 98, "percent_covered": 100.0, "percent_covered_display": "100.00", "missing_lines": 0, "excluded_lines": 0, "percent_statements_covered": 100.0, "percent_statements_covered_display": "100.00", "num_branches": 0, "num_partial_branches": 0, "covered_branches": 0, "missing_branches": 0, "percent_branches_covered": 100.0, "percent_branches_covered_display": "100.00"}, "missing_lines": [], "excluded_lines": [], "executed_branches": [], "missing_branches": []}}, "classes": {"ExecutionStatus": {"executed_lines": [], "summary": {"covered_lines": 0, "num_statements": 0, "percent_covered": 100.0, "percent_covered_display": "100.00", "missing_lines": 0, "excluded_lines": 0, "percent_statements_covered": 100.0, "percent_statements_covered_display": "100.00", "num_branches": 0, "num_partial_branches": 0, "covered_branches": 0, "missing_branches": 0, "percent_branches_covered": 100.0, "percent_branches_covered_display": "100.00"}, "missing_lines": [], "excluded_lines": [], "executed_branches": [], "missing_branches": []}, "ConcernLevel": {"executed_lines": [], "summary": {"covered_lines": 0, "num_statements": 0, "percent_covered": 100.0, "percent_covered_display": "100.00", "missing_lines": 0, "excluded_lines": 0, "percent_statements_covered": 100.0, "percent_statements_covered_display": "100.00", "num_branches": 0, "num_partial_branches": 0, "covered_branches": 0, "missing_branches": 0, "percent_branches_covered": 100.0, "percent_branches_covered_display": "100.00"}, "missing_lines": [], "excluded_lines": [], "executed_branches": [], "missing_branches": []}, "TaskObservation": {"executed_lines": [], "summary": {"covered_lines": 0, "num_statements": 0, "percent_covered": 100.0, "percent_covered_display": "100.00", "missing_lines": 0, "excluded_lines": 0, "percent_statements_covered": 100.0, "percent_statements_covered_display": "100.00", "num_branches": 0, "num_partial_branches": 0, "covered_branches": 0, "missing_branches": 0, "percent_branches_covered": 100.0, "percent_branches_covered_display": "100.00"}, "missing_lines": [], "excluded_lines": [], "executed_branches": [], "missing_branches": []}, "Concern": {"executed_lines": [], "summary": {"covered_lines": 0, "num_statements": 0, "percent_covered": 100.0, "percent_covered_display": "100.00", "missing_lines": 0, "excluded_lines": 0, "percent_statements_covered": 100.0, "percent_statements_covered_display": "100.00", "num_branches": 0, "num_partial_branches": 0, "covered_branches": 0, "missing_branches": 0, "percent_branches_covered": 100.0, "percent_branches_covered_display": "100.00"}, "missing_lines": [], "excluded_lines": [], "executed_branches": [], "missing_branches": []}, "ObserverReport": {"executed_lines": [], "summary": {"covered_lines": 0, "num_statements": 0, "percent_covered": 100.0, "percent_covered_display": "100.00", "missing_lines": 0, "excluded_lines": 0, "percent_statements_covered": 100.0, "percent_statements_covered_display": "100.00", "num_branches": 0, "num_partial_branches": 0, "covered_branches": 0, "missing_branches": 0, "percent_branches_covered": 100.0, "percent_branches_covered_display": "100.00"}, "missing_lines": [], "excluded_lines": [], "executed_branches": [], "missing_branches": []}, "ObserverDependencies": {"executed_lines": [], "summary": {"covered_lines": 0, "num_statements": 0, "percent_covered": 100.0, "percent_covered_display": "100.00", "missing_lines": 0, "excluded_lines": 0, "percent_statements_covered": 100.0, "percent_statements_covered_display": "100.00", "num_branches": 0, "num_partial_branches": 0, "covered_branches": 0, "missing_branches": 0, "percent_branches_covered": 100.0, "percent_branches_covered_display": "100.00"}, "missing_lines": [], "excluded_lines": [], "executed_branches": [], "missing_branches": []}, "ObserverDependencies.Config": {"executed_lines": [], "summary": {"covered_lines": 0, "num_statements": 0, "percent_covered": 100.0, "percent_covered_display": "100.00", "missing_lines": 0, "excluded_lines": 0, "percent_statements_covered": 100.0, "percent_statements_covered_display": "100.00", "num_branches": 0, "num_partial_branches": 0, "covered_branches": 0, "missing_branches": 0, "percent_branches_covered": 100.0, "percent_branches_covered_display": "100.00"}, "missing_lines": [], "excluded_lines": [], "executed_branches": [], "missing_branches": []}, "LineageObserverAgent": {"executed_lines": [], "summary": {"covered_lines": 0, "num_statements": 201, "percent_covered": 0.0, "percent_covered_display": "0.00", "missing_lines": 201, "excluded_lines": 0, "percent_statements_covered": 0.0, "percent_statements_covered_display": "0.00", "num_branches": 98, "num_partial_branches": 0, "covered_branches": 0, "missing_branches": 98, "percent_branches_covered": 0.0, "percent_branches_covered_display": "0.00"}, "missing_lines": [181, 182, 183, 184, 186, 194, 219, 225, 226, 228, 230, 231, 232, 233, 241, 242, 243, 246, 247, 248, 249, 252, 253, 254, 255, 256, 257, 260, 261, 264, 265, 268, 271, 273, 274, 275, 283, 285, 286, 288, 311, 312, 314, 315, 316, 319, 320, 321, 322, 323, 326, 327, 328, 331, 332, 335, 336, 344, 346, 355, 356, 357, 361, 362, 364, 365, 366, 367, 368, 372, 373, 374, 378, 379, 380, 382, 383, 384, 385, 386, 390, 391, 392, 396, 397, 398, 399, 400, 401, 412, 414, 415, 416, 417, 419, 420, 421, 422, 424, 433, 434, 440, 442, 443, 446, 447, 448, 450, 452, 462, 463, 464, 465, 466, 467, 475, 477, 487, 488, 503, 504, 505, 508, 509, 510, 511, 512, 513, 515, 516, 517, 518, 520, 521, 533, 534, 536, 537, 539, 540, 544, 545, 546, 547, 548, 549, 550, 551, 562, 563, 564, 565, 567, 570, 571, 580, 581, 584, 585, 586, 587, 589, 590, 591, 593, 595, 596, 598, 599, 600, 602, 605, 608, 610, 611, 612, 613, 614, 615, 617, 618, 619, 620, 621, 623, 633, 645, 646, 647, 650, 651, 652, 653, 654, 655, 656, 659, 660, 664, 674, 678], "excluded_lines": [], "executed_branches": [], "missing_branches": [[231, 232], [231, 246], [254, 255], [254, 260], [264, 265], [264, 268], [314, 315], [314, 335], [319, 320], [319, 326], [326, 327], [326, 331], [335, 336], [335, 346], [361, 362], [361, 364], [378, 379], [378, 382], [396, 397], [396, 398], [414, 415], [414, 487], [419, 420], [419, 421], [421, 422], [421, 462], [433, 434], [433, 450], [440, 442], [440, 450], [447, 448], [447, 450], [462, 463], [462, 464], [464, 465], [464, 466], [466, 467], [466, 475], [475, 414], [475, 477], [487, -403], [487, 488], [503, -490], [503, 504], [508, 503], [508, 509], [510, 503], [510, 511], [512, 513], [512, 520], [513, 512], [513, 515], [515, 512], [515, 516], [516, 515], [516, 517], [520, 503], [520, 521], [533, 534], [533, 536], [544, -531], [544, 545], [547, -531], [547, 548], [562, 563], [562, 580], [564, 565], [564, 567], [570, 571], [570, 608], [580, 581], [580, 595], [584, 585], [584, 593], [589, 590], [589, 593], [595, 596], [595, 605], [598, 599], [598, 602], [610, 611], [610, 617], [612, 613], [612, 617], [614, 612], [614, 615], [617, 618], [617, 623], [619, 620], [619, 623], [620, 619], [620, 621], [652, 653], [652, 656], [653, 652], [653, 654], [659, -625], [659, 660]]}, "": {"executed_lines": [1, 16, 17, 18, 19, 20, 21, 22, 24, 25, 26, 28, 31, 32, 34, 35, 36, 37, 38, 39, 40, 41, 42, 45, 46, 48, 49, 50, 51, 54, 55, 56, 58, 59, 60, 61, 62, 63, 64, 65, 68, 69, 70, 72, 73, 74, 75, 76, 79, 80, 83, 84, 85, 88, 89, 90, 93, 94, 95, 96, 97, 98, 101, 102, 105, 106, 107, 108, 111, 114, 115, 118, 119, 122, 123, 126, 127, 129, 130, 131, 132, 135, 136, 137, 140, 158, 159, 162, 163, 174, 196, 290, 353, 370, 388, 403, 490, 531, 553, 625, 662, 676, 682, 728, 731, 739], "summary": {"covered_lines": 98, "num_statements": 107, "percent_covered": 89.90825688073394, "percent_covered_display": "89.91", "missing_lines": 9, "excluded_lines": 0, "percent_statements_covered": 91.58878504672897, "percent_statements_covered_display": "91.59", "num_branches": 2, "num_partial_branches": 0, "covered_branches": 0, "missing_branches": 2, "percent_branches_covered": 0.0, "percent_branches_covered_display": "0.00"}, "missing_lines": [696, 698, 724, 734, 735, 736, 755, 756, 758], "excluded_lines": [], "executed_branches": [], "missing_branches": [[734, 735], [734, 736]]}}}, "src/config_manager.py": {"executed_lines": [2, 7, 8, 9, 10, 11, 12, 14, 17, 18, 20, 21, 22, 23, 25, 27, 29, 32, 33, 34, 35, 37, 38, 39, 41, 44, 47, 49, 55, 58, 59, 102, 104, 105, 106, 107, 108, 110, 112, 113, 114, 115, 116, 118, 120, 122, 124, 126, 141, 142, 143, 145, 152, 153, 154, 155, 162, 164, 166, 168, 170, 173, 174, 175, 176, 177, 178, 181, 182, 184, 185, 187, 188, 190, 192, 193, 194, 196, 198, 199, 200, 202, 204, 207, 208, 209, 211, 213, 215, 216, 218, 219, 221, 227, 229, 231, 233, 235, 237, 239, 241, 243], "summary": {"covered_lines": 100, "num_statements": 108, "percent_covered": 92.56756756756756, "percent_covered_display": "92.57", "missing_lines": 8, "excluded_lines": 0, "percent_statements_covered": 92.5925925925926, "percent_statements_covered_display": "92.59", "num_branches": 40, "num_partial_branches": 3, "covered_branches": 37, "missing_branches": 3, "percent_branches_covered": 92.5, "percent_branches_covered_display": "92.50"}, "missing_lines": [51, 52, 53, 165, 223, 224, 225, 249], "excluded_lines": [], "executed_branches": [[32, 33], [32, 41], [35, 37], [104, 105], [104, 106], [106, 107], [106, 108], [108, 110], [108, 122], [114, 115], [114, 118], [141, -124], [141, 142], [143, 141], [143, 145], [145, 152], [145, 153], [153, 154], [153, 155], [155, 162], [155, 164], [164, 166], [173, 174], [173, 181], [181, 182], [181, 184], [184, 185], [184, 187], [187, -170], [187, 188], [192, 193], [192, 194], [198, 199], [198, 200], [207, 208], [208, 209], [208, 211]], "missing_branches": [[35, 44], [164, 165], [207, 211]], "functions": {"ConfigManager.__init__": {"executed_lines": [21, 22, 23], "summary": {"covered_lines": 3, "num_statements": 3, "percent_covered": 100.0, "percent_covered_display": "100.00", "missing_lines": 0, "excluded_lines": 0, "percent_statements_covered": 100.0, "percent_statements_covered_display": "100.00", "num_branches": 0, "num_partial_branches": 0, "covered_branches": 0, "missing_branches": 0, "percent_branches_covered": 100.0, "percent_branches_covered_display": "100.00"}, "missing_lines": [], "excluded_lines": [], "executed_branches": [], "missing_branches": []}, "ConfigManager.load_config": {"executed_lines": [27, 29, 32, 33, 34, 35, 37, 38, 39, 41, 44, 47, 49], "summary": {"covered_lines": 13, "num_statements": 16, "percent_covered": 80.0, "percent_covered_display": "80.00", "missing_lines": 3, "excluded_lines": 0, "percent_statements_covered": 81.25, "percent_statements_covered_display": "81.25", "num_branches": 4, "num_partial_branches": 1, "covered_branches": 3, "missing_branches": 1, "percent_branches_covered": 75.0, "percent_branches_covered_display": "75.00"}, "missing_lines": [51, 52, 53], "excluded_lines": [], "executed_branches": [[32, 33], [32, 41], [35, 37]], "missing_branches": [[35, 44]]}, "ConfigManager._get_default_config": {"executed_lines": [58, 59], "summary": {"covered_lines": 2, "num_statements": 2, "percent_covered": 100.0, "percent_covered_display": "100.00", "missing_lines": 0, "excluded_lines": 0, "percent_statements_covered": 100.0, "percent_statements_covered_display": "100.00", "num_branches": 0, "num_partial_branches": 0, "covered_branches": 0, "missing_branches": 0, "percent_branches_covered": 100.0, "percent_branches_covered_display": "100.00"}, "missing_lines": [], "excluded_lines": [], "executed_branches": [], "missing_branches": []}, "ConfigManager._substitute_env_vars": {"executed_lines": [104, 105, 106, 107, 108, 110, 112, 113, 114, 115, 116, 118, 120, 122], "summary": {"covered_lines": 14, "num_statements": 14, "percent_covered": 100.0, "percent_covered_display": "100.00", "missing_lines": 0, "excluded_lines": 0, "percent_statements_covered": 100.0, "percent_statements_covered_display": "100.00", "num_branches": 8, "num_partial_branches": 0, "covered_branches": 8, "missing_branches": 0, "percent_branches_covered": 100.0, "percent_branches_covered_display": "100.00"}, "missing_lines": [], "excluded_lines": [], "executed_branches": [[104, 105], [104, 106], [106, 107], [106, 108], [108, 110], [108, 122], [114, 115], [114, 118]], "missing_branches": []}, "ConfigManager._load_env_overrides": {"executed_lines": [126, 141, 142, 143, 145, 152, 153, 154, 155, 162, 164, 166, 168], "summary": {"covered_lines": 13, "num_statements": 14, "percent_covered": 92.3076923076923, "percent_covered_display": "92.31", "missing_lines": 1, "excluded_lines": 0, "percent_statements_covered": 92.85714285714286, "percent_statements_covered_display": "92.86", "num_branches": 12, "num_partial_branches": 1, "covered_branches": 11, "missing_branches": 1, "percent_branches_covered": 91.66666666666667, "percent_branches_covered_display": "91.67"}, "missing_lines": [165], "excluded_lines": [], "executed_branches": [[141, -124], [141, 142], [143, 141], [143, 145], [145, 152], [145, 153], [153, 154], [153, 155], [155, 162], [155, 164], [164, 166]], "missing_branches": [[164, 165]]}, "ConfigManager._validate_config": {"executed_lines": [173, 174, 175, 176, 177, 178, 181, 182, 184, 185, 187, 188], "summary": {"covered_lines": 12, "num_statements": 12, "percent_covered": 100.0, "percent_covered_display": "100.00", "missing_lines": 0, "excluded_lines": 0, "percent_statements_covered": 100.0, "percent_statements_covered_display": "100.00", "num_branches": 8, "num_partial_branches": 0, "covered_branches": 8, "missing_branches": 0, "percent_branches_covered": 100.0, "percent_branches_covered_display": "100.00"}, "missing_lines": [], "excluded_lines": [], "executed_branches": [[173, 174], [173, 181], [181, 182], [181, 184], [184, 185], [184, 187], [187, -170], [187, 188]], "missing_branches": []}, "ConfigManager.get": {"executed_lines": [192, 193, 194], "summary": {"covered_lines": 3, "num_statements": 3, "percent_covered": 100.0, "percent_covered_display": "100.00", "missing_lines": 0, "excluded_lines": 0, "percent_statements_covered": 100.0, "percent_statements_covered_display": "100.00", "num_branches": 2, "num_partial_branches": 0, "covered_branches": 2, "missing_branches": 0, "percent_branches_covered": 100.0, "percent_branches_covered_display": "100.00"}, "missing_lines": [], "excluded_lines": [], "executed_branches": [[192, 193], [192, 194]], "missing_branches": []}, "ConfigManager.set": {"executed_lines": [198, 199, 200], "summary": {"covered_lines": 3, "num_statements": 3, "percent_covered": 100.0, "percent_covered_display": "100.00", "missing_lines": 0, "excluded_lines": 0, "percent_statements_covered": 100.0, "percent_statements_covered_display": "100.00", "num_branches": 2, "num_partial_branches": 0, "covered_branches": 2, "missing_branches": 0, "percent_branches_covered": 100.0, "percent_branches_covered_display": "100.00"}, "missing_lines": [], "excluded_lines": [], "executed_branches": [[198, 199], [198, 200]], "missing_branches": []}, "ConfigManager.get_sanitized_config": {"executed_lines": [204, 207, 208, 209, 211], "summary": {"covered_lines": 5, "num_statements": 5, "percent_covered": 88.88888888888889, "percent_covered_display": "88.89", "missing_lines": 0, "excluded_lines": 0, "percent_statements_covered": 100.0, "percent_statements_covered_display": "100.00", "num_branches": 4, "num_partial_branches": 1, "covered_branches": 3, "missing_branches": 1, "percent_branches_covered": 75.0, "percent_branches_covered_display": "75.00"}, "missing_lines": [], "excluded_lines": [], "executed_branches": [[207, 208], [208, 209], [208, 211]], "missing_branches": [[207, 211]]}, "ConfigManager.save_config": {"executed_lines": [215, 216, 218, 219, 221], "summary": {"covered_lines": 5, "num_statements": 8, "percent_covered": 62.5, "percent_covered_display": "62.50", "missing_lines": 3, "excluded_lines": 0, "percent_statements_covered": 62.5, "percent_statements_covered_display": "62.50", "num_branches": 0, "num_partial_branches": 0, "covered_branches": 0, "missing_branches": 0, "percent_branches_covered": 100.0, "percent_branches_covered_display": "100.00"}, "missing_lines": [223, 224, 225], "excluded_lines": [], "executed_branches": [], "missing_branches": []}, "ConfigManager.get_ai_config": {"executed_lines": [229], "summary": {"covered_lines": 1, "num_statements": 1, "percent_covered": 100.0, "percent_covered_display": "100.00", "missing_lines": 0, "excluded_lines": 0, "percent_statements_covered": 100.0, "percent_statements_covered_display": "100.00", "num_branches": 0, "num_partial_branches": 0, "covered_branches": 0, "missing_branches": 0, "percent_branches_covered": 100.0, "percent_branches_covered_display": "100.00"}, "missing_lines": [], "excluded_lines": [], "executed_branches": [], "missing_branches": []}, "ConfigManager.get_server_config": {"executed_lines": [233], "summary": {"covered_lines": 1, "num_statements": 1, "percent_covered": 100.0, "percent_covered_display": "100.00", "missing_lines": 0, "excluded_lines": 0, "percent_statements_covered": 100.0, "percent_statements_covered_display": "100.00", "num_branches": 0, "num_partial_branches": 0, "covered_branches": 0, "missing_branches": 0, "percent_branches_covered": 100.0, "percent_branches_covered_display": "100.00"}, "missing_lines": [], "excluded_lines": [], "executed_branches": [], "missing_branches": []}, "ConfigManager.get_qubinode_config": {"execute
[...]
 100.0, "percent_branches_covered_display": "100.00"}, "missing_lines": [], "excluded_lines": [], "executed_branches": [], "missing_branches": []}, "SmartPipelineExecution": {"executed_lines": [], "summary": {"covered_lines": 0, "num_statements": 0, "percent_covered": 100.0, "percent_covered_display": "100.00", "missing_lines": 0, "excluded_lines": 0, "percent_statements_covered": 100.0, "percent_statements_covered_display": "100.00", "num_branches": 0, "num_partial_branches": 0, "covered_branches": 0, "missing_branches": 0, "percent_branches_covered": 100.0, "percent_branches_covered_display": "100.00"}, "missing_lines": [], "excluded_lines": [], "executed_branches": [], "missing_branches": []}, "SmartPipelineOrchestrator": {"executed_lines": [], "summary": {"covered_lines": 0, "num_statements": 292, "percent_covered": 0.0, "percent_covered_display": "0.00", "missing_lines": 292, "excluded_lines": 2, "percent_statements_covered": 0.0, "percent_statements_covered_display": "0.00", "num_branches": 128, "num_partial_branches": 0, "covered_branches": 0, "missing_branches": 128, "percent_branches_covered": 0.0, "percent_branches_covered_display": "0.00"}, "missing_lines": [379, 380, 381, 382, 383, 384, 387, 388, 390, 393, 414, 415, 417, 422, 424, 426, 427, 428, 430, 431, 433, 434, 435, 436, 437, 440, 441, 443, 450, 453, 454, 456, 458, 459, 460, 461, 462, 464, 467, 468, 476, 489, 491, 492, 493, 494, 501, 502, 513, 514, 515, 517, 518, 521, 522, 527, 528, 530, 531, 532, 533, 535, 536, 537, 538, 539, 540, 542, 549, 550, 551, 553, 554, 557, 558, 559, 560, 565, 566, 567, 568, 569, 570, 572, 573, 574, 582, 583, 584, 586, 587, 589, 608, 609, 611, 612, 614, 630, 631, 632, 644, 645, 646, 655, 656, 657, 663, 667, 668, 669, 677, 678, 679, 684, 685, 686, 691, 692, 693, 704, 705, 707, 712, 713, 714, 716, 717, 719, 720, 721, 724, 726, 732, 733, 734, 736, 737, 739, 740, 741, 745, 747, 748, 749, 750, 751, 752, 753, 754, 756, 763, 765, 766, 767, 775, 784, 793, 797, 818, 828, 831, 832, 833, 841, 842, 850, 851, 861, 870, 879, 892, 893, 895, 899, 900, 901, 902, 903, 911, 912, 913, 917, 918, 919, 920, 921, 929, 934, 1021, 1023, 1024, 1025, 1026, 1027, 1037, 1046, 1048, 1049, 1050, 1052, 1054, 1055, 1064, 1073, 1074, 1083, 1084, 1093, 1094, 1103, 1104, 1113, 1139, 1153, 1154, 1157, 1158, 1159, 1160, 1162, 1163, 1165, 1166, 1167, 1169, 1170, 1171, 1172, 1173, 1176, 1177, 1178, 1179, 1180, 1181, 1182, 1183, 1184, 1187, 1188, 1189, 1190, 1191, 1192, 1197, 1198, 1200, 1201, 1207, 1208, 1209, 1214, 1216, 1230, 1241, 1247, 1249, 1250, 1252, 1268, 1269, 1271, 1272, 1273, 1275, 1277, 1279, 1281, 1282, 1283, 1284, 1285, 1287, 1289, 1290, 1291, 1293, 1294, 1295, 1297, 1298, 1306, 1307, 1310, 1311, 1312, 1314, 1319, 1320, 1321, 1322, 1323], "excluded_lines": [627, 629], "executed_branches": [], "missing_branches": [[379, 380], [379, 381], [381, 382], [381, 383], [426, 427], [426, 440], [433, 434], [433, 440], [441, 443], [441, 453], [458, 459], [458, 464], [514, 515], [514, 517], [517, 518], [517, 521], [521, 522], [521, 542], [527, 528], [527, 542], [530, 531], [530, 535], [535, 536], [535, 542], [550, 551], [550, 553], [553, 554], [553, 557], [557, 558], [557, 572], [565, 566], [565, 572], [583, 584], [583, 586], [655, 656], [655, 663], [684, 685], [684, 693], [712, 713], [712, 716], [719, 720], [719, 724], [732, 733], [732, 736], [747, 748], [747, 749], [749, 750], [749, 751], [751, 752], [751, 753], [753, 754], [753, 756], [765, 766], [765, 775], [766, 765], [766, 767], [831, 832], [831, 861], [832, 833], [832, 841], [841, 842], [841, 850], [850, 851], [850, 861], [899, 900], [899, 903], [917, 918], [917, 921], [1023, 1024], [1023, 1037], [1025, 1023], [1025, 1026], [1026, 1023], [1026, 1027], [1048, 1049], [1048, 1113], [1052, 1054], [1052, 1073], [1054, 1055], [1054, 1064], [1073, 1074], [1073, 1083], [1083, 1084], [1083, 1093], [1093, 1094], [1093, 1103], [1103, 1048], [1103, 1104], [1157, 1158], [1157, 1176], [1162, 1163], [1162, 1169], [1169, 1170], [1169, 1176], [1176, 1177], [1176, 1187], [1178, 1179], [1178, 1187], [1180, 1178], [1180, 1181], [1182, 1178], [1182, 1183], [1189, 1190], [1189, 1197], [1197, 1198], [1197, 1214], [1200, 1201], [1200, 1214], [1214, 1216], [1214, 1252], [1249, 1250], [1249, 1252], [1271, 1272], [1271, 1297], [1275, 1277], [1275, 1281], [1281, 1282], [1281, 1287], [1282, 1271], [1282, 1283], [1287, 1289], [1287, 1293], [1290, 1271], [1290, 1291], [1293, 1271], [1293, 1294], [1311, 1312], [1311, 1314]]}, "": {"executed_lines": [1, 18, 19, 20, 21, 22, 23, 24, 26, 28, 36, 37, 47, 62, 63, 67, 84, 85, 86, 92, 93, 94, 95, 98, 99, 100, 107, 108, 111, 112, 113, 116, 119, 120, 121, 123, 142, 143, 150, 154, 228, 282, 283, 285, 286, 287, 288, 289, 290, 293, 294, 296, 297, 298, 299, 300, 303, 304, 305, 307, 308, 309, 310, 311, 314, 315, 316, 318, 319, 320, 321, 322, 325, 326, 327, 329, 330, 331, 332, 333, 334, 337, 338, 341, 344, 347, 348, 349, 352, 353, 356, 357, 373, 395, 504, 544, 576, 602, 638, 671, 695, 743, 758, 795, 816, 826, 885, 905, 923, 1039, 1115, 1254, 1300, 1327, 1330, 1338, 1389, 1438, 1463, 1473, 1538, 1605], "summary": {"covered_lines": 111, "num_statements": 155, "percent_covered": 62.71186440677966, "percent_covered_display": "62.71", "missing_lines": 44, "excluded_lines": 7, "percent_statements_covered": 71.61290322580645, "percent_statements_covered_display": "71.61", "num_branches": 22, "num_partial_branches": 0, "covered_branches": 0, "missing_branches": 22, "percent_branches_covered": 0.0, "percent_branches_covered_display": "0.00"}, "missing_lines": [1333, 1334, 1335, 1348, 1349, 1355, 1408, 1409, 1412, 1413, 1414, 1415, 1416, 1417, 1418, 1419, 1420, 1421, 1428, 1440, 1442, 1443, 1445, 1446, 1448, 1449, 1451, 1452, 1454, 1455, 1457, 1458, 1460, 1465, 1497, 1498, 1500, 1501, 1503, 1561, 1562, 1564, 1565, 1573], "excluded_lines": [1526, 1527, 1529, 1530, 1594, 1595, 1596], "executed_branches": [], "missing_branches": [[1333, 1334], [1333, 1335], [1413, 1414], [1413, 1428], [1415, 1413], [1415, 1416], [1417, 1418], [1417, 1419], [1420, 1415], [1420, 1421], [1442, 1443], [1442, 1457], [1445, 1446], [1445, 1448], [1448, 1449], [1448, 1451], [1451, 1452], [1451, 1454], [1454, 1442], [1454, 1455], [1457, 1458], [1457, 1460]]}}}, "src/tools/__init__.py": {"executed_lines": [1, 10, 23], "summary": {"covered_lines": 2, "num_statements": 2, "percent_covered": 100.0, "percent_covered_display": "100.00", "missing_lines": 0, "excluded_lines": 0, "percent_statements_covered": 100.0, "percent_statements_covered_display": "100.00", "num_branches": 0, "num_partial_branches": 0, "covered_branches": 0, "missing_branches": 0, "percent_branches_covered": 100.0, "percent_branches_covered_display": "100.00"}, "missing_lines": [], "excluded_lines": [], "executed_branches": [], "missing_branches": [], "functions": {"": {"executed_lines": [1, 10, 23], "summary": {"covered_lines": 2, "num_statements": 2, "percent_covered": 100.0, "percent_covered_display": "100.00", "missing_lines": 0, "excluded_lines": 0, "percent_statements_covered": 100.0, "percent_statements_covered_display": "100.00", "num_branches": 0, "num_partial_branches": 0, "covered_branches": 0, "missing_branches": 0, "percent_branches_covered": 100.0, "percent_branches_covered_display": "100.00"}, "missing_lines": [], "excluded_lines": [], "executed_branches": [], "missing_branches": []}}, "classes": {"": {"executed_lines": [1, 10, 23], "summary": {"covered_lines": 2, "num_statements": 2, "percent_covered": 100.0, "percent_covered_display": "100.00", "missing_lines": 0, "excluded_lines": 0, "percent_statements_covered": 100.0, "percent_statements_covered_display": "100.00", "num_branches": 0, "num_partial_branches": 0, "covered_branches": 0, "missing_branches": 0, "percent_branches_covered": 100.0, "percent_branches_covered_display": "100.00"}, "missing_lines": [], "excluded_lines": [], "executed_branches": [], "missing_branches": []}}}, "src/tools/web_search.py": {"executed_lines": [1, 12, 13, 14, 16, 19, 20, 22, 23, 25, 30, 31, 32, 34, 35, 36, 37, 38, 41, 59, 62, 65, 72, 73, 74, 75, 78, 79, 91, 93, 95, 97, 98, 102, 112, 114, 115, 117, 133, 135, 136, 137, 138, 139, 140, 144, 154, 155, 157, 168, 169, 171, 181, 182, 186, 198, 199, 202, 205, 215, 218, 228, 231, 241, 245], "summary": {"covered_lines": 62, "num_statements": 70, "percent_covered": 85.71428571428571, "percent_covered_display": "85.71", "missing_lines": 8, "excluded_lines": 2, "percent_statements_covered": 88.57142857142857, "percent_statements_covered_display": "88.57", "num_branches": 14, "num_partial_branches": 4, "covered_branches": 10, "missing_branches": 4, "percent_branches_covered": 71.42857142857143, "percent_branches_covered_display": "71.43"}, "missing_lines": [60, 61, 94, 100, 123, 124, 125, 142], "excluded_lines": [26, 27], "executed_branches": [[59, 62], [73, 74], [93, 95], [135, 136], [135, 137], [137, 138], [137, 139], [139, 140], [198, 199], [198, 202]], "missing_branches": [[59, 60], [73, 75], [93, 94], [139, 142]], "functions": {"get_search_tool": {"executed_lines": [59, 62], "summary": {"covered_lines": 2, "num_statements": 4, "percent_covered": 50.0, "percent_covered_display": "50.00", "missing_lines": 2, "excluded_lines": 0, "percent_statements_covered": 50.0, "percent_statements_covered_display": "50.00", "num_branches": 2, "num_partial_branches": 1, "covered_branches": 1, "missing_branches": 1, "percent_branches_covered": 50.0, "percent_branches_covered_display": "50.00"}, "missing_lines": [60, 61], "excluded_lines": [], "executed_branches": [[59, 62]], "missing_branches": [[59, 60]]}, "create_search_enabled_agent_tools": {"executed_lines": [72, 73, 74, 75], "summary": {"covered_lines": 4, "num_statements": 4, "percent_covered": 83.33333333333333, "percent_covered_display": "83.33", "missing_lines": 0, "excluded_lines": 0, "percent_statements_covered": 100.0, "percent_statements_covered_display": "100.00", "num_branches": 2, "num_partial_branches": 1, "covered_branches": 1, "missing_branches": 1, "percent_branches_covered": 50.0, "percent_branches_covered_display": "50.00"}, "missing_lines": [], "excluded_lines": [], "executed_branches": [[73, 74]], "missing_branches": [[73, 75]]}, "WebSearchService.__init__": {"executed_lines": [93, 95], "summary": {"covered_lines": 2, "num_statements": 3, "percent_covered": 60.0, "percent_covered_display": "60.00", "missing_lines": 1, "excluded_lines": 0, "percent_statements_covered": 66.66666666666667, "percent_statements_covered_display": "66.67", "num_branches": 2, "num_partial_branches": 1, "covered_branches": 1, "missing_branches": 1, "percent_branches_covered": 50.0, "percent_branches_covered_display": "50.00"}, "missing_lines": [94], "excluded_lines": [], "executed_branches": [[93, 95]], "missing_branches": [[93, 94]]}, "WebSearchService.search_tool": {"executed_lines": [], "summary": {"covered_lines": 0, "num_statements": 1, "percent_covered": 0.0, "percent_covered_display": "0.00", "missing_lines": 1, "excluded_lines": 0, "percent_statements_covered": 0.0, "percent_statements_covered_display": "0.00", "num_branches": 0, "num_partial_branches": 0, "covered_branches": 0, "missing_branches": 0, "percent_branches_covered": 100.0, "percent_branches_covered_display": "100.00"}, "missing_lines": [100], "excluded_lines": [], "executed_branches": [], "missing_branches": []}, "WebSearchService.search": {"executed_lines": [112, 114, 115, 117], "summary": {"covered_lines": 4, "num_statements": 7, "percent_covered": 57.142857142857146, "percent_covered_display": "57.14", "missing_lines": 3, "excluded_lines": 0, "percent_statements_covered": 57.142857142857146, "percent_statements_covered_display": "57.14", "num_branches": 0, "num_partial_branches": 0, "covered_branches": 0, "missing_branches": 0, "percent_branches_covered": 100.0, "percent_branches_covered_display": "100.00"}, "missing_lines": [123, 124, 125], "excluded_lines": [], "executed_branches": [], "missing_branches": []}, "WebSearchService._parse_results": {"executed_lines": [135, 136, 137, 138, 139, 140], "summary": {"covered_lines": 6, "num_statements": 7, "percent_covered": 84.61538461538461, "percent_covered_display": "84.62", "missing_lines": 1, "excluded_lines": 0, "percent_statements_covered": 85.71428571428571, "percent_statements_covered_display": "85.71", "num_branches": 6, "num_partial_branches": 1, "covered_branches": 5, "missing_branches": 1, "percent_branches_covered": 83.33333333333333, "percent_branches_covered_display": "83.33"}, "missing_lines": [142], "excluded_lines": [], "executed_branches": [[135, 136], [135, 137], [137, 138], [137, 139], [139, 140]], "missing_branches": [[139, 142]]}, "WebSearchService.search_infrastructure_docs": {"executed_lines": [154, 155], "summary": {"covered_lines": 2, "num_statements": 2, "percent_covered": 100.0, "percent_covered_display": "100.00", "missing_lines": 0, "excluded_lines": 0, "percent_statements_covered": 100.0, "percent_statements_covered_display": "100.00", "num_branches": 0, "num_partial_branches": 0, "covered_branches": 0, "missing_branches": 0, "percent_branches_covered": 100.0, "percent_branches_covered_display": "100.00"}, "missing_lines": [], "excluded_lines": [], "executed_branches": [], "missing_branches": []}, "WebSearchService.search_troubleshooting": {"executed_lines": [168, 169], "summary": {"covered_lines": 2, "num_statements": 2, "percent_covered": 100.0, "percent_covered_display": "100.00", "missing_lines": 0, "excluded_lines": 0, "percent_statements_covered": 100.0, "percent_statements_covered_display": "100.00", "num_branches": 0, "num_partial_branches": 0, "covered_branches": 0, "missing_branches": 0, "percent_branches_covered": 100.0, "percent_branches_covered_display": "100.00"}, "missing_lines": [], "excluded_lines": [], "executed_branches": [], "missing_branches": []}, "WebSearchService.search_provider_info": {"executed_lines": [181, 182], "summary": {"covered_lines": 2, "num_statements": 2, "percent_covered": 100.0, "percent_covered_display": "100.00", "missing_lines": 0, "excluded_lines": 0, "percent_statements_covered": 100.0, "percent_statements_covered_display": "100.00", "num_branches": 0, "num_partial_branches": 0, "covered_branches": 0, "missing_branches": 0, "percent_branches_covered": 100.0, "percent_branches_covered_display": "100.00"}, "missing_lines": [], "excluded_lines": [], "executed_branches": [], "missing_branches": []}, "quick_search": {"executed_lines": [198, 199, 202], "summary": {"covered_lines": 3, "num_statements": 3, "percent_covered": 100.0, "percent_covered_display": "100.00", "missing_lines": 0, "excluded_lines": 0, "percent_statements_covered": 100.0, "percent_statements_covered_display": "100.00", "num_branches": 2, "num_partial_branches": 0, "covered_branches": 2, "missing_branches": 0, "percent_branches_covered": 100.0, "percent_branches_covered_display": "100.00"}, "missing_lines": [], "excluded_lines": [], "executed_branches": [[198, 199], [198, 202]], "missing_branches": []}, "search_airflow_docs": {"executed_lines": [215], "summary": {"covered_lines": 1, "num_statements": 1, "percent_covered": 100.0, "percent_covered_display": "100.00", "missing_lines": 0, "excluded_lines": 0, "percent_statements_covered": 100.0, "percent_statements_covered_display": "100.00", "num_branches": 0, "num_partial_branches": 0, "covered_branches": 0, "missing_branches": 0, "percent_branches_covered": 100.0, "percent_branches_covered_display": "100.00"}, "missing_lines": [], "excluded_lines": [], "executed_branches": [], "missing_branches": []}, "search_kubernetes_docs": {"executed_lines": [228], "summary": {"covered_lines": 1, "num_statements": 1, "percent_covered": 100.0, "percent_covered_display": "100.00", "missing_lines": 0, "excluded_lines": 0, "percent_statements_covered": 100.0, "percent_statements_covered_display": "100.00", "num_branches": 0, "num_partial_branches": 0, "covered_branches": 0, "missing_branches": 0, "percent_branches_covered": 100.0, "percent_branches_covered_display": "100.00"}, "missing_lines": [], "excluded_lines": [], "executed_branches": [], "missing_branches": []}, "search_openshift_docs": {"executed_lines": [241], "summary": {"covered_lines": 1, "num_statements": 1, "percent_covered": 100.0, "percent_covered_display": "100.00", "missing_lines": 0, "excluded_lines": 0, "percent_statements_covered": 100.0, "percent_statements_covered_display": "100.00", "num_branches": 0, "num_partial_branches": 0, "covered_branches": 0, "missing_branches": 0, "percent_branches_covered": 100.0, "percent_branches_covered_display": "100.00"}, "missing_lines": [], "excluded_lines": [], "executed_branches": [], "missing_branches": []}, "": {"executed_lines": [1, 12, 13, 14, 16, 19, 20, 22, 23, 25, 30, 31, 32, 34, 35, 36, 37, 38, 41, 65, 78, 79, 91, 97, 98, 102, 133, 144, 157, 171, 186, 205, 218, 231, 245], "summary": {"covered_lines": 32, "num_statements": 32, "percent_covered": 100.0, "percent_covered_display": "100.00", "missing_lines": 0, "excluded_lines": 2, "percent_statements_covered": 100.0, "percent_statements_covered_display": "100.00", "num_branches": 0, "num_partial_branches": 0, "covered_branches": 0, "missing_branches": 0, "percent_branches_covered": 100.0, "percent_branches_covered_display": "100.00"}, "missing_lines": [], "excluded_lines": [26, 27], "executed_branches": [], "missing_branches": []}}, "classes": {"SearchResult": {"executed_lines": [], "summary": {"covered_lines": 0, "num_statements": 0, "percent_covered": 100.0, "percent_covered_display": "100.00", "missing_lines": 0, "excluded_lines": 0, "percent_statements_covered": 100.0, "percent_statements_covered_display": "100.00", "num_branches": 0, "num_partial_branches": 0, "covered_branches": 0, "missing_branches": 0, "percent_branches_covered": 100.0, "percent_branches_covered_display": "100.00"}, "missing_lines": [], "excluded_lines": [], "executed_branches": [], "missing_branches": []}, "WebSearchService": {"executed_lines": [93, 95, 112, 114, 115, 117, 135, 136, 137, 138, 139, 140, 154, 155, 168, 169, 181, 182], "summary": {"covered_lines": 18, "num_statements": 24, "percent_covered": 75.0, "percent_covered_display": "75.00", "missing_lines": 6, "excluded_lines": 0, "percent_statements_covered": 75.0, "percent_statements_covered_display": "75.00", "num_branches": 8, "num_partial_branches": 2, "covered_branches": 6, "missing_branches": 2, "percent_branches_covered": 75.0, "percent_branches_covered_display": "75.00"}, "missing_lines": [94, 100, 123, 124, 125, 142], "excluded_lines": [], "executed_branches": [[93, 95], [135, 136], [135, 137], [137, 138], [137, 139], [139, 140]], "missing_branches": [[93, 94], [139, 142]]}, "": {"executed_lines": [1, 12, 13, 14, 16, 19, 20, 22, 23, 25, 30, 31, 32, 34, 35, 36, 37, 38, 41, 59, 62, 65, 72, 73, 74, 75, 78, 79, 91, 97, 98, 102, 133, 144, 157, 171, 186, 198, 199, 202, 205, 215, 218, 228, 231, 241, 245], "summary": {"covered_lines": 44, "num_statements": 46, "percent_covered": 92.3076923076923, "percent_covered_display": "92.31", "missing_lines": 2, "excluded_lines": 2, "percent_statements_covered": 95.65217391304348, "percent_statements_covered_display": "95.65", "num_branches": 6, "num_partial_branches": 2, "covered_branches": 4, "missing_branches": 2, "percent_branches_covered": 66.66666666666667, "percent_branches_covered_display": "66.67"}, "missing_lines": [60, 61], "excluded_lines": [26, 27], "executed_branches": [[59, 62], [73, 74], [198, 199], [198, 202]], "missing_branches": [[59, 60], [73, 75]]}}}}, "totals": {"covered_lines": 1784, "num_statements": 3866, "percent_covered": 40.133441164577434, "percent_covered_display": "40.13", "missing_lines": 2082, "excluded_lines": 78, "percent_statements_covered": 46.145887221934814, "percent_statements_covered_display": "46.15", "num_branches": 1080, "num_partial_branches": 37, "covered_branches": 201, "missing_branches": 879, "percent_branches_covered": 18.61111111111111, "percent_branches_covered_display": "18.61"}}