{"meta": {"format": 3, "version": "7.12.0", "timestamp": "2025-12-05T15:47:39.888072", "branch_coverage": true, "show_contexts": false}, "files": {"src/config_manager.py": {"executed_lines": [2, 7, 8, 9, 10, 11, 12, 14, 17, 18, 20, 21, 22, 23, 25, 27, 29, 32, 33, 34, 35, 37, 38, 39, 41, 44, 47, 49, 55, 57, 99, 101, 102, 103, 104, 105, 107, 109, 110, 111, 112, 113, 115, 117, 119, 121, 123, 137, 138, 139, 141, 148, 149, 150, 151, 157, 159, 161, 163, 165, 168, 169, 170, 171, 176, 177, 179, 180, 182, 183, 185, 187, 188, 189, 191, 193, 194, 195, 197, 199, 202, 203, 204, 206, 208, 210, 211, 213, 214, 216, 222, 224, 226, 228, 230, 232, 234, 236], "summary": {"covered_lines": 96, "num_statements": 105, "percent_covered": 91.72413793103448, "percent_covered_display": "91.72", "missing_lines": 9, "excluded_lines": 0, "percent_statements_covered": 91.42857142857143, "percent_statements_covered_display": "91.43", "num_branches": 40, "num_partial_branches": 3, "covered_branches": 37, "missing_branches": 3, "percent_branches_covered": 92.5, "percent_branches_covered_display": "92.50"}, "missing_lines": [51, 52, 53, 160, 172, 173, 218, 219, 220], "excluded_lines": [], "executed_branches": [[32, 33], [32, 41], [35, 37], [101, 102], [101, 103], [103, 104], [103, 105], [105, 107], [105, 119], [111, 112], [111, 115], [137, -121], [137, 138], [139, 137], [139, 141], [141, 148], [141, 149], [149, 150], [149, 151], [151, 157], [151, 159], [159, 161], [168, 169], [168, 176], [176, 177], [176, 179], [179, 180], [179, 182], [182, -165], [182, 183], [187, 188], [187, 189], [193, 194], [193, 195], [202, 203], [203, 204], [203, 206]], "missing_branches": [[35, 44], [159, 160], [202, 206]], "functions": {"ConfigManager.__init__": {"executed_lines": [21, 22, 23], "summary": {"covered_lines": 3, "num_statements": 3, "percent_covered": 100.0, "percent_covered_display": "100.00", "missing_lines": 0, "excluded_lines": 0, "percent_statements_covered": 100.0, "percent_statements_covered_display": "100.00", "num_branches": 0, "num_partial_branches": 0, "covered_branches": 0, "missing_branches": 0, "percent_branches_covered": 100.0, "percent_branches_covered_display": "100.00"}, "missing_lines": [], "excluded_lines": [], "executed_branches": [], "missing_branches": []}, "ConfigManager.load_config": {"executed_lines": [27, 29, 32, 33, 34, 35, 37, 38, 39, 41, 44, 47, 49], "summary": {"covered_lines": 13, "num_statements": 16, "percent_covered": 80.0, "percent_covered_display": "80.00", "missing_lines": 3, "excluded_lines": 0, "percent_statements_covered": 81.25, "percent_statements_covered_display": "81.25", "num_branches": 4, "num_partial_branches": 1, "covered_branches": 3, "missing_branches": 1, "percent_branches_covered": 75.0, "percent_branches_covered_display": "75.00"}, "missing_lines": [51, 52, 53], "excluded_lines": [], "executed_branches": [[32, 33], [32, 41], [35, 37]], "missing_branches": [[35, 44]]}, "ConfigManager._get_default_config": {"executed_lines": [57], "summary": {"covered_lines": 1, "num_statements": 1, "percent_covered": 100.0, "percent_covered_display": "100.00", "missing_lines": 0, "excluded_lines": 0, "percent_statements_covered": 100.0, "percent_statements_covered_display": "100.00", "num_branches": 0, "num_partial_branches": 0, "covered_branches": 0, "missing_branches": 0, "percent_branches_covered": 100.0, "percent_branches_covered_display": "100.00"}, "missing_lines": [], "excluded_lines": [], "executed_branches": [], "missing_branches": []}, "ConfigManager._substitute_env_vars": {"executed_lines": [101, 102, 103, 104, 105, 107, 109, 110, 111, 112, 113, 115, 117, 119], "summary": {"covered_lines": 14, "num_statements": 14, "percent_covered": 100.0, "percent_covered_display": "100.00", "missing_lines": 0, "excluded_lines": 0, "percent_statements_covered": 100.0, "percent_statements_covered_display": "100.00", "num_branches": 8, "num_partial_branches": 0, "covered_branches": 8, "missing_branches": 0, "percent_branches_covered": 100.0, "percent_branches_covered_display": "100.00"}, "missing_lines": [], "excluded_lines": [], "executed_branches": [[101, 102], [101, 103], [103, 104], [103, 105], [105, 107], [105, 119], [111, 112], [111, 115]], "missing_branches": []}, "ConfigManager._load_env_overrides": {"executed_lines": [123, 137, 138, 139, 141, 148, 149, 150, 151, 157, 159, 161, 163], "summary": {"covered_lines": 13, "num_statements": 14, "percent_covered": 92.3076923076923, "percent_covered_display": "92.31", "missing_lines": 1, "excluded_lines": 0, "percent_statements_covered": 92.85714285714286, "percent_statements_covered_display": "92.86", "num_branches": 12, "num_partial_branches": 1, "covered_branches": 11, "missing_branches": 1, "percent_branches_covered": 91.66666666666667, "percent_branches_covered_display": "91.67"}, "missing_lines": [160], "excluded_lines": [], "executed_branches": [[137, -121], [137, 138], [139, 137], [139, 141], [141, 148], [141, 149], [149, 150], [149, 151], [151, 157], [151, 159], [159, 161]], "missing_branches": [[159, 160]]}, "ConfigManager._validate_config": {"executed_lines": [168, 169, 170, 171, 176, 177, 179, 180, 182, 183], "summary": {"covered_lines": 10, "num_statements": 12, "percent_covered": 90.0, "percent_covered_display": "90.00", "missing_lines": 2, "excluded_lines": 0, "percent_statements_covered": 83.33333333333333, "percent_statements_covered_display": "83.33", "num_branches": 8, "num_partial_branches": 0, "covered_branches": 8, "missing_branches": 0, "percent_branches_covered": 100.0, "percent_branches_covered_display": "100.00"}, "missing_lines": [172, 173], "excluded_lines": [], "executed_branches": [[168, 169], [168, 176], [176, 177], [176, 179], [179, 180], [179, 182], [182, -165], [182, 183]], "missing_branches": []}, "ConfigManager.get": {"executed_lines": [187, 188, 189], "summary": {"covered_lines": 3, "num_statements": 3, "percent_covered": 100.0, "percent_covered_display": "100.00", "missing_lines": 0, "excluded_lines": 0, "percent_statements_covered": 100.0, "percent_statements_covered_display": "100.00", "num_branches": 2, "num_partial_branches": 0, "covered_branches": 2, "missing_branches": 0, "percent_branches_covered": 100.0, "percent_branches_covered_display": "100.00"}, "missing_lines": [], "excluded_lines": [], "executed_branches": [[187, 188], [187, 189]], "missing_branches": []}, "ConfigManager.set": {"executed_lines": [193, 194, 195], "summary": {"covered_lines": 3, "num_statements": 3, "percent_covered": 100.0, "percent_covered_display": "100.00", "missing_lines": 0, "excluded_lines": 0, "percent_statements_covered": 100.0, "percent_statements_covered_display": "100.00", "num_branches": 2, "num_partial_branches": 0, "covered_branches": 2, "missing_branches": 0, "percent_branches_covered": 100.0, "percent_branches_covered_display": "100.00"}, "missing_lines": [], "excluded_lines": [], "executed_branches": [[193, 194], [193, 195]], "missing_branches": []}, "ConfigManager.get_sanitized_config": {"executed_lines": [199, 202, 203, 204, 206], "summary": {"covered_lines": 5, "num_statements": 5, "percent_covered": 88.88888888888889, "percent_covered_display": "88.89", "missing_lines": 0, "excluded_lines": 0, "percent_statements_covered": 100.0, "percent_statements_covered_display": "100.00", "num_branches": 4, "num_partial_branches": 1, "covered_branches": 3, "missing_branches": 1, "percent_branches_covered": 75.0, "percent_branches_covered_display": "75.00"}, "missing_lines": [], "excluded_lines": [], "executed_branches": [[202, 203], [203, 204], [203, 206]], "missing_branches": [[202, 206]]}, "ConfigManager.save_config": {"executed_lines": [210, 211, 213, 214, 216], "summary": {"covered_lines": 5, "num_statements": 8, "percent_covered": 62.5, "percent_covered_display": "62.50", "missing_lines": 3, "excluded_lines": 0, "percent_statements_covered": 62.5, "percent_statements_covered_display": "62.50", "num_branches": 0, "num_partial_branches": 0, "covered_branches": 0, "missing_branches": 0, "percent_branches_covered": 100.0, "percent_branches_covered_display": "100.00"}, "missing_lines": [218, 219, 220], "excluded_lines": [], "executed_branches": [], "missing_branches": []}, "ConfigManager.get_ai_config": {"executed_lines": [224], "summary": {"covered_lines": 1, "num_statements": 1, "percent_covered": 100.0, "percent_covered_display": "100.00", "missing_lines": 0, "excluded_lines": 0, "percent_statements_covered": 100.0, "percent_statements_covered_display": "100.00", "num_branches": 0, "num_partial_branches": 0, "covered_branches": 0, "missing_branches": 0, "percent_branches_covered": 100.0, "percent_branches_covered_display": "100.00"}, "missing_lines": [], "excluded_lines": [], "executed_branches": [], "missing_branches": []}, "ConfigManager.get_server_config": {"executed_lines": [228], "summary": {"covered_lines": 1, "num_statements": 1, "percent_covered": 100.0, "percent_covered_display": "100.00", "missing_lines": 0, "excluded_lines": 0, "percent_statements_covered": 100.0, "percent_statements_covered_display": "100.00", "num_branches": 0, "num_partial_branches": 0, "covered_branches": 0, "missing_branches": 0, "percent_branches_covered": 100.0, "percent_branches_covered_display": "100.00"}, "missing_lines": [], "excluded_lines": [], "executed_branches": [], "missing_branches": []}, "ConfigManager.get_qubinode_config": {"executed_lines": [232], "summary": {"covered_lines": 1, "num_statements": 1, "percent_covered": 100.0, "percent_covered_display": "100.00", "missing_lines": 0, "excluded_lines": 0, "percent_statements_covered": 100.0, "percent_statements_covered_display": "100.00", "num_branches": 0, "num_partial_branches": 0, "covered_branches": 0, "missing_branches": 0, "percent_branches_covered": 100.0, "percent_branches_covered_display": "100.00"}, "missing_lines": [], "excluded_lines": [], "executed_branches": [], "missing_branches": []}, "ConfigManager.is_feature_enabled": {"executed_lines": [236], "summary": {"covered_lines": 1, "num_statements": 1, "percent_covered": 100.0, "percent_covered_display": "100.00", "missing_lines": 0, "excluded_lines": 0, "percent_statements_covered": 100.0, "percent_statements_covered_display": "100.00", "num_branches": 0, "num_partial_branches": 0, "covered_branches": 0, "missing_branches": 0, "percent_branches_covered": 100.0, "percent_branches_covered_display": "100.00"}, "missing_lines": [], "excluded_lines": [], "executed_branches": [], "missing_branches": []}, "": {"executed_lines": [2, 7, 8, 9, 10, 11, 12, 14, 17, 18, 20, 25, 55, 99, 121, 165, 185, 191, 197, 208, 222, 226, 230, 234], "summary": {"covered_lines": 22, "num_statements": 22, "percent_covered": 100.0, "percent_covered_display": "100.00", "missing_lines": 0, "excluded_lines": 0, "percent_statements_covered": 100.0, "percent_statements_covered_display": "100.00", "num_branches": 0, "num_partial_branches": 0, "covered_branches": 0, "missing_branches": 0, "percent_branches_covered": 100.0, "percent_branches_covered_display": "100.00"}, "missing_lines": [], "excluded_lines": [], "executed_branches": [], "missing_branches": []}}, "classes": {"ConfigManager": {"executed_lines": [21, 22, 23, 27, 29, 32, 33, 34, 35, 37, 38, 39, 41, 44, 47, 49, 57, 101, 102, 103, 104, 105, 107, 109, 110, 111, 112, 113, 115, 117, 119, 123, 137, 138, 139, 141, 148, 149, 150, 151, 157, 159, 161, 163, 168, 169, 170, 171, 176, 177, 179, 180, 182, 183, 187, 188, 189, 193, 194, 195, 199, 202, 203, 204, 206, 210, 211, 213, 214, 216, 224, 228, 232, 236], "summary": {"covered_lines": 74, "num_statements": 83, "percent_covered": 90.2439024390244, "percent_covered_display": "90.24", "missing_lines": 9, "excluded_lines": 0, "percent_statements_covered": 89.1566265060241, "percent_statements_covered_display": "89.16", "num_branches": 40, "num_partial_branches": 3, "covered_branches": 37, "missing_branches": 3, "percent_branches_covered": 92.5, "percent_branches_covered_display": "92.50"}, "missing_lines": [51, 52, 53, 160, 172, 173, 218, 219, 220], "excluded_lines": [], "executed_branches": [[32, 33], [32, 41], [35, 37], [101, 102], [101, 103], [103, 104], [103, 105], [105, 107], [105, 119], [111, 112], [111, 115], [137, -121], [137, 138], [139, 137], [139, 141], [141, 148], [141, 149], [149, 150], [149, 151], [151, 157], [151, 159], [159, 161], [168, 169], [168, 176], [176, 177], [176, 179], [179, 180], [179, 182], [182, -165], [182, 183], [187, 188], [187, 189], [193, 194], [193, 195], [202, 203], [203, 204], [203, 206]], "missing_branches": [[35, 44], [159, 160], [202, 206]]}, "": {"executed_lines": [2, 7, 8, 9, 10, 11, 12, 14, 17, 18, 20, 25, 55, 99, 121, 165, 185, 191, 197, 208, 222, 226, 230, 234], "summary": {"covered_lines": 22, "num_statements": 22, "percent_covered": 100.0, "percent_covered_display": "100.00", "missing_lines": 0, "excluded_lines": 0, "percent_statements_covered": 100.0, "percent_statements_covered_display": "100.00", "num_branches": 0, "num_partial_branches": 0, "covered_branches": 0, "missing_branches": 0, "percent_branches_covered": 100.0, "percent_branches_covered_display": "100.00"}, "missing_lines": [], "excluded_lines": [], "executed_branches": [], "missing_branches": []}}}, "src/diagnostic_tools.py": {"executed_lines": [1, 7, 8, 9, 10, 11, 12, 13, 14, 16, 19, 20, 21, 23, 24, 25, 26, 27, 28, 30, 32, 35, 36, 38, 39, 40, 41, 43, 44, 48, 56, 66, 67, 69, 70, 72, 74, 76, 78, 91, 92, 100, 101, 103, 104, 106, 108, 110, 112, 121, 122, 131, 132, 133, 134, 135, 147, 148, 149, 150, 161, 168, 169, 177, 178, 180, 181, 183, 185, 188, 199, 201, 202, 204, 205, 207, 214, 215, 218, 230, 232, 233, 234, 235, 236, 238, 253, 254, 262, 263, 265, 266, 268, 270, 272, 273, 275, 285, 286, 289, 290, 293, 294, 296, 306, 307, 308, 310, 316, 317, 325, 326, 328, 329, 331, 333, 335, 336, 339, 340, 341, 342, 343, 344, 349, 350, 351, 352, 353, 358, 359, 360, 361, 362, 367, 368, 374, 375, 376, 377, 381, 382, 390, 391, 393, 394, 396, 398, 400, 401, 403, 404, 407, 408, 409, 410, 411, 412, 413, 425, 426, 427, 428, 435, 447, 450, 451, 457, 464, 465, 473, 474, 476, 477, 478, 479, 481, 483, 492, 493, 495, 497, 498, 500, 502, 504, 506, 508, 510, 511, 512, 520, 521, 532, 534, 536, 537, 538, 539, 550, 552, 554, 557, 560, 568, 575], "summary": {"covered_lines": 194, "num_statements": 248, "percent_covered": 79.43262411347517, "percent_covered_display": "79.43", "missing_lines": 54, "excluded_lines": 4, "percent_statements_covered": 78.2258064516129, "percent_statements_covered_display": "78.23", "num_branches": 34, "num_partial_branches": 4, "covered_branches": 30, "missing_branches": 4, "percent_branches_covered": 88.23529411764706, "percent_branches_covered_display": "88.24"}, "missing_lines": [94, 95, 96, 97, 143, 144, 171, 172, 173, 174, 240, 241, 246, 247, 256, 257, 258, 259, 298, 303, 319, 320, 321, 322, 345, 346, 354, 355, 363, 364, 378, 379, 384, 385, 386, 387, 421, 422, 439, 440, 444, 445, 461, 462, 467, 468, 469, 470, 522, 523, 524, 540, 541, 542], "excluded_lines": [43, 44, 45, 46], "executed_branches": [[132, 133], [132, 147], [149, 150], [149, 161], [204, 205], [204, 253], [232, 233], [233, 234], [233, 238], [234, 235], [275, 285], [275, 306], [289, 290], [289, 293], [307, 308], [307, 310], [361, 362], [374, 375], [410, 411], [410, 425], [412, 410], [412, 413], [426, 427], [426, 447], [492, -481], [492, 493], [511, 512], [511, 520], [536, 537], [536, 550]], "missing_branches": [[232, 238], [234, 233], [361, 367], [374, 381]], "functions": {"ToolResult.to_dict": {"executed_lines": [32], "summary": {"covered_lines": 1, "num_statements": 1, "percent_covered": 100.0, "percent_covered_display": "100.00", "missing_lines": 0, "excluded_lines": 0, "percent_statements_covered": 100.0, "percent_statements_covered_display": "100.00", "num_branches": 0, "num_partial_branches": 0, "covered_branches": 0, "missing_branches": 0, "percent_branches_covered": 100.0, "percent_branches_covered_display": "100.00"}, "missing_lines": [], "excluded_lines": [], "executed_branches": [], "missing_branches": []}, "DiagnosticTool.__init__": {"executed_lines": [39, 40, 41], "summary": {"covered_lines": 3, "num_statements": 3, "percent_covered": 100.0, "percent_covered_display": "100.00", "missing_lines": 0, "excluded_lines": 0, "percent_statements_covered": 100.0, "percent_statements_covered_display": "100.00", "num_branches": 0, "num_partial_branches": 0, "covered_branches": 0, "missing_branches": 0, "percent_branches_covered": 100.0, "percent_branches_covered_display": "100.00"}, "missing_lines": [], "excluded_lines": [], "executed_branches": [], "missing_branches": []}, "DiagnosticTool.execute": {"executed_lines": [], "summary": {"covered_lines": 0, "num_statements": 0, "percent_covered": 100.0, "percent_covered_display": "100.00", "missing_lines": 0, "excluded_lines": 2, "percent_statements_covered": 100.0, "percent_statements_covered_display": "100.00", "num_branches": 0, "num_partial_branches": 0, "covered_branches": 0, "missing_branches": 0, "percent_branches_covered": 100.0, "percent_branches_covered_display": "100.00"}, "missing_lines": [], "excluded_lines": [45, 46], "executed_branches": [], "missing_branches": []}, "DiagnosticTool._create_result": {"executed_lines": [56], "summary": {"covered_lines": 1, "num_statements": 1, "percent_covered": 100.0, "percent_covered_display": "100.00", "missing_lines": 0, "excluded_lines": 0, "percent_statements_covered": 100.0, "percent_statements_covered_display": "100.00", "num_branches": 0, "num_partial_branches": 0, "covered_branches": 0, "missing_branches": 0, "percent_branches_covered": 100.0, "percent_branches_covered_display": "100.00"}, "missing_lines": [], "excluded_lines": [], "executed_branches": [], "missing_branches": []}, "SystemInfoTool.__init__": {"executed_lines": [70], "summary": {"covered_lines": 1, "num_statements": 1, "percent_covered": 100.0, "percent_covered_display": "100.00", "missing_lines": 0, "excluded_lines": 0, "percent_statements_covered": 100.0, "percent_statements_covered_display": "100.00", "num_branches": 0, "num_partial_branches": 0, "covered_branches": 0, "missing_branches": 0, "percent_branches_covered": 100.0, "percent_branches_covered_display": "100.00"}, "missing_lines": [], "excluded_lines": [], "executed_branches": [], "missing_branches": []}, "SystemInfoTool.execute": {"executed_lines": [74, 76, 78, 91, 92], "summary": {"covered_lines": 5, "num_statements": 9, "percent_covered": 55.55555555555556, "percent_covered_display": "55.56", "missing_lines": 4, "excluded_lines": 0, "percent_statements_covered": 55.55555555555556, "percent_statements_covered_display": "55.56", "num_branches": 0, "num_partial_branches": 0, "covered_branches": 0, "missing_branches": 0, "percent_branches_covered": 100.0, "percent_branches_covered_display": "100.00"}, "missing_lines": [94, 95, 96, 97], "excluded_lines": [], "executed_branches": [], "missing_branches": []}, "ResourceUsageTool.__init__": {"executed_lines": [104], "summary": {"covered_lines": 1, "num_statements": 1, "percent_covered": 100.0, "percent_covered_display": "100.00", "missing_lines": 0, "excluded_lines": 0, "percent_statements_covered": 100.0, "percent_statements_covered_display": "100.00", "num_branches": 0, "num_partial_branches": 0, "covered_branches": 0, "missing_branches": 0, "percent_branches_covered": 100.0, "percent_branches_covered_display": "100.00"}, "missing_lines": [], "excluded_lines": [], "executed_branches": [], "missing_branches": []}, "ResourceUsageTool.execute": {"executed_lines": [108, 110, 112, 121, 122, 131, 132, 133, 134, 135, 147, 148, 149, 150, 161, 168, 169], "summary": {"covered_lines": 17, "num_statements": 23, "percent_covered": 77.77777777777777, "percent_covered_display": "77.78", "missing_lines": 6, "excluded_lines": 0, "percent_statements_covered": 73.91304347826087, "percent_statements_covered_display": "73.91", "num_branches": 4, "num_partial_branches": 0, "covered_branches": 4, "missing_branches": 0, "percent_branches_covered": 100.0, "percent_branches_covered_display": "100.00"}, "missing_lines": [143, 144, 171, 172, 173, 174], "excluded_lines": [], "executed_branches": [[132, 133], [132, 147], [149, 150], [149, 161]], "missing_branches": []}, "ServiceStatusTool.__init__": {"executed_lines": [181], "summary": {"covered_lines": 1, "num_statements": 1, "percent_covered": 100.0, "percent_covered_display": "100.00", "missing_lines": 0, "excluded_lines": 0, "percent_statements_covered": 100.0, "percent_statements_covered_display": "100.00", "num_branches": 0, "num_partial_branches": 0, "covered_branches": 0, "missing_branches": 0, "percent_branches_covered": 100.0, "percent_branches_covered_display": "100.00"}, "missing_lines": [], "excluded_lines": [], "executed_branches": [], "missing_branches": []}, "ServiceStatusTool.execute": {"executed_lines": [185, 188, 199, 201, 202, 204, 205, 207, 214, 215, 218, 230, 232, 233, 234, 235, 236, 238, 253, 254], "summary": {"covered_lines": 20, "num_statements": 28, "percent_covered": 72.22222222222223, "percent_covered_display": "72.22", "missing_lines": 8, "excluded_lines": 0, "percent_statements_covered": 71.42857142857143, "percent_statements_covered_display": "71.43", "num_branches": 8, "num_partial_branches": 2, "covered_branches": 6, "missing_branches": 2, "percent_branches_covered": 75.0, "percent_branches_covered_display": "75.00"}, "missing_lines": [240, 241, 246, 247, 256, 257, 258, 259], "excluded_lines": [], "executed_branches": [[204, 205], [204, 253], [232, 233], [233, 234], [233, 238], [234, 235]], "missing_branches": [[232, 238], [234, 233]]}, "ProcessInfoTool.__init__": {"executed_lines": [266], "summary": {"covered_lines": 1, "num_statements": 1, "percent_covered": 100.0, "percent_covered_display": "100.00", "missing_lines": 0, "excluded_lines": 0, "percent_statements_covered": 100.0, "percent_statements_covered_display": "100.00", "num_branches": 0, "num_partial_branches": 0, "covered_branches": 0, "missing_branches": 0, "percent_branches_covered": 100.0, "percent_branches_covered_display": "100.00"}, "missing_lines": [], "excluded_lines": [], "executed_branches": [], "missing_branches": []}, "ProcessInfoTool.execute": {"executed_lines": [270, 272, 273, 275, 285, 286, 289, 290, 293, 294, 296, 306, 307, 308, 310, 316, 317], "summary": {"covered_lines": 17, "num_statements": 23, "percent_covered": 79.3103448275862, "percent_covered_display": "79.31", "missing_lines": 6, "excluded_lines": 0, "percent_statements_covered": 73.91304347826087, "percent_statements_covered_display": "73.91", "num_branches": 6, "num_partial_branches": 0, "covered_branches": 6, "missing_branches": 0, "percent_branches_covered": 100.0, "percent_branches_covered_display": "100.00"}, "missing_lines": [298, 303, 319, 320, 321, 322], "excluded_lines": [], "executed_branches": [[275, 285], [275, 306], [289, 290], [289, 293], [307, 308], [307, 310]], "missing_branches": []}, "KVMDiagnosticTool.__init__": {"executed_lines": [329], "summary": {"covered_lines": 1, "num_statements": 1, "percent_covered": 100.0, "percent_covered_display": "100.00", "missing_lines": 0, "excluded_lines": 0, "percent_statements_covered": 100.0, "percent_statements_covered_display": "100.00", "num_branches": 0, "num_partial_branches": 0, "covered_branches": 0, "missing_branches": 0, "percent_branches_covered": 100.0, "percent_branches_covered_display": "100.00"}, "missing_lines": [], "excluded_lines": [], "executed_branches": [], "missing_branches": []}, "KVMDiagnosticTool.execute": {"executed_lines": [333, 335, 336, 339, 340, 341, 342, 343, 344, 349, 350, 351, 352, 353, 358, 359, 360, 361, 362, 367, 368, 374, 375, 376, 377, 381, 382], "summary": {"covered_lines": 27, "num_statements": 39, "percent_covered": 67.44186046511628, "percent_covered_display": "67.44", "missing_lines": 12, "excluded_lines": 0, "percent_statements_covered": 69.23076923076923, "percent_statements_covered_display": "69.23", "num_branches": 4, "num_partial_branches": 2, "covered_branches": 2, "missing_branches": 2, "percent_branches_covered": 50.0, "percent_branches_covered_display": "50.00"}, "missing_lines": [345, 346, 354, 355, 363, 364, 378, 379, 384, 385, 386, 387], "excluded_lines": [], "executed_branches": [[361, 362], [374, 375]], "missing_branches": [[361, 367], [374, 381]]}, "NetworkDiagnosticTool.__init__": {"executed_lines": [394], "summary": {"covered_lines": 1, "num_statements": 1, "percent_covered": 100.0, "percent_covered_display": "100.00", "missing_lines": 0, "excluded_lines": 0, "percent_statements_covered": 100.0, "percent_statements_covered_display": "100.00", "num_branches": 0, "num_partial_branches": 0, "covered_branches": 0, "missing_branches": 0, "percent_branches_covered": 100.0, "percent_branches_covered_display": "100.00"}, "missing_lines": [], "excluded_lines": [], "executed_branches": [], "missing_branches": []}, "NetworkDiagnosticTool.execute": {"executed_lines": [398, 400, 401, 403, 404, 407, 408, 409, 410, 411, 412, 413, 425, 426, 427, 428, 435, 447, 450, 451, 457, 464, 465], "summary": {"covered_lines": 23, "num_statements": 35, "percent_covered": 70.73170731707317, "percent_covered_display": "70.73", "missing_lines": 12, "excluded_lines": 0, "percent_statements_covered": 65.71428571428571, "percent_statements_covered_display": "65.71", "num_branches": 6, "num_partial_branches": 0, "covered_branches": 6, "missing_branches": 0, "percent_branches_covered": 100.0, "percent_branches_covered_display": "100.00"}, "missing_lines": [421, 422, 439, 440, 444, 445, 461, 462, 467, 468, 469, 470], "excluded_lines": [], "executed_branches": [[410, 411], [410, 425], [412, 410], [412, 413], [426, 427], [426, 447]], "missing_branches": []}, "DiagnosticToolRegistry.__init__": {"executed_lines": [477, 478, 479], "summary": {"covered_lines": 3, "num_statements": 3, "percent_covered": 100.0, "percent_covered_display": "100.00", "missing_lines": 0, "excluded_lines": 0, "percent_statements_covered": 100.0, "percent_statements_covered_display": "100.00", "num_branches": 0, "num_partial_branches": 0, "covered_branches": 0, "missing_branches": 0, "percent_branches_covered": 100.0, "percent_branches_covered_display": "100.00"}, "missing_lines": [], "excluded_lines": [], "executed_branches": [], "missing_branches": []}, "DiagnosticToolRegistry._register_default_tools": {"executed_lines": [483, 492, 493], "summary": {"covered_lines": 3, "num_statements": 3, "percent_covered": 100.0, "percent_covered_display": "100.00", "missing_lines": 0, "excluded_lines": 0, "percent_statements_covered": 100.0, "percent_statements_covered_display": "100.00", "num_branches": 2, "num_partial_branches": 0, "covered_branches": 2, "missing_branches": 0, "percent_branches_covered": 100.0, "percent_branches_covered_display": "100.00"}, "missing_lines": [], "excluded_lines": [], "executed_branches": [[492, -481], [492, 493]], "missing_branches": []}, "DiagnosticToolRegistry.register_tool": {"executed_lines": [497, 498], "summary": {"covered_lines": 2, "num_statements": 2, "percent_covered": 100.0, "percent_covered_display": "100.00", "missing_lines": 0, "excluded_lines": 0, "percent_statements_covered": 100.0, "percent_statements_covered_display": "100.00", "num_branches": 0, "num_partial_branches": 0, "covered_branches": 0, "missing_branches": 0, "percent_branches_covered": 100.0, "percent_branches_covered_display": "100.00"}, "missing_lines": [], "excluded_lines": [], "executed_branches": [], "missing_branches": []}, "DiagnosticToolRegistry.get_tool": {"executed_lines": [502], "summary": {"covered_lines": 1, "num_statements": 1, "percent_covered": 100.0, "percent_covered_display": "100.00", "missing_lines": 0, "excluded_lines": 0, "percent_statements_covered": 100.0, "percent_statements_covered_display": "100.00", "num_branches": 0, "num_partial_branches": 0, "covered_branches": 0, "missing_branches": 0, "percent_branches_covered": 100.0, "percent_branches_covered_display": "100.00"}, "missing_lines": [], "excluded_lines": [], "executed_branches": [], "missing_branches": []}, "DiagnosticToolRegistry.list_tools": {"executed_lines": [506], "summary": {"covered_lines": 1, "num_statements": 1, "percent_covered": 100.0, "percent_covered_display": "100.00", "missing_lines": 0, "excluded_lines": 0, "percent_statements_covered": 100.0, "percent_statements_covered_display": "100.00", "num_branches": 0, "num_partial_branches": 0, "covered_branches": 0, "missing_branches": 0, "percent_branches_covered": 100.0, "percent_branches_covered_display": "100.00"}, "missing_lines": [], "excluded_lines": [], "executed_branches": [], "missing_branches": []}, "DiagnosticToolRegistry.run_tool": {"executed_lines": [510, 511, 512, 520, 521], "summary": {"covered_lines": 5, "num_statements": 8, "percent_covered": 70.0, "percent_covered_display": "70.00", "missing_lines": 3, "excluded_lines": 0, "percent_statements_covered": 62.5, "percent_statements_covered_display": "62.50", "num_branches": 2, "num_partial_branches": 0, "covered_branches": 2, "missing_branches": 0, "percent_branches_covered": 100.0, "percent_branches_covered_display": "100.00"}, "missing_lines": [522, 523, 524], "excluded_lines": [], "executed_branches": [[511, 512], [511, 520]], "missing_branches": []}, "DiagnosticToolRegistry.run_all_tools": {"executed_lines": [534, 536, 537, 538, 539, 550], "summary": {"covered_lines": 6, "num_statements": 9, "percent_covered": 72.72727272727273, "percent_covered_display": "72.73", "missing_lines": 3, "excluded_lines": 0, "percent_statements_covered": 66.66666666666667, "percent_statements_covered_display": "66.67", "num_branches": 2, "num_partial_branches": 0, "covered_branches": 2, "missing_branches": 0, "percent_branches_covered": 100.0, "percent_branches_covered_display": "100.00"}, "missing_lines": [540, 541, 542], "excluded_lines": [], "executed_branches": [[536, 537], [536, 550]], "missing_branches": []}, "DiagnosticToolRegistry.run_comprehensive_diagnostics": {"executed_lines": [554, 557, 560, 568], "summary": {"covered_lines": 4, "num_statements": 4, "percent_covered": 100.0, "percent_covered_display": "100.00", "missing_lines": 0, "excluded_lines": 0, "percent_statements_covered": 100.0, "percent_statements_covered_display": "100.00", "num_branches": 0, "num_partial_branches": 0, "covered_branches": 0, "missing_branches": 0, "percent_branches_covered": 100.0, "percent_branches_covered_display": "100.00"}, "missing_lines": [], "excluded_lines": [], "executed_branches": [], "missing_branches": []}, "": {"executed_lines": [1, 7, 8, 9, 10, 11, 12, 13, 14, 16, 19, 20, 21, 23, 24, 25, 26, 27, 28, 30, 35, 36, 38, 43, 44, 48, 66, 67, 69, 72, 100, 101, 103, 106, 177, 178, 180, 183, 262, 263, 265, 268, 325, 326, 328, 331, 390, 391, 393, 396, 473, 474, 476, 481, 495, 500, 504, 508, 532, 552, 575], "summary": {"covered_lines": 49, "num_statements": 49, "percent_covered": 100.0, "percent_covered_display": "100.00", "missing_lines": 0, "excluded_lines": 2, "percent_statements_covered": 100.0, "percent_statements_covered_display": "100.00", "num_branches": 0, "num_partial_branches": 0, "covered_branches": 0, "missing_branches": 0, "percent_branches_covered": 100.0, "percent_branches_covered_display": "100.00"}, "missing_lines": [], "excluded_lines": [43, 44], "executed_branches": [], "missing_branches": []}}, "classes": {"ToolResult": {"executed_lines": [32], "summary": {"covered_lines": 1, "num_statements": 1, "percent_covered": 100.0, "percent_covered_display": "100.00", "missing_lines": 0, "excluded_lines": 0, "percent_statements_covered": 100.0, "percent_statements_covered_display": "100.00", "num_branches": 0, "num_partial_branches": 0, "covered_branches": 0, "missing_branches": 0, "percent_branches_covered": 100.0, "percent_branches_covered_display": "100.00"}, "missing_lines": [], "excluded_lines": [], "executed_branches": [], "missing_branches": []}, "DiagnosticTool": {"executed_lines": [39, 40, 41, 56], "summary": {"covered_lines": 4, "num_statements": 4, "percent_covered": 100.0, "percent_covered_display": "100.00", "missing_lines": 0, "excluded_lines": 2, "percent_statements_covered": 100.0, "percent_statements_covered_display": "100.00", "num_branches": 0, "num_partial_branches": 0, "covered_branches": 0, "missing_branches": 0, "percent_branches_covered": 100.0, "percent_branches_covered_display": "100.00"}, "missing_lines": [], "excluded_lines": [45, 46], "executed_branches": [], "missing_branches": []}, "SystemInfoTool": {"executed_lines": [70, 74, 76, 78, 91, 92], "summary": {"covered_lines": 6, "num_statements": 10, "percent_covered": 60.0, "percent_covered_display": "60.00", "missing_lines": 4, "excluded_lines": 0, "percent_statements_covered": 60.0, "percent_statements_covered_display": "60.00", "num_branches": 0, "num_partial_branches": 0, "covered_branches": 0, "missing_branches": 0, "percent_branches_covered": 100.0, "percent_branches_covered_display": "100.00"}, "missing_lines": [94, 95, 96, 97], "excluded_lines": [], "executed_branches": [], "missing_branches": []}, "ResourceUsageTool": {"executed_lines": [104, 108, 110, 112, 121, 122, 131, 132, 133, 134, 135, 147, 148, 149, 150, 161, 168, 169], "summary": {"covered_lines": 18, "num_statements": 24, "percent_covered": 78.57142857142857, "percent_covered_display": "78.57", "missing_lines": 6, "excluded_lines": 0, "percent_statements_covered": 75.0, "percent_statements_covered_display": "75.00", "num_branches": 4, "num_partial_branches": 0, "covered_branches": 4, "missing_branches": 0, "percent_branches_covered": 100.0, "percent_branches_covered_display": "100.00"}, "missing_lines": [143, 144, 171, 172, 173, 174], "excluded_lines": [], "executed_branches": [[132, 133], [132, 147], [149, 150], [149, 161]], "missing_branches": []}, "ServiceStatusTool": {"executed_lines": [181, 185, 188, 199, 201, 202, 204, 205, 207, 214, 215, 218, 230, 232, 233, 234, 235, 236, 238, 253, 254], "summary": {"covered_lines": 21, "num_statements": 29, "percent_covered": 72.97297297297297, "percent_covered_display": "72.97", "missing_lines": 8, "excluded_lines": 0, "percent_statements_covered": 72.41379310344827, "percent_statements_covered_display": "72.41", "num_branches": 8, "num_partial_branches": 2, "covered_branches": 6, "missing_branches": 2, "percent_branches_covered": 75.0, "percent_branches_covered_display": "75.00"}, "missing_lines": [240, 241, 246, 247, 256, 257, 258, 259], "excluded_lines": [], "executed_branches": [[204, 205], [204, 253], [232, 233], [233, 234], [233, 238], [234, 235]], "missing_branches": [[232, 238], [234, 233]]}, "ProcessInfoTool": {"executed_lines": [266, 270, 272, 273, 275, 285, 286, 289, 290, 293, 294, 296, 306, 307, 308, 310, 316, 317], "summary": {"covered_lines": 18, "num_statements": 24, "percent_covered": 80.0, "percent_covered_display": "80.00", "missing_lines": 6, "excluded_lines": 0, "percent_statements_covered": 75.0, "percent_statements_covered_display": "75.00", "num_branches": 6, "num_partial_branches": 0, "covered_branches": 6, "missing_branches": 0, "percent_branches_covered": 100.0, "percent_branches_covered_display": "100.00"}, "missing_lines": [298, 303, 319, 320, 321, 322], "excluded_lines": [], "executed_branches": [[275, 285], [275, 306], [289, 290], [289, 293], [307, 308], [307, 310]], "missing_branches": []}, "KVMDiagnosticTool": {"executed_lines": [329, 333, 335, 336, 339, 340, 341, 342, 343, 344, 349, 350, 351, 352, 353, 358, 359, 360, 361, 362, 367, 368, 374, 375, 376, 377, 381, 382], "summary": {"covered_lines": 28, "num_statements": 40, "percent_covered": 68.18181818181819, "percent_covered_display": "68.18", "missing_lines": 12, "excluded_lines": 0, "percent_statements_covered": 70.0, "percent_statements_covered_display": "70.00", "num_branches": 4, "num_partial_branches": 2, "covered_branches": 2, "missing_branches": 2, "percent_branches_covered": 50.0, "percent_branches_covered_display": "50.00"}, "missing_lines": [345, 346, 354, 355, 363, 364, 378, 379, 384, 385, 386, 387], "excluded_lines": [], "executed_branches": [[361, 362], [374, 375]], "missing_branches": [[361, 367], [374, 381]]}, "NetworkDiagnosticTool": {"executed_lines": [394, 398, 400, 401, 403, 404, 407, 408, 409, 410, 411, 412, 413, 425, 426, 427, 428, 435, 447, 450, 451, 457, 464, 465], "summary": {"covered_lines": 24, "num_statements": 36, "percent_covered": 71.42857142857143, "percent_covered_display": "71.43", "missing_lines": 12, "excluded_lines": 0, "percent_statements_covered": 66.66666666666667, "percent_statements_covered_display": "66.67", "num_branches": 6, "num_partial_branches": 0, "covered_branches": 6, "missing_branches": 0, "percent_branches_covered": 100.0, "percent_branches_covered_display": "100.00"}, "missing_lines": [421, 422, 439, 440, 444, 445, 461, 462, 467, 468, 469, 470], "excluded_lines": [], "executed_branches": [[410, 411], [410, 425], [412, 410], [412, 413], [426, 427], [426, 447]], "missing_branches": []}, "DiagnosticToolRegistry": {"executed_lines": [477, 478, 479, 483, 492, 493, 497, 498, 502, 506, 510, 511, 512, 520, 521, 534, 536, 537, 538, 539, 550, 554, 557, 560, 568], "summary": {"covered_lines": 25, "num_statements": 31, "percent_covered": 83.78378378378379, "percent_covered_display": "83.78", "missing_lines": 6, "excluded_lines": 0, "percent_statements_covered": 80.64516129032258, "percent_statements_covered_display": "80.65", "num_branches": 6, "num_partial_branches": 0, "covered_branches": 6, "missing_branches": 0, "percent_branches_covered": 100.0, "percent_branches_covered_display": "100.00"}, "missing_lines": [522, 523, 524, 540, 541, 542], "excluded_lines": [], "executed_branches": [[492, -481], [492, 493], [511, 512], [511, 520], [536, 537], [536, 550]], "missing_branches": []}, "": {"executed_lines": [1, 7, 8, 9, 10, 11, 12, 13, 14, 16, 19, 20, 21, 23, 24, 25, 26, 27, 28, 30, 35, 36, 38, 43, 44, 48, 66, 67, 69, 72, 100, 101, 103, 106, 177, 178, 180, 183, 262, 263, 265, 268, 325, 326, 328, 331, 390, 391, 393, 396, 473, 474, 476, 481, 495, 500, 504, 508, 532, 552, 575], "summary": {"covered_lines": 49, "num_statements": 49, "percent_covered": 100.0, "percent_covered_display": "100.00", "missing_lines": 0, "excluded_lines": 2, "percent_statements_covered": 100.0, "percent_statements_covered_display": "100.00", "num_branches": 0, "num_partial_branches": 0, "covered_branches": 0, "missing_branches": 0, "percent_branches_covered": 100.0, "percent_branches_covered_display": "100.00"}, "missing_lines": [], "excluded_lines": [43, 44], "executed_branches": [], "missing_branches": []}}}, "src/health_monitor.py": {"executed_lines": [2, 7, 8, 9, 10, 11, 12, 14, 17, 18, 20, 21, 22, 23, 24, 26, 28, 29, 30, 33, 36, 39, 40, 41, 42, 43, 45, 54, 55, 57, 59, 60, 61, 63, 65, 67, 70, 71, 74, 75, 78, 79, 80, 85, 86, 88, 89, 90, 91, 92, 94, 95, 96, 97, 100, 101, 102, 103, 106, 123, 125, 127, 130, 133, 136, 138, 139, 141, 144, 145, 147, 150, 151, 152, 155, 170, 172, 173, 174, 175, 176, 178, 179, 180, 189, 190, 192, 194, 195, 197, 198, 202, 204, 207, 211, 213, 214, 215, 217, 228, 230, 232, 234, 236, 238, 240, 241, 242, 243, 245, 247], "summary": {"covered_lines": 109, "num_statements": 130, "percent_covered": 83.95061728395062, "percent_covered_display": "83.95", "missing_lines": 21, "excluded_lines": 0, "percent_statements_covered": 83.84615384615384, "percent_statements_covered_display": "83.85", "num_branches": 32, "num_partial_branches": 5, "covered_branches": 27, "missing_branches": 5, "percent_branches_covered": 84.375, "percent_branches_covered_display": "84.38"}, "missing_lines": [81, 82, 98, 104, 119, 120, 121, 142, 148, 153, 166, 167, 168, 185, 199, 200, 208, 209, 224, 225, 226], "excluded_lines": [], "executed_branches": [[40, 41], [40, 42], [42, 43], [42, 45], [88, 89], [88, 91], [91, 92], [91, 94], [94, 95], [94, 97], [97, 100], [100, 101], [100, 103], [103, 106], [141, 144], [144, 145], [144, 147], [147, 150], [150, 151], [150, 152], [152, 155], [214, 215], [214, 217], [240, 241], [240, 247], [242, 243], [242, 245]], "missing_branches": [[97, 98], [103, 104], [141, 142], [147, 148], [152, 153]], "functions": {"HealthMonitor.__init__": {"executed_lines": [21, 22, 23, 24], "summary": {"covered_lines": 4, "num_statements": 4, "percent_covered": 100.0, "percent_covered_display": "100.00", "missing_lines": 0, "excluded_lines": 0, "percent_statements_covered": 100.0, "percent_statements_covered_display": "100.00", "num_branches": 0, "num_partial_branches": 0, "covered_branches": 0, "missing_branches": 0, "percent_branches_covered": 100.0, "percent_branches_covered_display": "100.00"}, "missing_lines": [], "excluded_lines": [], "executed_branches": [], "missing_branches": []}, "HealthMonitor.get_health_status": {"executed_lines": [28, 29, 30, 33, 36, 39, 40, 41, 42, 43, 45, 54, 55, 57, 59, 60, 61], "summary": {"covered_lines": 17, "num_statements": 17, "percent_covered": 100.0, "percent_covered_display": "100.00", "missing_lines": 0, "excluded_lines": 0, "percent_statements_covered": 100.0, "percent_statements_covered_display": "100.00", "num_branches": 4, "num_partial_branches": 0, "covered_branches": 4, "missing_branches": 0, "percent_branches_covered": 100.0, "percent_branches_covered_display": "100.00"}, "missing_lines": [], "excluded_lines": [], "executed_branches": [[40, 41], [40, 42], [42, 43], [42, 45]], "missing_branches": []}, "HealthMonitor._check_system_health": {"executed_lines": [65, 67, 70, 71, 74, 75, 78, 79, 80, 85, 86, 88, 89, 90, 91, 92, 94, 95, 96, 97, 100, 101, 102, 103, 106], "summary": {"covered_lines": 25, "num_statements": 32, "percent_covered": 79.54545454545455, "percent_covered_display": "79.55", "missing_lines": 7, "excluded_lines": 0, "percent_statements_covered": 78.125, "percent_statements_covered_display": "78.12", "num_branches": 12, "num_partial_branches": 2, "covered_branches": 10, "missing_branches": 2, "percent_branches_covered": 83.33333333333333, "percent_branches_covered_display": "83.33"}, "missing_lines": [81, 82, 98, 104, 119, 120, 121], "excluded_lines": [], "executed_branches": [[88, 89], [88, 91], [91, 92], [91, 94], [94, 95], [94, 97], [97, 100], [100, 101], [100, 103], [103, 106]], "missing_branches": [[97, 98], [103, 104]]}, "HealthMonitor._check_ai_service_health": {"executed_lines": [125, 127, 130, 133, 136, 138, 139, 141, 144, 145, 147, 150, 151, 152, 155], "summary": {"covered_lines": 15, "num_statements": 21, "percent_covered": 70.96774193548387, "percent_covered_display": "70.97", "missing_lines": 6, "excluded_lines": 0, "percent_statements_covered": 71.42857142857143, "percent_statements_covered_display": "71.43", "num_branches": 10, "num_partial_branches": 3, "covered_branches": 7, "missing_branches": 3, "percent_branches_covered": 70.0, "percent_branches_covered_display": "70.00"}, "missing_lines": [142, 148, 153, 166, 167, 168], "excluded_lines": [], "executed_branches": [[141, 144], [144, 145], [144, 147], [147, 150], [150, 151], [150, 152], [152, 155]], "missing_branches": [[141, 142], [147, 148], [152, 153]]}, "HealthMonitor._check_llama_server": {"executed_lines": [172, 173, 174, 175, 176, 178, 179, 180, 189, 190], "summary": {"covered_lines": 10, "num_statements": 11, "percent_covered": 90.9090909090909, "percent_covered_display": "90.91", "missing_lines": 1, "excluded_lines": 0, "percent_statements_covered": 90.9090909090909, "percent_statements_covered_display": "90.91", "num_branches": 0, "num_partial_branches": 0, "covered_branches": 0, "missing_branches": 0, "percent_branches_covered": 100.0, "percent_branches_covered_display": "100.00"}, "missing_lines": [185], "excluded_lines": [], "executed_branches": [], "missing_branches": []}, "HealthMonitor._check_model_availability": {"executed_lines": [194, 195, 197, 198], "summary": {"covered_lines": 4, "num_statements": 6, "percent_covered": 66.66666666666667, "percent_covered_display": "66.67", "missing_lines": 2, "excluded_lines": 0, "percent_statements_covered": 66.66666666666667, "percent_statements_covered_display": "66.67", "num_branches": 0, "num_partial_branches": 0, "covered_branches": 0, "missing_branches": 0, "percent_branches_covered": 100.0, "percent_branches_covered_display": "100.00"}, "missing_lines": [199, 200], "excluded_lines": [], "executed_branches": [], "missing_branches": []}, "HealthMonitor._check_api_responsiveness": {"executed_lines": [204, 207], "summary": {"covered_lines": 2, "num_statements": 4, "percent_covered": 50.0, "percent_covered_display": "50.00", "missing_lines": 2, "excluded_lines": 0, "percent_statements_covered": 50.0, "percent_statements_covered_display": "50.00", "num_branches": 0, "num_partial_branches": 0, "covered_branches": 0, "missing_branches": 0, "percent_branches_covered": 100.0, "percent_branches_covered_display": "100.00"}, "missing_lines": [208, 209], "excluded_lines": [], "executed_branches": [], "missing_branches": []}, "HealthMonitor._check_rag_service": {"executed_lines": [213, 214, 215, 217], "summary": {"covered_lines": 4, "num_statements": 7, "percent_covered": 66.66666666666667, "percent_covered_display": "66.67", "missing_lines": 3, "excluded_lines": 0, "percent_statements_covered": 57.142857142857146, "percent_statements_covered_display": "57.14", "num_branches": 2, "num_partial_branches": 0, "covered_branches": 2, "missing_branches": 0, "percent_branches_covered": 100.0, "percent_branches_covered_display": "100.00"}, "missing_lines": [224, 225, 226], "excluded_lines": [], "executed_branches": [[214, 215], [214, 217]], "missing_branches": []}, "HealthMonitor.get_uptime": {"executed_lines": [230], "summary": {"covered_lines": 1, "num_statements": 1, "percent_covered": 100.0, "percent_covered_display": "100.00", "missing_lines": 0, "excluded_lines": 0, "percent_statements_covered": 100.0, "percent_statements_covered_display": "100.00", "num_branches": 0, "num_partial_branches": 0, "covered_branches": 0, "missing_branches": 0, "percent_branches_covered": 100.0, "percent_branches_covered_display": "100.00"}, "missing_lines": [], "excluded_lines": [], "executed_branches": [], "missing_branches": []}, "HealthMonitor.get_status": {"executed_lines": [234], "summary": {"covered_lines": 1, "num_statements": 1, "percent_covered": 100.0, "percent_covered_display": "100.00", "missing_lines": 0, "excluded_lines": 0, "percent_statements_covered": 100.0, "percent_statements_covered_display": "100.00", "num_branches": 0, "num_partial_branches": 0, "covered_branches": 0, "missing_branches": 0, "percent_branches_covered": 100.0, "percent_branches_covered_display": "100.00"}, "missing_lines": [], "excluded_lines": [], "executed_branches": [], "missing_branches": []}, "HealthMonitor.wait_for_healthy": {"executed_lines": [238, 240, 241, 242, 243, 245, 247], "summary": {"covered_lines": 7, "num_statements": 7, "percent_covered": 100.0, "percent_covered_display": "100.00", "missing_lines": 0, "excluded_lines": 0, "percent_statements_covered": 100.0, "percent_statements_covered_display": "100.00", "num_branches": 4, "num_partial_branches": 0, "covered_branches": 4, "missing_branches": 0, "percent_branches_covered": 100.0, "percent_branches_covered_display": "100.00"}, "missing_lines": [], "excluded_lines": [], "executed_branches": [[240, 241], [240, 247], [242, 243], [242, 245]], "missing_branches": []}, "": {"executed_lines": [2, 7, 8, 9, 10, 11, 12, 14, 17, 18, 20, 26, 63, 123, 170, 192, 202, 211, 228, 232, 236], "summary": {"covered_lines": 19, "num_statements": 19, "percent_covered": 100.0, "percent_covered_display": "100.00", "missing_lines": 0, "excluded_lines": 0, "percent_statements_covered": 100.0, "percent_statements_covered_display": "100.00", "num_branches": 0, "num_partial_branches": 0, "covered_branches": 0, "missing_branches": 0, "percent_branches_covered": 100.0, "percent_branches_covered_display": "100.00"}, "missing_lines": [], "excluded_lines": [], "executed_branches": [], "missing_branches": []}}, "classes": {"HealthMonitor": {"executed_lines": [21, 22, 23, 24, 28, 29, 30, 33, 36, 39, 40, 41, 42, 43, 45, 54, 55, 57, 59, 60, 61, 65, 67, 70, 71, 74, 75, 78, 79, 80, 85, 86, 88, 89, 90, 91, 92, 94, 95, 96, 97, 100, 101, 102, 103, 106, 125, 127, 130, 133, 136, 138, 139, 141, 144, 145, 147, 150, 151, 152, 155, 172, 173, 174, 175, 176, 178, 179, 180, 189, 190, 194, 195, 197, 198, 204, 207, 213, 214, 215, 217, 230, 234, 238, 240, 241, 242, 243, 245, 247], "summary": {"covered_lines": 90, "num_statements": 111, "percent_covered": 81.81818181818181, "percent_covered_display": "81.82", "missing_lines": 21, "excluded_lines": 0, "percent_statements_covered": 81.08108108108108, "percent_statements_covered_display": "81.08", "num_branches": 32, "num_partial_branches": 5, "covered_branches": 27, "missing_branches": 5, "percent_branches_covered": 84.375, "percent_branches_covered_display": "84.38"}, "missing_lines": [81, 82, 98, 104, 119, 120, 121, 142, 148, 153, 166, 167, 168, 185, 199, 200, 208, 209, 224, 225, 226], "excluded_lines": [], "executed_branches": [[40, 41], [40, 42], [42, 43], [42, 45], [88, 89], [88, 91], [91, 92], [91, 94], [94, 95], [94, 97], [97, 100], [100, 101], [100, 103], [103, 106], [141, 144], [144, 145], [144, 147], [147, 150], [150, 151], [150, 152], [152, 155], [214, 215], [214, 217], [240, 241], [240, 247], [242, 243], [242, 245]], "missing_branches": [[97, 98], [103, 104], [141, 142], [147, 148], [152, 153]]}, "": {"executed_lines": [2, 7, 8, 9, 10, 11, 12, 14, 17, 18, 20, 26, 63, 123, 170, 192, 202, 211, 228, 232, 236], "summary": {"covered_lines": 19, "num_statements": 19, "percent_covered": 100.0, "percent_covered_display": "100.00", "missing_lines": 0, "excluded_lines": 0, "percent_statements_covered": 100.0, "percent_statements_covered_display": "100.00", "num_branches": 0, "num_partial_branches": 0, "covered_branches": 0, "missing_branches": 0, "percent_branches_covered": 100.0, "percent_branches_covered_display": "100.00"}, "missing_lines": [], "excluded_lines": [], "executed_branches": [], "missing_branches": []}}}, "src/main.py": {"executed_lines": [2, 10, 11, 12, 13, 14, 16, 17, 18, 19, 21, 22, 23, 24, 27, 28, 31, 32, 33, 36, 37, 74, 82, 91, 94, 95, 97, 98, 99, 100, 103, 104, 106, 107, 108, 111, 112, 114, 115, 117, 119, 120, 122, 125, 126, 128, 150, 151, 153, 154, 156, 157, 164, 170, 171, 172, 175, 176, 178, 179, 181, 182, 183, 190, 191, 193, 196, 197, 198, 209, 210, 212, 215, 216, 217, 218, 225, 226, 228, 231, 232, 233, 239, 240, 242, 245, 246, 247, 253, 254, 256, 259, 267, 268, 270, 271, 274, 275, 277, 278, 279, 280, 283, 284, 286, 287, 288, 291, 292, 305, 306, 308, 310, 312, 313, 316, 319, 320, 321, 330, 331, 333, 334, 335, 343, 344, 355, 356, 358, 360, 363, 364, 365, 366, 367, 368, 371, 386, 388, 389, 390, 398, 399, 405, 408, 409, 410, 416, 417, 423, 426, 427, 428, 429, 430, 431, 432, 438, 455], "summary": {"covered_lines": 152, "num_statements": 200, "percent_covered": 75.84745762711864, "percent_covered_display": "75.85", "missing_lines": 48, "excluded_lines": 2, "percent_statements_covered": 76.0, "percent_statements_covered_display": "76.00", "num_branches": 36, "num_partial_branches": 7, "covered_branches": 27, "missing_branches": 9, "percent_branches_covered": 75.0, "percent_branches_covered_display": "75.00"}, "missing_lines": [42, 43, 46, 47, 50, 51, 54, 56, 58, 59, 60, 62, 65, 67, 68, 70, 185, 186, 187, 194, 204, 205, 206, 213, 220, 221, 222, 229, 234, 235, 236, 243, 248, 249, 250, 257, 406, 411, 412, 413, 424, 433, 434, 435, 441, 442, 443, 446], "excluded_lines": [455, 456], "executed_branches": [[114, 115], [114, 117], [119, 120], [119, 122], [153, 154], [153, 156], [178, 179], [178, 181], [193, 196], [212, 215], [228, 231], [242, 245], [256, 259], [305, 306], [305, 308], [310, 312], [310, 316], [320, 321], [320, 330], [355, 356], [355, 358], [364, 365], [364, 371], [405, 408], [423, 426], [428, 429], [428, 430]], "missing_branches": [[67, 68], [67, 70], [193, 194], [212, 213], [228, 229], [242, 243], [256, 257], [405, 406], [423, 424]], "functions": {"lifespan": {"executed_lines": [], "summary": {"covered_lines": 0, "num_statements": 16, "percent_covered": 0.0, "percent_covered_display": "0.00", "missing_lines": 16, "excluded_lines": 0, "percent_statements_covered": 0.0, "percent_statements_covered_display": "0.00", "num_branches": 2, "num_partial_branches": 0, "covered_branches": 0, "missing_branches": 2, "percent_branches_covered": 0.0, "percent_branches_covered_display": "0.00"}, "missing_lines": [42, 43, 46, 47, 50, 51, 54, 56, 58, 59, 60, 62, 65, 67, 68, 70], "excluded_lines": [], "executed_branches": [], "missing_branches": [[67, 68], [67, 70]]}, "health_check": {"executed_lines": [114, 115, 117, 119, 120, 122], "summary": {"covered_lines": 6, "num_statements": 6, "percent_covered": 100.0, "percent_covered_display": "100.00", "missing_lines": 0, "excluded_lines": 0, "percent_statements_covered": 100.0, "percent_statements_covered_display": "100.00", "num_branches": 4, "num_partial_branches": 0, "covered_branches": 4, "missing_branches": 0, "percent_branches_covered": 100.0, "percent_branches_covered_display": "100.00"}, "missing_lines": [], "excluded_lines": [], "executed_branches": [[114, 115], [114, 117], [119, 120], [119, 122]], "missing_branches": []}, "root": {"executed_lines": [128], "summary": {"covered_lines": 1, "num_statements": 1, "percent_covered": 100.0, "percent_covered_display": "100.00", "missing_lines": 0, "excluded_lines": 0, "percent_statements_covered": 100.0, "percent_statements_covered_display": "100.00", "num_branches": 0, "num_partial_branches": 0, "covered_branches": 0, "missing_branches": 0, "percent_branches_covered": 100.0, "percent_branches_covered_display": "100.00"}, "missing_lines": [], "excluded_lines": [], "executed_branches": [], "missing_branches": []}, "chat": {"executed_lines": [153, 154, 156, 157, 164, 170, 171, 172], "summary": {"covered_lines": 8, "num_statements": 8, "percent_covered": 100.0, "percent_covered_display": "100.00", "missing_lines": 0, "excluded_lines": 0, "percent_statements_covered": 100.0, "percent_statements_covered_display": "100.00", "num_branches": 2, "num_partial_branches": 0, "covered_branches": 2, "missing_branches": 0, "percent_branches_covered": 100.0, "percent_branches_covered_display": "100.00"}, "missing_lines": [], "excluded_lines": [], "executed_branches": [[153, 154], [153, 156]], "missing_branches": []}, "run_diagnostics": {"executed_lines": [178, 179, 181, 182, 183], "summary": {"covered_lines": 5, "num_statements": 8, "percent_covered": 70.0, "percent_covered_display": "70.00", "missing_lines": 3, "excluded_lines": 0, "percent_statements_covered": 62.5, "percent_statements_covered_display": "62.50", "num_branches": 2, "num_partial_branches": 0, "covered_branches": 2, "missing_branches": 0, "percent_branches_covered": 100.0, "percent_branches_covered_display": "100.00"}, "missing_lines": [185, 186, 187], "excluded_lines": [], "executed_branches": [[178, 179], [178, 181]], "missing_branches": []}, "list_diagnostic_tools": {"executed_lines": [193, 196, 197, 198], "summary": {"covered_lines": 4, "num_statements": 8, "percent_covered": 50.0, "percent_covered_display": "50.00", "missing_lines": 4, "excluded_lines": 0, "percent_statements_covered": 50.0, "percent_statements_covered_display": "50.00", "num_branches": 2, "num_partial_branches": 1, "covered_branches": 1, "missing_branches": 1, "percent_branches_covered": 50.0, "percent_branches_covered_display": "50.00"}, "missing_lines": [194, 204, 205, 206], "excluded_lines": [], "executed_branches": [[193, 196]], "missing_branches": [[193, 194]]}, "run_specific_diagnostic_tool": {"executed_lines": [212, 215, 216, 217, 218], "summary": {"covered_lines": 5, "num_statements": 9, "percent_covered": 54.54545454545455, "percent_covered_display": "54.55", "missing_lines": 4, "excluded_lines": 0, "percent_statements_covered": 55.55555555555556, "percent_statements_covered_display": "55.56", "num_branches": 2, "num_partial_branches": 1, "covered_branches": 1, "missing_branches": 1, "percent_branches_covered": 50.0, "percent_branches_covered_display": "50.00"}, "missing_lines": [213, 220, 221, 222], "excluded_lines": [], "executed_branches": [[212, 215]], "missing_branches": [[212, 213]]}, "get_model_info": {"executed_lines": [228, 231, 232, 233], "summary": {"covered_lines": 4, "num_statements": 8, "percent_covered": 50.0, "percent_covered_display": "50.00", "missing_lines": 4, "excluded_lines": 0, "percent_statements_covered": 50.0, "percent_statements_covered_display": "50.00", "num_branches": 2, "num_partial_branches": 1, "covered_branches": 1, "missing_branches": 1, "percent_branches_covered": 50.0, "percent_branches_covered_display": "50.00"}, "missing_lines": [229, 234, 235, 236], "excluded_lines": [], "executed_branches": [[228, 231]], "missing_branches": [[228, 229]]}, "get_hardware_info": {"executed_lines": [242, 245, 246, 247], "summary": {"covered_lines": 4, "num_statements": 8, "percent_covered": 50.0, "percent_covered_display": "50.00", "missing_lines": 4, "excluded_lines": 0, "percent_statements_covered": 50.0, "percent_statements_covered_display": "50.00", "num_branches": 2, "num_partial_branches": 1, "covered_branches": 1, "missing_branches": 1, "percent_branches_covered": 50.0, "percent_branches_covered_display": "50.00"}, "missing_lines": [243, 248, 249, 250], "excluded_lines": [], "executed_branches": [[242, 245]], "missing_branches": [[242, 243]]}, "get_config": {"executed_lines": [256, 259], "summary": {"covered_lines": 2, "num_statements": 3, "percent_covered": 60.0, "percent_covered_display": "60.00", "missing_lines": 1, "excluded_lines": 0, "percent_statements_covered": 66.66666666666667, "percent_statements_covered_display": "66.67", "num_branches": 2, "num_partial_branches": 1, "covered_branches": 1, "missing_branches": 1, "percent_branches_covered": 50.0, "percent_branches_covered_display": "50.00"}, "missing_lines": [257], "excluded_lines": [], "executed_branches": [[256, 259]], "missing_branches": [[256, 257]]}, "query_documents": {"executed_lines": [305, 306, 308, 310, 312, 313, 316, 319, 320, 321, 330, 331, 333, 334, 335], "summary": {"covered_lines": 15, "num_statements": 15, "percent_covered": 100.0, "percent_covered_display": "100.00", "missing_lines": 0, "excluded_lines": 0, "percent_statements_covered": 100.0, "percent_statements_covered_display": "100.00", "num_branches": 6, "num_partial_branches": 0, "covered_branches": 6, "missing_branches": 0, "percent_branches_covered": 100.0, "percent_branches_covered_display": "100.00"}, "missing_lines": [], "excluded_lines": [], "executed_branches": [[305, 306], [305, 308], [310, 312], [310, 316], [320, 321], [320, 330]], "missing_branches": []}, "get_project_status": {"executed_lines": [355, 356, 358, 360, 363, 364, 365, 366, 367, 368, 371, 386, 388, 389, 390], "summary": {"covered_lines": 15, "num_statements": 15, "percent_covered": 100.0, "percent_covered_display": "100.00", "missing_lines": 0, "excluded_lines": 0, "percent_statements_covered": 100.0, "percent_statements_covered_display": "100.00", "num_branches": 4, "num_partial_branches": 0, "covered_branches": 4, "missing_branches": 0, "percent_branches_covered": 100.0, "percent_branches_covered_display": "100.00"}, "missing_lines": [], "excluded_lines": [], "executed_branches": [[355, 356], [355, 358], [364, 365], [364, 371]], "missing_branches": []}, "get_lineage_summary": {"executed_lines": [405, 408, 409, 410], "summary": {"covered_lines": 4, "num_statements": 8, "percent_covered": 50.0, "percent_covered_display": "50.00", "missing_lines": 4, "excluded_lines": 0, "percent_statements_covered": 50.0, "percent_statements_covered_display": "50.00", "num_branches": 2, "num_partial_branches": 1, "covered_branches": 1, "missing_branches": 1, "percent_branches_covered": 50.0, "percent_branches_covered_display": "50.00"}, "missing_lines": [406, 411, 412, 413], "excluded_lines": [], "executed_branches": [[405, 408]], "missing_branches": [[405, 406]]}, "get_job_lineage": {"executed_lines": [423, 426, 427, 428, 429, 430, 431, 432], "summary": {"covered_lines": 8, "num_statements": 12, "percent_covered": 68.75, "percent_covered_display": "68.75", "missing_lines": 4, "excluded_lines": 0, "percent_statements_covered": 66.66666666666667, "percent_statements_covered_display": "66.67", "num_branches": 4, "num_partial_branches": 1, "covered_branches": 3, "missing_branches": 1, "percent_branches_covered": 75.0, "percent_branches_covered_display": "75.00"}, "missing_lines": [424, 433, 434, 435], "excluded_lines": [], "executed_branches": [[423, 426], [428, 429], [428, 430]], "missing_branches": [[423, 424]]}, "main": {"executed_lines": [], "summary": {"covered_lines": 0, "num_statements": 4, "percent_covered": 0.0, "percent_covered_display": "0.00", "missing_lines": 4, "excluded_lines": 0, "percent_statements_covered": 0.0, "percent_statements_covered_display": "0.00", "num_branches": 0, "num_partial_branches": 0, "covered_branches": 0, "missing_branches": 0, "percent_branches_covered": 100.0, "percent_branches_covered_display": "100.00"}, "missing_lines": [441, 442, 443, 446], "excluded_lines": [], "executed_branches": [], "missing_branches": []}, "": {"executed_lines": [2, 10, 11, 12, 13, 14, 16, 17, 18, 19, 21, 22, 23, 24, 27, 28, 31, 32, 33, 36, 37, 74, 82, 91, 94, 95, 97, 98, 99, 100, 103, 104, 106, 107, 108, 111, 112, 125, 126, 150, 151, 175, 176, 190, 191, 209, 210, 225, 226, 239, 240, 253, 254, 267, 268, 270, 271, 274, 275, 277, 278, 279, 280, 283, 284, 286, 287, 288, 291, 292, 343, 344, 398, 399, 416, 417, 438, 455], "summary": {"covered_lines": 71, "num_statements": 71, "percent_covered": 100.0, "percent_covered_display": "100.00", "missing_lines": 0, "excluded_lines": 2, "percent_statements_covered": 100.0, "percent_statements_covered_display": "100.00", "num_branches": 0, "num_partial_branches": 0, "covered_branches": 0, "missing_branches": 0, "percent_branches_covered": 100.0, "percent_branches_covered_display": "100.00"}, "missing_lines": [], "excluded_lines": [455, 456], "executed_branches": [], "missing_branches": []}}, "classes": {"ChatRequest": {"executed_lines": [], "summary": {"covered_lines": 0, "num_statements": 0, "percent_covered": 100.0, "percent_covered_display": "100.00", "missing_lines": 0, "excluded_lines": 0, "percent_statements_covered": 100.0, "percent_statements_covered_display": "100.00", "num_branches": 0, "num_partial_branches": 0, "covered_branches": 0, "missing_branches": 0, "percent_branches_covered": 100.0, "percent_branches_covered_display": "100.00"}, "missing_lines": [], "excluded_lines": [], "executed_branches": [], "missing_branches": []}, "ChatResponse": {"executed_lines": [], "summary": {"covered_lines": 0, "num_statements": 0, "percent_covered": 100.0, "percent_covered_display": "100.00", "missing_lines": 0, "excluded_lines": 0, "percent_statements_covered": 100.0, "percent_statements_covered_display": "100.00", "num_branches": 0, "num_partial_branches": 0, "covered_branches": 0, "missing_branches": 0, "percent_branches_covered": 100.0, "percent_branches_covered_display": "100.00"}, "missing_lines": [], "excluded_lines": [], "executed_branches": [], "missing_branches": []}, "QueryRequest": {"executed_lines": [], "summary": {"covered_lines": 0, "num_statements": 0, "percent_covered": 100.0, "percent_covered_display": "100.00", "missing_lines": 0, "excluded_lines": 0, "percent_statements_covered": 100.0, "percent_statements_covered_display": "100.00", "num_branches": 0, "num_partial_branches": 0, "covered_branches": 0, "missing_branches": 0, "percent_branches_covered": 100.0, "percent_branches_covered_display": "100.00"}, "missing_lines": [], "excluded_lines": [], "executed_branches": [], "missing_branches": []}, "QueryResult": {"executed_lines": [], "summary": {"covered_lines": 0, "num_statements": 0, "percent_covered": 100.0, "percent_covered_display": "100.00", "missing_lines": 0, "excluded_lines": 0, "percent_statements_covered": 100.0, "percent_statements_covered_display": "100.00", "num_branches": 0, "num_partial_branches": 0, "covered_branches": 0, "missing_branches": 0, "percent_branches_covered": 100.0, "percent_branches_covered_display": "100.00"}, "missing_lines": [], "excluded_lines": [], "executed_branches": [], "missing_branches": []}, "QueryResponse": {"executed_lines": [], "summary": {"covered_lines": 0, "num_statements": 0, "percent_covered": 100.0, "percent_covered_display": "100.00", "missing_lines": 0, "excluded_lines": 0, "percent_statements_covered": 100.0, "percent_statements_covered_display": "100.00", "num_branches": 0, "num_partial_branches": 0, "covered_branches": 0, "missing_branches": 0, "percent_branches_covered": 100.0, "percent_branches_covered_display": "100.00"}, "missing_lines": [], "excluded_lines": [], "executed_branches": [], "missing_branches": []}, "": {"executed_lines": [2, 10, 11, 12, 13, 14, 16, 17, 18, 19, 21, 22, 23, 24, 27, 28, 31, 32, 33, 36, 37, 74, 82, 91, 94, 95, 97, 98, 99, 100, 103, 104, 106, 107, 108, 111, 112, 114, 115, 117, 119, 120, 122, 125, 126, 128, 150, 151, 153, 154, 156, 157, 164, 170, 171, 172, 175, 176, 178, 179, 181, 182, 183, 190, 191, 193, 196, 197, 198, 209, 210, 212, 215, 216, 217, 218, 225, 226, 228, 231, 232, 233, 239, 240, 242, 245, 246, 247, 253, 254, 256, 259, 267, 268, 270, 271, 274, 275, 277, 278, 279, 280, 283, 284, 286, 287, 288, 291, 292, 305, 306, 308, 310, 312, 313, 316, 319, 320, 321, 330, 331, 333, 334, 335, 343, 344, 355, 356, 358, 360, 363, 364, 365, 366, 367, 368, 371, 386, 388, 389, 390, 398, 399, 405, 408, 409, 410, 416, 417, 423, 426, 427, 428, 429, 430, 431, 432, 438, 455], "summary": {"covered_lines": 152, "num_statements": 200, "percent_covered": 75.84745762711864, "percent_covered_display": "75.85", "missing_lines": 48, "excluded_lines": 2, "percent_statements_covered": 76.0, "percent_statements_covered_display": "76.00", "num_branches": 36, "num_partial_branches": 7, "covered_branches": 27, "missing_branches": 9, "percent_branches_covered": 75.0, "percent_branches_covered_display": "75.00"}, "missing_lines": [42, 43, 46, 47, 50, 51, 54, 56, 58, 59, 60, 62, 65, 67, 68, 70, 185, 186, 187, 194, 204, 205, 206, 213, 220, 221, 222, 229, 234, 235, 236, 243, 248, 249, 250, 257, 406, 411, 412, 413, 424, 433, 434, 435, 441, 442, 443, 446], "excluded_lines": [455, 456], "executed_branches": [[114, 115], [114, 117], [119, 120], [119, 122], [153, 154], [153, 156], [178, 179], [178, 181], [193, 196], [212, 215], [228, 231], [242, 245], [256, 259], [305, 306], [305, 308], [310, 312], [310, 316], [320, 321], [320, 330], [355, 356], [355, 358], [364, 365], [364, 371], [405, 408], [423, 426], [428, 429], [428, 430]], "missing_branches": [[67, 68], [67, 70], [193, 194], [212, 213], [228, 229], [242, 243], [256, 257], [405, 406], [423, 424]]}}}, "src/model_manager.py": {"executed_lines": [2, 7, 8, 9, 10, 11, 12, 13, 15, 18, 19, 21, 22, 23, 24, 27, 28, 29, 30, 33, 34, 37, 38, 39, 42, 44, 45, 46, 47, 48, 49, 51, 53, 56, 57, 58, 61, 64, 65, 67, 69, 70, 71, 72, 73, 77, 79, 81, 83, 84, 87, 91, 95, 96, 98, 101, 103, 105, 113, 115, 125, 126, 127, 128, 129, 130, 131, 133, 135, 136, 137, 138, 139, 140, 145, 147, 149, 151, 153, 154, 160, 168, 175, 177, 179, 181, 182, 183, 185, 186, 187, 234, 237, 238, 305, 307, 320, 322, 325, 326, 327, 330, 331, 332, 333, 334, 337, 340, 343, 345], "summary": {"covered_lines": 108, "num_statements": 174, "percent_covered": 57.69230769230769, "percent_covered_display": "57.69", "missing_lines": 66, "excluded_lines": 0, "percent_statements_covered": 62.06896551724138, "percent_statements_covered_display": "62.07", "num_branches": 60, "num_partial_branches": 11, "covered_branches": 27, "missing_branches": 33, "percent_branches_covered": 45.0, "percent_branches_covered_display": "45.00"}, "missing_lines": [75, 88, 92, 99, 141, 142, 161, 189, 191, 193, 196, 197, 198, 199, 200, 203, 210, 212, 213, 215, 216, 217, 218, 220, 221, 222, 223, 225, 226, 228, 229, 230, 231, 232, 241, 247, 248, 249, 250, 251, 253, 254, 256, 259, 275, 276, 277, 279, 282, 285, 286, 287, 288, 289, 290, 291, 292, 293, 295, 298, 299, 300, 301, 302, 303, 338], "excluded_lines": [], "executed_branches": [[57, 58], [57, 61], [64, 65], [64, 79], [71, 72], [83, -81], [83, 84], [87, 91], [91, 95], [95, 96], [98, 101], [125, 126], [136, 137], [136, 145], [137, 138], [153, 154], [153, 160], [160, 168], [181, 182], [181, 185], [185, 186], [237, 238], [325, 326], [325, 330], [330, 331], [330, 337], [337, 340]], "missing_branches": [[71, 75], [87, 88], [91, 92], [95, 98], [98, 99], [125, 133], [137, 136], [160, 161], [185, 189], [198, 199], [198, 203], [216, 217], [216, 225], [220, 216], [220, 221], [222, 216], [222, 223], [230, 231], [230, 232], [237, 241], [248, 249], [248, 253], [249, 248], [249, 250], [253, 254], [253, 256], [275, 276], [275, 279], [286, 287], [286, 298], [289, 290], [289, 295], [337, 338]], "functions": {"ModelManager.__init__": {"executed_lines": [22, 23, 24, 27, 28, 29, 30, 33, 34, 37, 38, 39, 42, 44, 45, 46, 47, 48, 49], "summary": {"covered_lines": 19, "num_statements": 19, "percent_covered": 100.0, "percent_covered_display": "100.00", "missing_lines": 0, "excluded_lines": 0, "percent_statements_covered": 100.0, "percent_statements_covered_display": "100.00", "num_branches": 0, "num_partial_branches": 0, "covered_branches": 0, "missing_branches": 0, "percent_branches_covered": 100.0, "percent_branches_covered_display": "100.00"}, "missing_lines": [], "excluded_lines": [], "executed_branches": [], "missing_branches": []}, "ModelManager._get_config_value": {"executed_lines": [53, 56, 57, 58, 61, 64, 65, 67, 69, 77, 79], "summary": {"covered_lines": 11, "num_statements": 11, "percent_covered": 100.0, "percent_covered_display": "100.00", "missing_lines": 0, "excluded_lines": 0, "percent_statements_covered": 100.0, "percent_statements_covered_display": "100.00", "num_branches": 4, "num_partial_branches": 0, "covered_branches": 4, "missing_branches": 0, "percent_branches_covered": 100.0, "percent_branches_covered_display": "100.00"}, "missing_lines": [], "excluded_lines": [], "executed_branches": [[57, 58], [57, 61], [64, 65], [64, 79]], "missing_branches": []}, "ModelManager._get_config_value.replace_var": {"executed_lines": [70, 71, 72, 73], "summary": {"covered_lines": 4, "num_statements": 5, "percent_covered": 71.42857142857143, "percent_covered_display": "71.43", "missing_lines": 1, "excluded_lines": 0, "percent_statements_covered": 80.0, "percent_statements_covered_display": "80.00", "num_branches": 2, "num_partial_branches": 1, "covered_branches": 1, "missing_branches": 1, "percent_branches_covered": 50.0, "percent_branches_covered_display": "50.00"}, "missing_lines": [75], "excluded_lines": [], "executed_branches": [[71, 72]], "missing_branches": [[71, 75]]}, "ModelManager._apply_model_preset": {"executed_lines": [83, 84, 87, 91, 95, 96, 98, 101], "summary": {"covered_lines": 8, "num_statements": 11, "percent_covered": 66.66666666666667, "percent_covered_display": "66.67", "missing_lines": 3, "excluded_lines": 0, "percent_statements_covered": 72.72727272727273, "percent_statements_covered_display": "72.73", "num_branches": 10, "num_partial_branches": 4, "covered_branches": 6, "missing_branches": 4, "percent_branches_covered": 60.0, "percent_branches_covered_display": "60.00"}, "missing_lines": [88, 92, 99], "excluded_lines": [], "executed_branches": [[83, -81], [83, 84], [87, 91], [91, 95], [95, 96], [98, 101]], "missing_branches": [[87, 88], [91, 92], [95, 98], [98, 99]]}, "ModelManager.detect_hardware_capabilities": {"executed_lines": [105, 113, 115, 125, 126, 127, 128, 129, 130, 131, 133, 135, 136, 137, 138, 139, 140, 145, 147], "summary": {"covered_lines": 19, "num_statements": 21, "percent_covered": 85.18518518518519, "percent_covered_display": "85.19", "missing_lines": 2, "excluded_lines": 0, "percent_statements_covered": 90.47619047619048, "percent_statements_covered_display": "90.48", "num_branches": 6, "num_partial_branches": 2, "covered_branches": 4, "missing_branches": 2, "percent_branches_covered": 66.66666666666667, "percent_branches_covered_display": "66.67"}, "missing_lines": [141, 142], "excluded_lines": [], "executed_branches": [[125, 126], [136, 137], [136, 145], [137, 138]], "missing_branches": [[125, 133], [137, 136]]}, "ModelManager._generate_hardware_recommendations": {"executed_lines": [151, 153, 154, 160, 168, 175], "summary": {"covered_lines": 6, "num_statements": 7, "percent_covered": 81.81818181818181, "percent_covered_display": "81.82", "missing_lines": 1, "excluded_lines": 0, "percent_statements_covered": 85.71428571428571, "percent_statements_covered_display": "85.71", "num_branches": 4, "num_partial_branches": 1, "covered_branches": 3, "missing_branches": 1, "percent_branches_covered": 75.0, "percent_branches_covered_display": "75.00"}, "missing_lines": [161], "excluded_lines": [], "executed_branches": [[153, 154], [153, 160], [160, 168]], "missing_branches": [[160, 161]]}, "ModelManager.download_model": {"executed_lines": [179, 181, 182, 183, 185, 186, 187], "summary": {"covered_lines": 7, "num_statements": 34, "percent_covered": 20.833333333333332, "percent_covered_display": "20.83", "missing_lines": 27, "excluded_lines": 0, "percent_statements_covered": 20.58823529411765, "percent_statements_covered_display": "20.59", "num_branches": 14, "num_partial_branches": 1, "covered_branches": 3, "missing_branches": 11, "percent_branches_covered": 21.428571428571427, "percent_branches_covered_display": "21.43"}, "missing_lines": [189, 191, 193, 196, 197, 198, 199, 200, 203, 210, 212, 213, 215, 216, 217, 218, 220, 221, 222, 223, 225, 226, 228, 229, 230, 231, 232], "excluded_lines": [], "executed_branches": [[181, 182], [181, 185], [185, 186]], "missing_branches": [[185, 189], [198, 199], [198, 203], [216, 217], [216, 225], [220, 216], [220, 221], [222, 216], [222, 223], [230, 231], [230, 232]]}, "ModelManager.start_llama_server": {"executed_lines": [237, 238], "summary": {"covered_lines": 2, "num_statements": 33, "percent_covered": 6.382978723404255, "percent_covered_display": "6.38", "missing_lines": 31, "excluded_lines": 0, "percent_statements_covered": 6.0606060606060606, "percent_statements_covered_display": "6.06", "num_branches": 14, "num_partial_branches": 1, "covered_branches": 1, "missing_branches": 13, "percent_branches_covered": 7.142857142857143, "percent_branches_covered_display": "7.14"}, "missing_lines": [241, 247, 248, 249, 250, 251, 253, 254, 256, 259, 275, 276, 277, 279, 282, 285, 286, 287, 288, 289, 290, 291, 292, 293, 295, 298, 299, 300, 301, 302, 303], "excluded_lines": [], "executed_branches": [[237, 238]], "missing_branches": [[237, 241], [248, 249], [248, 253], [249, 248], [249, 250], [253, 254], [253, 256], [275, 276], [275, 279], [286, 287], [286, 298], [289, 290], [289, 295]]}, "ModelManager.get_model_info": {"executed_lines": [307], "summary": {"covered_lines": 1, "num_statements": 1, "percent_covered": 100.0, "percent_covered_display": "100.00", "missing_lines": 0, "excluded_lines": 0, "percent_statements_covered": 100.0, "percent_statements_covered_display": "100.00", "num_branches": 0, "num_partial_branches": 0, "covered_branches": 0, "missing_branches": 0, "percent_branches_covered": 100.0, "percent_branches_covered_display": "100.00"}, "missing_lines": [], "excluded_lines": [], "executed_branches": [], "missing_branches": []}, "ModelManager.validate_configuration": {"executed_lines": [322, 325, 326, 327, 330, 331, 332, 333, 334, 337, 340], "summary": {"covered_lines": 11, "num_statements": 12, "percent_covered": 88.88888888888889, "percent_covered_display": "88.89", "missing_lines": 1, "excluded_lines": 0, "percent_statements_covered": 91.66666666666667, "percent_statements_covered_display": "91.67", "num_branches": 6, "num_partial_branches": 1, "covered_branches": 5, "missing_branches": 1, "percent_branches_covered": 83.33333333333333, "percent_branches_covered_display": "83.33"}, "missing_lines": [338], "excluded_lines": [], "executed_branches": [[325, 326], [325, 330], [330, 331], [330, 337], [337, 340]], "missing_branches": [[337, 338]]}, "create_model_manager": {"executed_lines": [345], "summary": {"covered_lines": 1, "num_statements": 1, "percent_covered": 100.0, "percent_covered_display": "100.00", "missing_lines": 0, "excluded_lines": 0, "percent_statements_covered": 100.0, "percent_statements_covered_display": "100.00", "num_branches": 0, "num_partial_branches": 0, "covered_branches": 0, "missing_branches": 0, "percent_branches_covered": 100.0, "percent_branches_covered_display": "100.00"}, "missing_lines": [], "excluded_lines": [], "executed_branches": [], "missing_branches": []}, "": {"executed_lines": [2, 7, 8, 9, 10, 11, 12, 13, 15, 18, 19, 21, 51, 81, 103, 149, 177, 234, 305, 320, 343], "summary": {"covered_lines": 19, "num_statements": 19, "percent_covered": 100.0, "percent_covered_display": "100.00", "missing_lines": 0, "excluded_lines": 0, "percent_statements_covered": 100.0, "percent_statements_covered_display": "100.00", "num_branches": 0, "num_partial_branches": 0, "covered_branches": 0, "missing_branches": 0, "percent_branches_covered": 100.0, "percent_branches_covered_display": "100.00"}, "missing_lines": [], "excluded_lines": [], "executed_branches": [], "missing_branches": []}}, "classes": {"ModelManager": {"executed_lines": [22, 23, 24, 27, 28, 29, 30, 33, 34, 37, 38, 39, 42, 44, 45, 46, 47, 48, 49, 53, 56, 57, 58, 61, 64, 65, 67, 69, 70, 71, 72, 73, 77, 79, 83, 84, 87, 91, 95, 96, 98, 101, 105, 113, 115, 125, 126, 127, 128, 129, 130, 131, 133, 135, 136, 137, 138, 139, 140, 145, 147, 151, 153, 154, 160, 168, 175, 179, 181, 182, 183, 185, 186, 187, 237, 238, 307, 322, 325, 326, 327, 330, 331, 332, 333, 334, 337, 340], "summary": {"covered_lines": 88, "num_statements": 154, "percent_covered": 53.73831775700935, "percent_covered_display": "53.74", "missing_lines": 66, "excluded_lines": 0, "percent_statements_covered": 57.142857142857146, "percent_statements_covered_display": "57.14", "num_branches": 60, "num_partial_branches": 11, "covered_branches": 27, "missing_branches": 33, "percent_branches_covered": 45.0, "percent_branches_covered_display": "45.00"}, "missing_lines": [75, 88, 92, 99, 141, 142, 161, 189, 191, 193, 196, 197, 198, 199, 200, 203, 210, 212, 213, 215, 216, 217, 218, 220, 221, 222, 223, 225, 226, 228, 229, 230, 231, 232, 241, 247, 248, 249, 250, 251, 253, 254, 256, 259, 275, 276, 277, 279, 282, 285, 286, 287, 288, 289, 290, 291, 292, 293, 295, 298, 299, 300, 301, 302, 303, 338], "excluded_lines": [], "executed_branches": [[57, 58], [57, 61], [64, 65], [64, 79], [71, 72], [83, -81], [83, 84], [87, 91], [91, 95], [95, 96], [98, 101], [125, 126], [136, 137], [136, 145], [137, 138], [153, 154], [153, 160], [160, 168], [181, 182], [181, 185], [185, 186], [237, 238], [325, 326], [325, 330], [330, 331], [330, 337], [337, 340]], "missing_branches": [[71, 75], [87, 88], [91, 92], [95, 98], [98, 99], [125, 133], [137, 136], [160, 161], [185, 189], [198, 199], [198, 203], [216, 217], [216, 225], [220, 216], [220, 221], [222, 216], [222, 223], [230, 231], [230, 232], [237, 241], [248, 249], [248, 253], [249, 248], [249, 250], [253, 254], [253, 256], [275, 276], [275, 279], [286, 287], [286, 298], [289, 290], [289, 295], [337, 338]]}, "": {"executed_lines": [2, 7, 8, 9, 10, 11, 12, 13, 15, 18, 19, 21, 51, 81, 103, 149, 177, 234, 305, 320, 343, 345], "summary": {"covered_lines": 20, "num_statements": 20, "percent_covered": 100.0, "percent_covered_display": "100.00", "missing_lines": 0, "excluded_lines": 0, "percent_statements_covered": 100.0, "percent_statements_covered_display": "100.00", "num_branches": 0, "num_partial_branches": 0, "covered_branches": 0, "missing_branches": 0, "percent_branches_covered": 100.0, "percent_branches_covered_display": "100.00"}, "missing_lines": [], "excluded_lines": [], "executed_branches": [], "missing_branches": []}}}}, "totals": {"covered_lines": 659, "num_statements": 857, "percent_covered": 76.20396600566572, "percent_covered_display": "76.20", "missing_lines": 198, "excluded_lines": 6, "percent_statements_covered": 76.89614935822637, "percent_statements_covered_display": "76.90", "num_branches": 202, "num_partial_branches": 30, "covered_branches": 148, "missing_branches": 54, "percent_branches_covered": 73.26732673267327, "percent_branches_covered_display": "73.27"}}
